Log file open, 11/20/18 11:17:57
LogWindows: Failed to load 'aqProf.dll' (GetLastError=126)
LogWindows: File 'aqProf.dll' does not exist
LogWindows: Failed to load 'VtuneApi.dll' (GetLastError=126)
LogWindows: File 'VtuneApi.dll' does not exist
LogWindows: Failed to load 'VtuneApi32e.dll' (GetLastError=126)
LogWindows: File 'VtuneApi32e.dll' does not exist
LogInit: Display: Running engine for game: shooter
LogPlatformFile: Not using cached read wrapper
LogInit: Display: RandInit(-1353898568) SRandInit(-1353898567).
LogInit: Read version file with build ID '3944462'
LogInit: Overriding engine version to CL 4033788, compatible CL 3944462
LogInit: Registered custom module enumerator with build ID '3944462'
LogTaskGraph: Started task graph with 5 named threads and 23 total threads with 3 sets of task threads.
LogStats: Stats thread started at 1.254455
LogD3D11RHI: Aftermath initialized
LogICUInternationalization: Display: ICU TimeZone Detection - Raw Offset: -8:00, Platform Override: ''
LogModuleManager: Display: Found up-to-date module file ../../../Engine/Plugins/2D/Paper2D/Binaries/Win64/UE4Editor-Paper2D.dll (API version 3944462).
LogModuleManager: Display: Found up-to-date module file ../../../Engine/Plugins/2D/Paper2D/Binaries/Win64/UE4Editor-Paper2DEditor.dll (API version 3944462).
LogModuleManager: Display: Found up-to-date module file ../../../Engine/Plugins/2D/Paper2D/Binaries/Win64/UE4Editor-PaperSpriteSheetImporter.dll (API version 3944462).
LogModuleManager: Display: Found up-to-date module file ../../../Engine/Plugins/2D/Paper2D/Binaries/Win64/UE4Editor-PaperTiledImporter.dll (API version 3944462).
LogModuleManager: Display: Found up-to-date module file ../../../Engine/Plugins/2D/Paper2D/Binaries/Win64/UE4Editor-SmartSnapping.dll (API version 3944462).
LogModuleManager: Display: Found up-to-date module file ../../../Engine/Plugins/Blendables/LightPropagationVolume/Binaries/Win64/UE4Editor-LightPropagationVolumeRuntime.dll (API version 3944462).
LogModuleManager: Display: Found up-to-date module file ../../../Engine/Plugins/Blendables/LightPropagationVolume/Binaries/Win64/UE4Editor-LightPropagationVolumeEditor.dll (API version 3944462).
LogModuleManager: Display: Found up-to-date module file ../../../Engine/Plugins/Developer/CLionSourceCodeAccess/Binaries/Win64/UE4Editor-CLionSourceCodeAccess.dll (API version 3944462).
LogModuleManager: Display: Found up-to-date module file ../../../Engine/Plugins/Developer/GitSourceControl/Binaries/Win64/UE4Editor-GitSourceControl.dll (API version 3944462).
LogModuleManager: Display: Found up-to-date module file ../../../Engine/Plugins/Developer/PerforceSourceControl/Binaries/Win64/UE4Editor-PerforceSourceControl.dll (API version 3944462).
LogModuleManager: Display: Found up-to-date module file ../../../Engine/Plugins/Developer/SubversionSourceControl/Binaries/Win64/UE4Editor-SubversionSourceControl.dll (API version 3944462).
LogModuleManager: Display: Found up-to-date module file ../../../Engine/Plugins/Developer/UObjectPlugin/Binaries/Win64/UE4Editor-UObjectPlugin.dll (API version 3944462).
LogModuleManager: Display: Found up-to-date module file ../../../Engine/Plugins/Developer/VisualStudioCodeSourceCodeAccess/Binaries/Win64/UE4Editor-VisualStudioCodeSourceCodeAccess.dll (API version 3944462).
LogModuleManager: Display: Found up-to-date module file ../../../Engine/Plugins/Developer/VisualStudioSourceCodeAccess/Binaries/Win64/UE4Editor-VisualStudioSourceCodeAccess.dll (API version 3944462).
LogModuleManager: Display: Found up-to-date module file ../../../Engine/Plugins/Editor/AssetManagerEditor/Binaries/Win64/UE4Editor-AssetManagerEditor.dll (API version 3944462).
LogModuleManager: Display: Found up-to-date module file ../../../Engine/Plugins/Editor/CryptoKeys/Binaries/Win64/UE4Editor-CryptoKeys.dll (API version 3944462).
LogModuleManager: Display: Found up-to-date module file ../../../Engine/Plugins/Editor/CryptoKeys/Binaries/Win64/UE4Editor-CryptoKeysOpenSSL.dll (API version 3944462).
LogModuleManager: Display: Found up-to-date module file ../../../Engine/Plugins/Editor/DataValidation/Binaries/Win64/UE4Editor-DataValidation.dll (API version 3944462).
LogModuleManager: Display: Found up-to-date module file ../../../Engine/Plugins/Editor/FacialAnimation/Binaries/Win64/UE4Editor-FacialAnimation.dll (API version 3944462).
LogModuleManager: Display: Found up-to-date module file ../../../Engine/Plugins/Editor/FacialAnimation/Binaries/Win64/UE4Editor-FacialAnimationEditor.dll (API version 3944462).
LogModuleManager: Display: Found up-to-date module file ../../../Engine/Plugins/Editor/GameplayTagsEditor/Binaries/Win64/UE4Editor-GameplayTagsEditor.dll (API version 3944462).
LogModuleManager: Display: Found up-to-date module file ../../../Engine/Plugins/Editor/MobileLauncherProfileWizard/Binaries/Win64/UE4Editor-MobileLauncherProfileWizard.dll (API version 3944462).
LogModuleManager: Display: Found up-to-date module file ../../../Engine/Plugins/Editor/PluginBrowser/Binaries/Win64/UE4Editor-PluginBrowser.dll (API version 3944462).
LogModuleManager: Display: Found up-to-date module file ../../../Engine/Plugins/Editor/SpeedTreeImporter/Binaries/Win64/UE4Editor-SpeedTreeImporter.dll (API version 3944462).
LogModuleManager: Display: Found up-to-date module file ../../../Engine/Plugins/Enterprise/DatasmithContent/Binaries/Win64/UE4Editor-DatasmithContent.dll (API version 3944462).
LogModuleManager: Display: Found up-to-date module file ../../../Engine/Plugins/Experimental/AlembicImporter/Binaries/Win64/UE4Editor-AlembicImporter.dll (API version 3944462).
LogModuleManager: Display: Found up-to-date module file ../../../Engine/Plugins/Experimental/AlembicImporter/Binaries/Win64/UE4Editor-AlembicLibrary.dll (API version 3944462).
LogModuleManager: Display: Found up-to-date module file ../../../Engine/Plugins/Experimental/CharacterAI/Binaries/Win64/UE4Editor-CharacterAI.dll (API version 3944462).
LogModuleManager: Display: Found up-to-date module file ../../../Engine/Plugins/Experimental/HTML5Networking/Binaries/Win64/UE4Editor-HTML5Networking.dll (API version 3944462).
LogModuleManager: Display: Found up-to-date module file ../../../Engine/Plugins/Media/AndroidMedia/Binaries/Win64/UE4Editor-AndroidMediaEditor.dll (API version 3944462).
LogModuleManager: Display: Found up-to-date module file ../../../Engine/Plugins/Media/AndroidMedia/Binaries/Win64/UE4Editor-AndroidMediaFactory.dll (API version 3944462).
LogModuleManager: Display: Found up-to-date module file ../../../Engine/Plugins/Media/AvfMedia/Binaries/Win64/UE4Editor-AvfMediaEditor.dll (API version 3944462).
LogModuleManager: Display: Found up-to-date module file ../../../Engine/Plugins/Media/AvfMedia/Binaries/Win64/UE4Editor-AvfMediaFactory.dll (API version 3944462).
LogModuleManager: Display: Found up-to-date module file ../../../Engine/Plugins/Media/AvfMedia/Binaries/Win64/UE4Editor-AvfMediaFactory.dll (API version 3944462).
LogModuleManager: Display: Found up-to-date module file ../../../Engine/Plugins/Media/ImgMedia/Binaries/Win64/UE4Editor-ImgMedia.dll (API version 3944462).
LogModuleManager: Display: Found up-to-date module file ../../../Engine/Plugins/Media/ImgMedia/Binaries/Win64/UE4Editor-ImgMediaEditor.dll (API version 3944462).
LogModuleManager: Display: Found up-to-date module file ../../../Engine/Plugins/Media/ImgMedia/Binaries/Win64/UE4Editor-ImgMediaFactory.dll (API version 3944462).
LogModuleManager: Display: Found up-to-date module file ../../../Engine/Plugins/Media/ImgMedia/Binaries/Win64/UE4Editor-ImgMediaFactory.dll (API version 3944462).
LogModuleManager: Display: Found up-to-date module file ../../../Engine/Plugins/Media/ImgMedia/Binaries/Win64/UE4Editor-OpenExrWrapper.dll (API version 3944462).
LogModuleManager: Display: Found up-to-date module file ../../../Engine/Plugins/Media/LinearTimecode/Binaries/Win64/UE4Editor-LinearTimecode.dll (API version 3944462).
LogModuleManager: Display: Found up-to-date module file ../../../Engine/Plugins/Media/MediaCompositing/Binaries/Win64/UE4Editor-MediaCompositing.dll (API version 3944462).
LogModuleManager: Display: Found up-to-date module file ../../../Engine/Plugins/Media/MediaCompositing/Binaries/Win64/UE4Editor-MediaCompositingEditor.dll (API version 3944462).
LogModuleManager: Display: Found up-to-date module file ../../../Engine/Plugins/Media/MediaPlayerEditor/Binaries/Win64/UE4Editor-MediaPlayerEditor.dll (API version 3944462).
LogModuleManager: Display: Found up-to-date module file ../../../Engine/Plugins/Media/WmfMedia/Binaries/Win64/UE4Editor-WmfMedia.dll (API version 3944462).
LogModuleManager: Display: Found up-to-date module file ../../../Engine/Plugins/Media/WmfMedia/Binaries/Win64/UE4Editor-WmfMediaEditor.dll (API version 3944462).
LogModuleManager: Display: Found up-to-date module file ../../../Engine/Plugins/Media/WmfMedia/Binaries/Win64/UE4Editor-WmfMediaFactory.dll (API version 3944462).
LogModuleManager: Display: Found up-to-date module file ../../../Engine/Plugins/Media/WmfMedia/Binaries/Win64/UE4Editor-WmfMediaFactory.dll (API version 3944462).
LogModuleManager: Display: Found up-to-date module file ../../../Engine/Plugins/Messaging/TcpMessaging/Binaries/Win64/UE4Editor-TcpMessaging.dll (API version 3944462).
LogModuleManager: Display: Found up-to-date module file ../../../Engine/Plugins/Messaging/UdpMessaging/Binaries/Win64/UE4Editor-UdpMessaging.dll (API version 3944462).
LogModuleManager: Display: Found up-to-date module file ../../../Engine/Plugins/MovieScene/ActorSequence/Binaries/Win64/UE4Editor-ActorSequence.dll (API version 3944462).
LogModuleManager: Display: Found up-to-date module file ../../../Engine/Plugins/MovieScene/LevelSequenceEditor/Binaries/Win64/UE4Editor-LevelSequenceEditor.dll (API version 3944462).
LogModuleManager: Display: Found up-to-date module file ../../../Engine/Plugins/MovieScene/MatineeToLevelSequence/Binaries/Win64/UE4Editor-MatineeToLevelSequence.dll (API version 3944462).
LogModuleManager: Display: Found up-to-date module file ../../../Engine/Plugins/NetcodeUnitTest/NetcodeUnitTest/Binaries/Win64/UE4Editor-NetcodeUnitTest.dll (API version 3944462).
LogModuleManager: Display: Found up-to-date module file ../../../Engine/Plugins/NetcodeUnitTest/NUTUnrealEngine4/Binaries/Win64/UE4Editor-NUTUnrealEngine4.dll (API version 3944462).
LogModuleManager: Display: Found up-to-date module file ../../../Engine/Plugins/Online/OnlineSubsystem/Binaries/Win64/UE4Editor-OnlineSubsystem.dll (API version 3944462).
LogModuleManager: Display: Found up-to-date module file ../../../Engine/Plugins/Runtime/AndroidPermission/Binaries/Win64/UE4Editor-AndroidPermission.dll (API version 3944462).
LogModuleManager: Display: Found up-to-date module file ../../../Engine/Plugins/Online/OnlineSubsystemNull/Binaries/Win64/UE4Editor-OnlineSubsystemNull.dll (API version 3944462).
LogModuleManager: Display: Found up-to-date module file ../../../Engine/Plugins/Online/OnlineSubsystemUtils/Binaries/Win64/UE4Editor-OnlineSubsystemUtils.dll (API version 3944462).
LogModuleManager: Display: Found up-to-date module file ../../../Engine/Plugins/Online/OnlineSubsystemUtils/Binaries/Win64/UE4Editor-OnlineBlueprintSupport.dll (API version 3944462).
LogModuleManager: Display: Found up-to-date module file ../../../Engine/Plugins/Runtime/AndroidDeviceProfileSelector/Binaries/Win64/UE4Editor-AndroidDeviceProfileSelector.dll (API version 3944462).
LogModuleManager: Display: Found up-to-date module file ../../../Engine/Plugins/Runtime/AppleARKit/Binaries/Win64/UE4Editor-AppleARKit.dll (API version 3944462).
LogModuleManager: Display: Found up-to-date module file ../../../Engine/Plugins/Runtime/ProceduralMeshComponent/Binaries/Win64/UE4Editor-ProceduralMeshComponent.dll (API version 3944462).
LogModuleManager: Display: Found up-to-date module file ../../../Engine/Plugins/Runtime/ProceduralMeshComponent/Binaries/Win64/UE4Editor-ProceduralMeshComponentEditor.dll (API version 3944462).
LogModuleManager: Display: Found up-to-date module file ../../../Engine/Plugins/Animation/LiveLink/Binaries/Win64/UE4Editor-LiveLink.dll (API version 3944462).
LogModuleManager: Display: Found up-to-date module file ../../../Engine/Plugins/Animation/LiveLink/Binaries/Win64/UE4Editor-LiveLinkEditor.dll (API version 3944462).
LogModuleManager: Display: Found up-to-date module file ../../../Engine/Plugins/Runtime/ArchVisCharacter/Binaries/Win64/UE4Editor-ArchVisCharacter.dll (API version 3944462).
LogModuleManager: Display: Found up-to-date module file ../../../Engine/Plugins/Runtime/AudioCapture/Binaries/Win64/UE4Editor-AudioCapture.dll (API version 3944462).
LogModuleManager: Display: Found up-to-date module file ../../../Engine/Plugins/Runtime/AudioCapture/Binaries/Win64/UE4Editor-AudioCaptureEditor.dll (API version 3944462).
LogModuleManager: Display: Found up-to-date module file ../../../Engine/Plugins/Runtime/CableComponent/Binaries/Win64/UE4Editor-CableComponent.dll (API version 3944462).
LogModuleManager: Display: Found up-to-date module file ../../../Engine/Plugins/Runtime/CustomMeshComponent/Binaries/Win64/UE4Editor-CustomMeshComponent.dll (API version 3944462).
LogModuleManager: Display: Found up-to-date module file ../../../Engine/Plugins/Runtime/ExampleDeviceProfileSelector/Binaries/Win64/UE4Editor-ExampleDeviceProfileSelector.dll (API version 3944462).
LogModuleManager: Display: Found up-to-date module file ../../../Engine/Plugins/Runtime/ImmediatePhysics/Binaries/Win64/UE4Editor-ImmediatePhysics.dll (API version 3944462).
LogModuleManager: Display: Found up-to-date module file ../../../Engine/Plugins/Runtime/ImmediatePhysics/Binaries/Win64/UE4Editor-ImmediatePhysicsEditor.dll (API version 3944462).
LogModuleManager: Display: Found up-to-date module file ../../../Engine/Plugins/Runtime/LocationServicesBPLibrary/Binaries/Win64/UE4Editor-LocationServicesBPLibrary.dll (API version 3944462).
LogModuleManager: Display: Found up-to-date module file ../../../Engine/Plugins/Runtime/MobilePatchingUtils/Binaries/Win64/UE4Editor-MobilePatchingUtils.dll (API version 3944462).
LogModuleManager: Display: Found up-to-date module file ../../../Engine/Plugins/Runtime/Oculus/OculusVR/Binaries/Win64/UE4Editor-OculusHMD.dll (API version 3944462).
LogModuleManager: Display: Found up-to-date module file ../../../Engine/Plugins/Runtime/Oculus/OculusVR/Binaries/Win64/UE4Editor-OculusInput.dll (API version 3944462).
LogModuleManager: Display: Found up-to-date module file ../../../Engine/Plugins/Runtime/Oculus/OculusVR/Binaries/Win64/UE4Editor-OculusEditor.dll (API version 3944462).
LogModuleManager: Display: Found up-to-date module file ../../../Engine/Plugins/Runtime/PhysXVehicles/Binaries/Win64/UE4Editor-PhysXVehicles.dll (API version 3944462).
LogModuleManager: Display: Found up-to-date module file ../../../Engine/Plugins/Runtime/PhysXVehicles/Binaries/Win64/UE4Editor-PhysXVehiclesEditor.dll (API version 3944462).
LogModuleManager: Display: Found up-to-date module file ../../../Engine/Plugins/Runtime/RuntimePhysXCooking/Binaries/Win64/UE4Editor-RuntimePhysXCooking.dll (API version 3944462).
LogModuleManager: Display: Found up-to-date module file ../../../Engine/Plugins/Runtime/Steam/SteamVR/Binaries/Win64/UE4Editor-SteamVR.dll (API version 3944462).
LogModuleManager: Display: Found up-to-date module file ../../../Engine/Plugins/Runtime/Steam/SteamVR/Binaries/Win64/UE4Editor-SteamVRController.dll (API version 3944462).
LogModuleManager: Display: Found up-to-date module file ../../../Engine/Plugins/Runtime/WindowsMoviePlayer/Binaries/Win64/UE4Editor-WindowsMoviePlayer.dll (API version 3944462).
LogPluginManager: Mounting plugin Paper2D
LogPluginManager: Mounting plugin LiveLink
LogPluginManager: Mounting plugin LightPropagationVolume
LogPluginManager: Mounting plugin CLionSourceCodeAccess
LogPluginManager: Mounting plugin CodeLiteSourceCodeAccess
LogPluginManager: Mounting plugin GitSourceControl
LogPluginManager: Mounting plugin KDevelopSourceCodeAccess
LogPluginManager: Mounting plugin NullSourceCodeAccess
LogPluginManager: Mounting plugin PerforceSourceControl
LogPluginManager: Mounting plugin SubversionSourceControl
LogPluginManager: Mounting plugin UObjectPlugin
LogPluginManager: Mounting plugin VisualStudioCodeSourceCodeAccess
LogPluginManager: Mounting plugin VisualStudioSourceCodeAccess
LogPluginManager: Mounting plugin XCodeSourceCodeAccess
LogPluginManager: Mounting plugin AssetManagerEditor
LogPluginManager: Mounting plugin CryptoKeys
LogPluginManager: Mounting plugin DataValidation
LogPluginManager: Mounting plugin FacialAnimation
LogPluginManager: Mounting plugin GameplayTagsEditor
LogPluginManager: Mounting plugin MobileLauncherProfileWizard
LogPluginManager: Mounting plugin PluginBrowser
LogPluginManager: Mounting plugin SpeedTreeImporter
LogPluginManager: Mounting plugin DatasmithContent
LogPluginManager: Mounting plugin AlembicImporter
LogPluginManager: Mounting plugin CharacterAI
LogPluginManager: Mounting plugin HTML5Networking
LogPluginManager: Mounting plugin AndroidMedia
LogPluginManager: Mounting plugin AvfMedia
LogPluginManager: Mounting plugin ImgMedia
LogPluginManager: Mounting plugin LinearTimecode
LogPluginManager: Mounting plugin MediaCompositing
LogPluginManager: Mounting plugin MediaPlayerEditor
LogPluginManager: Mounting plugin WmfMedia
LogPluginManager: Mounting plugin TcpMessaging
LogPluginManager: Mounting plugin UdpMessaging
LogPluginManager: Mounting plugin ActorSequence
LogPluginManager: Mounting plugin LevelSequenceEditor
LogPluginManager: Mounting plugin MatineeToLevelSequence
LogPluginManager: Mounting plugin NetcodeUnitTest
LogPluginManager: Mounting plugin NUTUnrealEngine4
LogPluginManager: Mounting plugin OnlineSubsystemGooglePlay
LogPluginManager: Mounting plugin OnlineSubsystemIOS
LogPluginManager: Mounting plugin OnlineSubsystem
LogPluginManager: Mounting plugin OnlineSubsystemNull
LogPluginManager: Mounting plugin OnlineSubsystemUtils
LogPluginManager: Mounting plugin AndroidDeviceProfileSelector
LogPluginManager: Mounting plugin AndroidMoviePlayer
LogPluginManager: Mounting plugin AndroidPermission
LogPluginManager: Mounting plugin AppleARKit
LogPluginManager: Mounting plugin AppleMoviePlayer
LogPluginManager: Mounting plugin ArchVisCharacter
LogPluginManager: Mounting plugin AudioCapture
LogPluginManager: Mounting plugin CableComponent
LogPluginManager: Mounting plugin CustomMeshComponent
LogPluginManager: Mounting plugin ExampleDeviceProfileSelector
LogPluginManager: Mounting plugin GoogleCloudMessaging
LogPluginManager: Mounting plugin ImmediatePhysics
LogPluginManager: Mounting plugin IOSDeviceProfileSelector
LogPluginManager: Mounting plugin LinuxDeviceProfileSelector
LogPluginManager: Mounting plugin LocationServicesBPLibrary
LogPluginManager: Mounting plugin MobilePatchingUtils
LogPluginManager: Mounting plugin OculusVR
LogPluginManager: Plugin shader directory ../../../Engine/Plugins/Runtime/Oculus/OculusVR/Shaders found
LogPluginManager: Mapping shader source directory ../../../Engine/Plugins/Runtime/Oculus/OculusVR/Shaders to virtual directory /Plugin/OculusVR
LogPluginManager: Mounting plugin PhysXVehicles
LogPluginManager: Mounting plugin ProceduralMeshComponent
LogPluginManager: Mounting plugin RuntimePhysXCooking
LogPluginManager: Mounting plugin SteamVR
LogPluginManager: Mounting plugin WindowsMoviePlayer
LogStreaming: Display: Took  3.505s to configure plugins.
LogInit: Using libcurl 7.47.1
LogInit:  - built for x86_64-pc-win32
LogInit:  - supports SSL with OpenSSL/1.0.2g
LogInit:  - supports HTTP deflate (compression) using libz 1.2.8
LogInit:  - other features:
LogInit:      CURL_VERSION_SSL
LogInit:      CURL_VERSION_LIBZ
LogInit:      CURL_VERSION_IPV6
LogInit:      CURL_VERSION_ASYNCHDNS
LogInit:      CURL_VERSION_LARGEFILE
LogInit:      CURL_VERSION_IDN
LogInit:  CurlRequestOptions (configurable via config and command line):
LogInit:  - bVerifyPeer = false  - Libcurl will NOT verify peer certificate
LogInit:  - bUseHttpProxy = false  - Libcurl will NOT use HTTP proxy
LogInit:  - bDontReuseConnections = false  - Libcurl will reuse connections
LogInit:  - CertBundlePath = nullptr  - Libcurl will use whatever was configured at build time.
LogInit:  - MaxHostConnections = 16  - Libcurl will limit the number of connections to a host
LogInit:  - LocalHostAddr = Default
LogInit: WinSock: version 1.1 (2.2), MaxSocks=32767, MaxUdp=65467
LogInit: WinSock: I am LAPTOP-7BOD0J11 (192.168.1.6:0)
LogInit: Build: ++UE4+Release-4.19-CL-4033788
LogInit: Engine Version: 4.19.2-4033788+++UE4+Release-4.19
LogInit: Compatible Engine Version: 4.19.0-3944462+++UE4+Release-4.19
LogInit: Net CL: 3944462
LogDevObjectVersion: Number of dev versions registered: 18
LogDevObjectVersion:   Dev-Blueprints (B0D832E4-1F89-4F0D-ACCF-7EB736FD4AA2): 10
LogDevObjectVersion:   Dev-Build (E1C64328-A22C-4D53-A36C-8E866417BD8C): 0
LogDevObjectVersion:   Dev-Core (375EC13C-06E4-48FB-B500-84F0262A717E): 2
LogDevObjectVersion:   Dev-Editor (E4B068ED-F494-42E9-A231-DA0B2E46BB41): 23
LogDevObjectVersion:   Dev-Framework (CFFC743F-43B0-4480-9391-14DF171D2073): 33
LogDevObjectVersion:   Dev-Mobile (B02B49B5-BB20-44E9-A304-32B752E40360): 2
LogDevObjectVersion:   Dev-Networking (A4E4105C-59A1-49B5-A7C5-40C4547EDFEE): 0
LogDevObjectVersion:   Dev-Online (39C831C9-5AE6-47DC-9A44-9C173E1C8E7C): 0
LogDevObjectVersion:   Dev-Physics (78F01B33-EBEA-4F98-B9B4-84EACCB95AA2): 0
LogDevObjectVersion:   Dev-Platform (6631380F-2D4D-43E0-8009-CF276956A95A): 0
LogDevObjectVersion:   Dev-Rendering (12F88B9F-8875-4AFC-A67C-D90C383ABD29): 25
LogDevObjectVersion:   Dev-Sequencer (7B5AE74C-D270-4C10-A958-57980B212A5A): 6
LogDevObjectVersion:   Dev-VR (D7296918-1DD6-4BDD-9DE2-64A83CC13884): 1
LogDevObjectVersion:   Dev-LoadTimes (C2A15278-BFE7-4AFE-6C17-90FF531DF755): 1
LogDevObjectVersion:   Private-Geometry (6EACA3D4-40EC-4CC1-B786-8BED09428FC5): 2
LogDevObjectVersion:   Dev-AnimPhys (29E575DD-E0A3-4627-9D10-D276232CDCEA): 16
LogDevObjectVersion:   Dev-ReflectionCapture (6B266CEC-1EC7-4B8F-A30B-E4D90942FC07): 1
LogDevObjectVersion:   Dev-Automation (0DF73D61-A23F-47EA-B727-89E90C41499A): 1
LogInit: Compiled (64-bit): Apr 27 2018 02:06:57
LogInit: Compiled with Visual C++: 19.00.24215.01
LogInit: Build Configuration: Development
LogInit: Branch Name: ++UE4+Release-4.19
LogInit: Command Line:  
LogInit: Base Directory: C:/Program Files/Epic Games/UE_4.19/Engine/Binaries/Win64/
LogInit: Installed Engine Build: 1
LogStreaming: Display: Took  0.002s to delete old logs.
LogInit: Presizing for max 8388607 objects, including 0 objects not considered by GC, pre-allocating 0 bytes for permanent pool.
LogInit: Object subsystem initialized
[2018.11.20-19.18.00:950][  0]LogInit: Selected Device Profile: [Windows]
[2018.11.20-19.18.00:950][  0]LogInit: Applying CVar settings loaded from the selected device profile: [Windows]
[2018.11.20-19.18.00:977][  0]LogInit: Computer: LAPTOP-7BOD0J11
[2018.11.20-19.18.00:977][  0]LogInit: User: DavidParra
[2018.11.20-19.18.00:977][  0]LogInit: CPU Page size=4096, Cores=4
[2018.11.20-19.18.00:977][  0]LogInit: High frequency timer resolution =2.835938 MHz
[2018.11.20-19.18.00:977][  0]LogMemory: Memory total: Physical=32.0GB (32GB approx)
[2018.11.20-19.18.00:977][  0]LogMemory: Platform Memory Stats for Windows
[2018.11.20-19.18.00:977][  0]LogMemory: Process Physical Memory: 275.71 MB used, 275.71 MB peak
[2018.11.20-19.18.00:977][  0]LogMemory: Process Virtual Memory: 280.83 MB used, 280.83 MB peak
[2018.11.20-19.18.00:977][  0]LogMemory: Physical Memory: 6769.61 MB used,  25964.63 MB free, 32734.24 MB total
[2018.11.20-19.18.00:977][  0]LogMemory: Virtual Memory: 714.75 MB used,  25964.63 MB free, 134217728.00 MB total
[2018.11.20-19.18.01:132][  0]LogInit: Using OS detected language (en-US).
[2018.11.20-19.18.01:132][  0]LogInit: Using OS detected locale (en-CA).
[2018.11.20-19.18.01:263][  0]LogTextLocalizationManager: No specific localization for 'en-US' exists, so the 'en' localization will be used.
[2018.11.20-19.18.02:135][  0]LogStreaming: Display: Took  1.001s to EndInitTextLocalization.
[2018.11.20-19.18.02:137][  0]LogInit: Setting process to per monitor DPI aware
[2018.11.20-19.18.02:288][  0]LogSlate: New Slate User Created.  User Index 0, Is Virtual User: 0
[2018.11.20-19.18.02:288][  0]LogSlate: Slate User Registered.  User Index 0, Is Virtual User: 0
[2018.11.20-19.18.07:471][  0]LogD3D11RHI: D3D11 adapters:
[2018.11.20-19.18.07:582][  0]LogD3D11RHI:    0. 'NVIDIA GeForce GTX 1080' (Feature Level 11_0)
[2018.11.20-19.18.07:582][  0]LogD3D11RHI:       8086/0/16367 MB DedicatedVideo/DedicatedSystem/SharedSystem, Outputs:1, VendorId:0x10de
[2018.11.20-19.18.07:587][  0]LogD3D11RHI:    1. 'Microsoft Basic Render Driver' (Feature Level 11_0)
[2018.11.20-19.18.07:587][  0]LogD3D11RHI:       0/0/16367 MB DedicatedVideo/DedicatedSystem/SharedSystem, Outputs:0, VendorId:0x1414
[2018.11.20-19.18.07:587][  0]LogD3D11RHI: Chosen D3D11 Adapter: 0
[2018.11.20-19.18.07:602][  0]LogD3D11RHI: Creating new Direct3DDevice
[2018.11.20-19.18.07:602][  0]LogD3D11RHI:     GPU DeviceId: 0x1be0 (for the marketing name, search the web for "GPU Device Id")
[2018.11.20-19.18.07:603][  0]LogWindows: EnumDisplayDevices:
[2018.11.20-19.18.07:603][  0]LogWindows:    0. 'NVIDIA GeForce GTX 1080' (P:1 D:1)
[2018.11.20-19.18.07:603][  0]LogWindows:    1. 'NVIDIA GeForce GTX 1080' (P:0 D:0)
[2018.11.20-19.18.07:603][  0]LogWindows:    2. 'NVIDIA GeForce GTX 1080' (P:0 D:0)
[2018.11.20-19.18.07:604][  0]LogWindows:    3. 'NVIDIA GeForce GTX 1080' (P:0 D:0)
[2018.11.20-19.18.07:604][  0]LogWindows: DebugString: GetVideoDriverDetailsInvalid PrimaryIsNotTheChoosenAdapter GetVideoDriverDetailsInvalid PrimaryIsNotTheChoosenAdapter GetVideoDriverDetailsInvalid PrimaryIsNotTheChoosenAdapter GetVideoDriverDetailsInvalid PrimaryIsNotTheChoosenAdapter FoundDriverCount:0 
[2018.11.20-19.18.07:604][  0]LogD3D11RHI:     Adapter Name: NVIDIA GeForce GTX 1080
[2018.11.20-19.18.07:604][  0]LogD3D11RHI:   Driver Version: Unknown (internal:Unknown, unified:Unknown)
[2018.11.20-19.18.07:604][  0]LogD3D11RHI:      Driver Date: Unknown
[2018.11.20-19.18.07:604][  0]LogRHI: Texture pool is 5660 MB (70% of 8086 MB)
[2018.11.20-19.18.07:678][  0]LogD3D11RHI: [Aftermath] Aftermath enabled and primed
[2018.11.20-19.18.07:678][  0]LogD3D11RHI: [Aftermath] Aftermath enabled and primed
[2018.11.20-19.18.07:678][  0]LogD3D11RHI: Async texture creation enabled
[2018.11.20-19.18.07:720][  0]LogD3D11RHI: GPU Timing Frequency: 1000.000000 (Debug: 2 1)
[2018.11.20-19.18.07:776][  0]LogShaderCompilers: Guid format shader working directory is -13 characters bigger than the processId version (../../../../../../Users/David Parra/Desktop/usb/computer/shooter/Intermediate/Shaders/WorkingDirectory/17988/).
[2018.11.20-19.18.07:777][  0]LogShaderCompilers: Cleaned the shader compiler working directory 'C:/Users/David Parra/AppData/Local/Temp/UnrealShaderWorkingDir/89D5FA354254031CFBAAA0B5261EF711/'.
[2018.11.20-19.18.08:329][  0]LogTemp: Display: Loaded TP AllDesktopTargetPlatform
[2018.11.20-19.18.08:367][  0]LogTemp: Display: Loaded TP MacClientTargetPlatform
[2018.11.20-19.18.08:403][  0]LogTemp: Display: Loaded TP MacNoEditorTargetPlatform
[2018.11.20-19.18.08:438][  0]LogTemp: Display: Loaded TP MacServerTargetPlatform
[2018.11.20-19.18.08:482][  0]LogTemp: Display: Loaded TP MacTargetPlatform
[2018.11.20-19.18.08:520][  0]LogTemp: Display: Loaded TP WindowsClientTargetPlatform
[2018.11.20-19.18.08:557][  0]LogTemp: Display: Loaded TP WindowsNoEditorTargetPlatform
[2018.11.20-19.18.08:595][  0]LogTemp: Display: Loaded TP WindowsServerTargetPlatform
[2018.11.20-19.18.08:614][  0]LogTemp: Display: Loaded TP WindowsTargetPlatform
[2018.11.20-19.18.08:645][  0]LogTemp: Display: Loaded TP Android_ASTCTargetPlatform
[2018.11.20-19.18.08:681][  0]LogTemp: Display: Loaded TP Android_ATCTargetPlatform
[2018.11.20-19.18.08:717][  0]LogTemp: Display: Loaded TP Android_DXTTargetPlatform
[2018.11.20-19.18.08:750][  0]LogTemp: Display: Loaded TP Android_ETC1aTargetPlatform
[2018.11.20-19.18.08:782][  0]LogTemp: Display: Loaded TP Android_ETC1TargetPlatform
[2018.11.20-19.18.08:813][  0]LogTemp: Display: Loaded TP Android_ETC2TargetPlatform
[2018.11.20-19.18.08:868][  0]LogTemp: Display: Loaded TP Android_MultiTargetPlatform
[2018.11.20-19.18.08:868][  0]LogTemp: Display: Loaded TP Android_PVRTCTargetPlatform
[2018.11.20-19.18.08:891][  0]LogTemp: Display: Loaded TP AndroidTargetPlatform
[2018.11.20-19.18.08:893][  0]LogTemp: Display: Loaded TP HTML5TargetPlatform
[2018.11.20-19.18.08:940][  0]LogTemp: Display: Loaded TP IOSTargetPlatform
[2018.11.20-19.18.08:969][  0]LogTemp: Display: Loaded TP TVOSTargetPlatform
[2018.11.20-19.18.08:989][  0]LogTemp: Display: Loaded TP LinuxClientTargetPlatform
[2018.11.20-19.18.09:008][  0]LogTemp: Display: Loaded TP LinuxNoEditorTargetPlatform
[2018.11.20-19.18.09:028][  0]LogTemp: Display: Loaded TP LinuxServerTargetPlatform
[2018.11.20-19.18.09:054][  0]LogTemp: Display: Loaded TP LinuxTargetPlatform
[2018.11.20-19.18.09:054][  0]LogTargetPlatformManager: Display: Building Assets For Windows
[2018.11.20-19.18.09:524][  0]LogXGEController: Cleaning working directory: C:/Users/David Parra/AppData/Local/Temp/UnrealXGEWorkingDir/
[2018.11.20-19.18.09:524][  0]LogXGEController: Cannot use XGE Controller as Incredibuild is not installed on this machine.
[2018.11.20-19.18.09:525][  0]LogShaderCompilers: Cannot use XGE Shader Compiler as Incredibuild is not installed on this machine.
[2018.11.20-19.18.09:525][  0]LogShaderCompilers: Display: Using Local Shader Compiler.
[2018.11.20-19.18.13:497][  0]LogDerivedDataCache: Display: Max Cache Size: 512 MB
[2018.11.20-19.18.13:846][  0]LogDerivedDataCache: Loaded boot cache 0.35s 74MB C:/Users/David Parra/AppData/Local/UnrealEngine/4.19/DerivedDataCache/Boot.ddc.
[2018.11.20-19.18.13:847][  0]LogDerivedDataCache: Display: Loaded Boot cache: C:/Users/David Parra/AppData/Local/UnrealEngine/4.19/DerivedDataCache/Boot.ddc
[2018.11.20-19.18.13:847][  0]LogDerivedDataCache: FDerivedDataBackendGraph:  Pak pak cache file ../../../../../../Users/David Parra/Desktop/usb/computer/shooter/DerivedDataCache/DDC.ddp not found, will not use a pak cache.
[2018.11.20-19.18.13:847][  0]LogDerivedDataCache: Unable to find inner node Pak for hierarchical cache Hierarchy.
[2018.11.20-19.18.13:847][  0]LogDerivedDataCache: FDerivedDataBackendGraph:  CompressedPak pak cache file ../../../../../../Users/David Parra/Desktop/usb/computer/shooter/DerivedDataCache/Compressed.ddp not found, will not use a pak cache.
[2018.11.20-19.18.13:847][  0]LogDerivedDataCache: Unable to find inner node CompressedPak for hierarchical cache Hierarchy.
[2018.11.20-19.18.13:905][  0]LogDerivedDataCache: Display: Pak cache opened for reading ../../../Engine/DerivedDataCache/Compressed.ddp.
[2018.11.20-19.18.13:920][  0]LogDerivedDataCache: Using Local data cache path C:/Users/David Parra/AppData/Local/UnrealEngine/Common/DerivedDataCache: Writable
[2018.11.20-19.18.13:920][  0]LogDerivedDataCache: Shared data cache path not found in *engine.ini, will not use an Shared cache.
[2018.11.20-19.18.13:920][  0]LogDerivedDataCache: Unable to find inner node Shared for hierarchical cache Hierarchy.
[2018.11.20-19.18.13:952][  0]LogMaterial: Verifying Global Shaders for PCD3D_SM5
[2018.11.20-19.18.13:959][  0]LogSlate: Using Freetype 2.6.0
[2018.11.20-19.18.13:999][  0]LogSlate: SlateFontCache - WITH_FREETYPE: 1, WITH_HARFBUZZ: 1
[2018.11.20-19.18.13:999][  0]LogSlate: SlateFontCache - WITH_FREETYPE: 1, WITH_HARFBUZZ: 1
[2018.11.20-19.18.15:047][  0]LogAssetRegistry: FAssetRegistry took 0.0392 seconds to start up
[2018.11.20-19.18.15:991][  0]LogInit: Selected Device Profile: [Windows]
[2018.11.20-19.18.16:571][  0]LogSimplygon: Simplygon DLL not present - disabling.
[2018.11.20-19.18.16:585][  0]LogMeshReduction: Using SimplygonSwarm for distributed automatic mesh merging
[2018.11.20-19.18.16:585][  0]LogMeshReduction: Using QuadricMeshReduction for automatic static mesh reduction
[2018.11.20-19.18.16:585][  0]LogMeshReduction: No automatic skeletal mesh reduction module available
[2018.11.20-19.18.16:585][  0]LogMeshReduction: No automatic mesh merging module available
[2018.11.20-19.18.16:586][  0]LogMeshMerging: No automatic mesh merging module available
[2018.11.20-19.18.16:753][  0]LogNetVersion: shooter , NetCL: 3944462, EngineNetVer: 2, GameNetVer: 0 (Checksum: 979305562)
[2018.11.20-19.18.19:330][  0]LogPackageLocalizationCache: Processed 9 localized package path(s) for 2 prioritized culture(s) in 0.269573 seconds
[2018.11.20-19.18.19:343][  0]LogUObjectArray: 36728 objects as part of root set at end of initial load.
[2018.11.20-19.18.19:343][  0]LogUObjectAllocator: 7314312 out of 0 bytes used by permanent object pool.
[2018.11.20-19.18.19:343][  0]LogUObjectArray: CloseDisregardForGC: 0/0 objects in disregard for GC pool
[2018.11.20-19.18.29:145][  0]LogTcpMessaging: Initializing TcpMessaging bridge
[2018.11.20-19.18.29:204][  0]LogUdpMessaging: Initializing bridge on interface 0.0.0.0:0 to multicast group 230.0.0.1:6666.
[2018.11.20-19.18.30:290][  0]SourceControl: Source control is disabled
[2018.11.20-19.18.30:290][  0]SourceControl: Source control is disabled
[2018.11.20-19.18.30:371][  0]SourceControl: Source control is disabled
[2018.11.20-19.18.30:443][  0]SourceControl: Source control is disabled
[2018.11.20-19.18.31:702][  0]LogAndroidPermission: UAndroidPermissionCallbackProxy::GetInstance
[2018.11.20-19.18.32:147][  0]LogOcInput: OculusInput pre-init called
[2018.11.20-19.18.32:545][  0]LogEngine: Initializing Engine...
[2018.11.20-19.18.32:550][  0]LogHMD: Failed to initialize OpenVR with code 110
[2018.11.20-19.18.32:555][  0]LogStats: UGameplayTagsManager::ConstructGameplayTagTree: Construct from data asset -  0.000 s
[2018.11.20-19.18.32:555][  0]LogStats: UGameplayTagsManager::ConstructGameplayTagTree: GameplayTagTreeChangedEvent.Broadcast -  0.000 s
[2018.11.20-19.18.33:393][  0]LogAIModule: Creating AISystem for world Untitled
[2018.11.20-19.18.33:412][  0]LogInit: XAudio2 using 'Speakers (Realtek High Definition Audio)' : 2 channels at 48 kHz using 32 bits per sample (channel mask 0x3)
[2018.11.20-19.18.33:499][  0]LogInit: FAudioDevice initialized.
[2018.11.20-19.18.33:595][  0]LogDerivedDataCache: Saved boot cache 0.10s 74MB C:/Users/David Parra/AppData/Local/UnrealEngine/4.19/DerivedDataCache/Boot.ddc.
[2018.11.20-19.18.33:613][  0]LogInit: Texture streaming: Enabled
[2018.11.20-19.18.33:654][  0]LogEngineSessionManager: EngineSessionManager initialized
[2018.11.20-19.18.33:684][  0]LogInit: Transaction tracking system initialized
[2018.11.20-19.18.33:759][  0]BlueprintLog: New page: Editor Load
[2018.11.20-19.18.34:084][  0]LocalizationService: Localization service is disabled
[2018.11.20-19.18.34:449][  0]LogConsoleResponse: Display: 
[2018.11.20-19.18.35:442][  0]LogCook: Display: Max memory allowance for cook 16384mb min free memory 0mb
[2018.11.20-19.18.35:443][  0]LogCook: Display: Mobile HDR setting 1
[2018.11.20-19.18.35:443][  0]LogGameplayTags: Display: UGameplayTagsManager::DoneAddingNativeTags. DelegateIsBound: 0
[2018.11.20-19.18.35:443][  0]LogStats: UGameplayTagsManager::ConstructGameplayTagTree: Construct from data asset -  0.000 s
[2018.11.20-19.18.35:443][  0]LogStats: UGameplayTagsManager::ConstructGameplayTagTree: GameplayTagTreeChangedEvent.Broadcast -  0.000 s
[2018.11.20-19.18.35:543][  0]LogFileCache: Scanning file cache for directory 'C:/Users/David Parra/Desktop/usb/computer/shooter/Content/' took 0.04s
[2018.11.20-19.18.36:507][  0]SourceControl: Source control is disabled
[2018.11.20-19.18.36:509][  0]Cmd: MAP LOAD FILE="../../../Engine/Content/Maps/Templates/Template_Default.umap" TEMPLATE=1 SHOWPROGRESS=1 FEATURELEVEL=3
[2018.11.20-19.18.36:526][  0]LightingResults: New page: Lighting Build
[2018.11.20-19.18.36:541][  0]MapCheck: New page: Map Check
[2018.11.20-19.18.36:541][  0]LightingResults: New page: Lighting Build
[2018.11.20-19.18.37:188][  0]LogAIModule: Creating AISystem for world Untitled_1
[2018.11.20-19.18.37:231][  0]LogEditorServer: Finished looking for orphan Actors (0.000 secs)
[2018.11.20-19.18.37:268][  0]Cmd: MAP CHECKDEP NOCLEARLOG
[2018.11.20-19.18.37:410][  0]MapCheck: Map check complete: 0 Error(s), 0 Warning(s), took 142.069ms to complete.
[2018.11.20-19.18.37:410][  0]LogFileHelpers: Loading map 'Template_Default' took 0.902
[2018.11.20-19.18.37:826][  0]LogCollectionManager: Loaded 0 collections in 0.007538 seconds
[2018.11.20-19.18.37:908][  0]LogFileCache: Scanning file cache for directory 'C:/Users/David Parra/Desktop/usb/computer/shooter/Saved/Collections/' took 0.01s
[2018.11.20-19.18.37:908][  0]LogFileCache: Scanning file cache for directory 'C:/Users/David Parra/Desktop/usb/computer/shooter/Content/Developers/DavidParra/Collections/' took 0.01s
[2018.11.20-19.18.37:908][  0]LogFileCache: Scanning file cache for directory 'C:/Users/David Parra/Desktop/usb/computer/shooter/Content/Collections/' took 0.01s
[2018.11.20-19.18.37:908][  0]LogCollectionManager: Rebuilt the GUID cache for 0 collections in 0.000001 seconds
[2018.11.20-19.18.37:933][  0]LogContentBrowser: Native class hierarchy populated in 0.0224 seconds. Added 2452 classes and 558 folders.
[2018.11.20-19.18.37:961][  0]LogContentBrowser: Native class hierarchy updated for 'WidgetCarousel' in 0.0005 seconds. Added 0 classes and 0 folders.
[2018.11.20-19.18.38:848][  0]LogContentBrowser: Native class hierarchy updated for 'AddContentDialog' in 0.0004 seconds. Added 0 classes and 0 folders.
[2018.11.20-19.18.38:870][  0]LogContentBrowser: Native class hierarchy updated for 'SceneOutliner' in 0.0005 seconds. Added 1 classes and 2 folders.
[2018.11.20-19.18.39:172][  0]LogSlate: Took 0.014492 seconds to synchronously load lazily loaded font '../../../Engine/Content/Slate/Fonts/Roboto-Regular.ttf' (155K)
[2018.11.20-19.18.39:186][  0]LogSlate: Took 0.010316 seconds to synchronously load lazily loaded font '../../../Engine/Content/Slate/Fonts/Roboto-Bold.ttf' (160K)
[2018.11.20-19.18.39:215][  0]LogSlate: Took 0.012562 seconds to synchronously load lazily loaded font '../../../Engine/Content/Editor/Slate/Fonts/FontAwesome.ttf' (139K)
[2018.11.20-19.18.39:562][  0]LogRenderer: Reallocating scene render targets to support 1384x548 Format 10 NumSamples 1 (Frame:1).
[2018.11.20-19.18.39:684][  0]LogContentBrowser: Native class hierarchy updated for 'HierarchicalLODOutliner' in 0.0002 seconds. Added 0 classes and 0 folders.
[2018.11.20-19.18.39:684][  0]LogLoad: (Engine Initialization) Total time: 50.78 seconds
[2018.11.20-19.18.39:684][  0]LogLoad: (Engine Initialization) Total Blueprint compile time: 0.00 seconds
[2018.11.20-19.18.39:739][  0]LogContentStreaming: Texture pool size now 1000 MB
[2018.11.20-19.18.39:870][  1]LogFileCache: Retrieving MD5 hashes for directory 'C:/Users/David Parra/Desktop/usb/computer/shooter/Content/' took 0.16s
[2018.11.20-19.18.39:912][  2]LogAssetRegistry: Asset discovery search completed in 24.8894 seconds
[2018.11.20-19.18.39:914][  2]LogCollectionManager: Rebuilt the object cache for 0 collections in 0.000000 seconds (found 0 objects)
[2018.11.20-19.18.39:914][  2]LogCollectionManager: Fixed up redirectors for 0 collections in 0.000051 seconds (updated 0 objects)
[2018.11.20-19.18.45:080][157]LogSlate: FSceneViewport::OnFocusLost() reason 0
[2018.11.20-19.18.48:728][264]LogSlate: Took 0.010532 seconds to synchronously load lazily loaded font '../../../Engine/Content/Slate/Fonts/Roboto-Light.ttf' (167K)
[2018.11.20-19.18.48:784][264]LogUObjectGlobals: Created PersistentFrame Addr=0x000001df6dad1630, Size=48, Default__FPSCharacter_C Function /Game/BluePrints/FPSCharacter.FPSCharacter_C:ExecuteUbergraph_FPSCharacter
[2018.11.20-19.18.48:796][264]LogUObjectGlobals: Created PersistentFrame Addr=0x000001df5278b040, Size=448, Default__Bullet_C Function /Game/BluePrints/Bullet.Bullet_C:ExecuteUbergraph_Bullet
[2018.11.20-19.18.48:951][264]LogUObjectGlobals: Created PersistentFrame Addr=0x000001df336fe840, Size=160, Default__Weapon_C Function /Game/BluePrints/Weapon.Weapon_C:ExecuteUbergraph_Weapon
[2018.11.20-19.18.48:981][264]LogUObjectGlobals: Created PersistentFrame Addr=0x000001df52769600, Size=56, Default__ArmsAniBP_C Function /Game/BluePrints/ArmsAniBP.ArmsAniBP_C:ExecuteUbergraph_ArmsAniBP
[2018.11.20-19.18.49:319][264]LogUObjectGlobals: Created PersistentFrame Addr=0x000001df52330ce8, Size=4, Default__XM8_Skeleton_AnimBlueprint_C Function /Game/WeaponPack/Weapons/XM8/XM8_Skeleton_AnimBlueprint.XM8_Skeleton_AnimBlueprint_C:ExecuteUbergraph_XM8_Skeleton_AnimBlueprint
[2018.11.20-19.18.49:551][264]LogUObjectGlobals: Created PersistentFrame Addr=0x000001df52330e10, Size=4, Default__MP7A1_Skeleton_AnimBlueprint_C Function /Game/WeaponPack/Weapons/MP7A1/MP7A1_Skeleton_AnimBlueprint.MP7A1_Skeleton_AnimBlueprint_C:ExecuteUbergraph_MP7A1_Skeleton_AnimBlueprint
[2018.11.20-19.18.49:715][264]LogUObjectGlobals: Created PersistentFrame Addr=0x000001df6d729e80, Size=120, Default__Crosshair_C Function /Game/BluePrints/Crosshair.Crosshair_C:ExecuteUbergraph_Crosshair
[2018.11.20-19.18.50:040][264]LogUObjectGlobals: Created PersistentFrame Addr=0x000001df6db68160, Size=96, Default__RedPortal_C Function /Game/BluePrints/RedPortal.RedPortal_C:ExecuteUbergraph_RedPortal
[2018.11.20-19.18.50:043][264]LogUObjectGlobals: Created PersistentFrame Addr=0x000001df6db68ee0, Size=96, Default__BluePortal_C Function /Game/BluePrints/BluePortal.BluePortal_C:ExecuteUbergraph_BluePortal
[2018.11.20-19.18.50:175][264]LogUObjectGlobals: Created PersistentFrame Addr=0x000001df6db69780, Size=96, Default__BlueHors_C Function /Game/BluePrints/BlueHors.BlueHors_C:ExecuteUbergraph_BlueHors
[2018.11.20-19.18.50:230][264]LogUObjectGlobals: Created PersistentFrame Addr=0x000001df3719e200, Size=608, Default__Blure_Projectile_C Function /Game/BluePrints/Blure_Projectile.Blure_Projectile_C:ExecuteUbergraph_Blure_Projectile
[2018.11.20-19.18.50:255][264]LogUObjectGlobals: Created PersistentFrame Addr=0x000001df37167a00, Size=96, Default__RedHors_C Function /Game/BluePrints/RedHors.RedHors_C:ExecuteUbergraph_RedHors
[2018.11.20-19.18.50:297][264]LogUObjectGlobals: Created PersistentFrame Addr=0x000001df3719c680, Size=608, Default__Red_Projectile_C Function /Game/BluePrints/Red_Projectile.Red_Projectile_C:ExecuteUbergraph_Red_Projectile
[2018.11.20-19.18.50:361][264]LogUObjectGlobals: Destroyed PersistentFrame Addr=0x000001df52769600, Size=56
[2018.11.20-19.18.50:361][264]LogUObjectGlobals: Created PersistentFrame Addr=0x000001df6d331bb0, Size=56, Default__ArmsAniBP_C Function /Engine/Transient.REINST_ArmsAniBP_C_0:ExecuteUbergraph_ArmsAniBP
[2018.11.20-19.18.50:363][264]LogUObjectGlobals: Destroyed PersistentFrame Addr=0x000001df6db69780, Size=96
[2018.11.20-19.18.50:363][264]LogUObjectGlobals: Created PersistentFrame Addr=0x000001df37165de0, Size=96, Default__BlueHors_C Function /Engine/Transient.REINST_BlueHors_C_5:ExecuteUbergraph_BlueHors
[2018.11.20-19.18.50:364][264]LogUObjectGlobals: Destroyed PersistentFrame Addr=0x000001df6db68ee0, Size=96
[2018.11.20-19.18.50:364][264]LogUObjectGlobals: Created PersistentFrame Addr=0x000001df37165cc0, Size=96, Default__BluePortal_C Function /Engine/Transient.REINST_BluePortal_C_6:ExecuteUbergraph_BluePortal
[2018.11.20-19.18.50:365][264]LogUObjectGlobals: Destroyed PersistentFrame Addr=0x000001df3719e200, Size=608
[2018.11.20-19.18.50:365][264]LogUObjectGlobals: Created PersistentFrame Addr=0x000001df370e5a80, Size=608, Default__Blure_Projectile_C Function /Engine/Transient.REINST_Blure_Projectile_C_7:ExecuteUbergraph_Blure_Projectile
[2018.11.20-19.18.50:366][264]LogUObjectGlobals: Destroyed PersistentFrame Addr=0x000001df5278b040, Size=448
[2018.11.20-19.18.50:366][264]LogUObjectGlobals: Created PersistentFrame Addr=0x000001df37130100, Size=448, Default__Bullet_C Function /Engine/Transient.REINST_Bullet_C_8:ExecuteUbergraph_Bullet
[2018.11.20-19.18.50:366][264]LogUObjectGlobals: Destroyed PersistentFrame Addr=0x000001df52330e10, Size=4
[2018.11.20-19.18.50:366][264]LogUObjectGlobals: Created PersistentFrame Addr=0x000001df37043b18, Size=4, Default__MP7A1_Skeleton_AnimBlueprint_C Function /Engine/Transient.REINST_MP7A1_Skeleton_AnimBlueprint_C_1:ExecuteUbergraph_MP7A1_Skeleton_AnimBlueprint
[2018.11.20-19.18.50:367][264]LogUObjectGlobals: Destroyed PersistentFrame Addr=0x000001df3719c680, Size=608
[2018.11.20-19.18.50:367][264]LogUObjectGlobals: Created PersistentFrame Addr=0x000001df370e5580, Size=608, Default__Red_Projectile_C Function /Engine/Transient.REINST_Red_Projectile_C_9:ExecuteUbergraph_Red_Projectile
[2018.11.20-19.18.50:368][264]LogUObjectGlobals: Destroyed PersistentFrame Addr=0x000001df37167a00, Size=96
[2018.11.20-19.18.50:368][264]LogUObjectGlobals: Created PersistentFrame Addr=0x000001df37167a00, Size=96, Default__RedHors_C Function /Engine/Transient.REINST_RedHors_C_10:ExecuteUbergraph_RedHors
[2018.11.20-19.18.50:368][264]LogUObjectGlobals: Destroyed PersistentFrame Addr=0x000001df6db68160, Size=96
[2018.11.20-19.18.50:368][264]LogUObjectGlobals: Created PersistentFrame Addr=0x000001df37165d20, Size=96, Default__RedPortal_C Function /Engine/Transient.REINST_RedPortal_C_11:ExecuteUbergraph_RedPortal
[2018.11.20-19.18.50:370][264]LogUObjectGlobals: Destroyed PersistentFrame Addr=0x000001df336fe840, Size=160
[2018.11.20-19.18.50:370][264]LogUObjectGlobals: Created PersistentFrame Addr=0x000001df36fd98a0, Size=160, Default__Weapon_C Function /Engine/Transient.REINST_Weapon_C_12:ExecuteUbergraph_Weapon
[2018.11.20-19.18.50:370][264]LogUObjectGlobals: Destroyed PersistentFrame Addr=0x000001df52330ce8, Size=4
[2018.11.20-19.18.50:370][264]LogUObjectGlobals: Created PersistentFrame Addr=0x000001df37043af0, Size=4, Default__XM8_Skeleton_AnimBlueprint_C Function /Engine/Transient.REINST_XM8_Skeleton_AnimBlueprint_C_2:ExecuteUbergraph_XM8_Skeleton_AnimBlueprint
[2018.11.20-19.18.50:371][264]LogUObjectGlobals: Destroyed PersistentFrame Addr=0x000001df6d729e80, Size=120
[2018.11.20-19.18.50:371][264]LogUObjectGlobals: Created PersistentFrame Addr=0x000001df37096d00, Size=120, Default__Crosshair_C Function /Engine/Transient.REINST_Crosshair_C_0:ExecuteUbergraph_Crosshair
[2018.11.20-19.18.50:372][264]LogUObjectGlobals: Destroyed PersistentFrame Addr=0x000001df6dad1630, Size=48
[2018.11.20-19.18.50:372][264]LogUObjectGlobals: Created PersistentFrame Addr=0x000001df52d47ca0, Size=48, Default__FPSCharacter_C Function /Engine/Transient.REINST_FPSCharacter_C_13:ExecuteUbergraph_FPSCharacter
[2018.11.20-19.18.50:454][264]LogUObjectGlobals: Created PersistentFrame Addr=0x000001df37c775b8, Size=56, Default__ArmsAniBP_C Function /Game/BluePrints/ArmsAniBP.ArmsAniBP_C:ExecuteUbergraph_ArmsAniBP
[2018.11.20-19.18.50:456][264]LogUObjectGlobals: Created PersistentFrame Addr=0x000001df37cbd840, Size=96, Default__BlueHors_C Function /Game/BluePrints/BlueHors.BlueHors_C:ExecuteUbergraph_BlueHors
[2018.11.20-19.18.50:457][264]LogUObjectGlobals: Created PersistentFrame Addr=0x000001df37cbd360, Size=96, Default__BluePortal_C Function /Game/BluePrints/BluePortal.BluePortal_C:ExecuteUbergraph_BluePortal
[2018.11.20-19.18.50:460][264]LogUObjectGlobals: Created PersistentFrame Addr=0x000001df37c5da80, Size=608, Default__Blure_Projectile_C Function /Game/BluePrints/Blure_Projectile.Blure_Projectile_C:ExecuteUbergraph_Blure_Projectile
[2018.11.20-19.18.50:464][264]LogUObjectGlobals: Created PersistentFrame Addr=0x000001df37c2dec0, Size=448, Default__Bullet_C Function /Game/BluePrints/Bullet.Bullet_C:ExecuteUbergraph_Bullet
[2018.11.20-19.18.50:465][264]LogUObjectGlobals: Created PersistentFrame Addr=0x000001df37042a28, Size=4, Default__MP7A1_Skeleton_AnimBlueprint_C Function /Game/WeaponPack/Weapons/MP7A1/MP7A1_Skeleton_AnimBlueprint.MP7A1_Skeleton_AnimBlueprint_C:ExecuteUbergraph_MP7A1_Skeleton_AnimBlueprint
[2018.11.20-19.18.50:467][264]LogUObjectGlobals: Created PersistentFrame Addr=0x000001df37c5c680, Size=608, Default__Red_Projectile_C Function /Game/BluePrints/Red_Projectile.Red_Projectile_C:ExecuteUbergraph_Red_Projectile
[2018.11.20-19.18.50:469][264]LogUObjectGlobals: Created PersistentFrame Addr=0x000001df37bd2d40, Size=96, Default__RedHors_C Function /Game/BluePrints/RedHors.RedHors_C:ExecuteUbergraph_RedHors
[2018.11.20-19.18.50:471][264]LogUObjectGlobals: Created PersistentFrame Addr=0x000001df37bd2860, Size=96, Default__RedPortal_C Function /Game/BluePrints/RedPortal.RedPortal_C:ExecuteUbergraph_RedPortal
[2018.11.20-19.18.50:477][264]LogUObjectGlobals: Created PersistentFrame Addr=0x000001df37b79800, Size=160, Default__Weapon_C Function /Game/BluePrints/Weapon.Weapon_C:ExecuteUbergraph_Weapon
[2018.11.20-19.18.50:478][264]LogUObjectGlobals: Created PersistentFrame Addr=0x000001df37042808, Size=4, Default__XM8_Skeleton_AnimBlueprint_C Function /Game/WeaponPack/Weapons/XM8/XM8_Skeleton_AnimBlueprint.XM8_Skeleton_AnimBlueprint_C:ExecuteUbergraph_XM8_Skeleton_AnimBlueprint
[2018.11.20-19.18.50:480][264]LogUObjectGlobals: Created PersistentFrame Addr=0x000001df37bcdd00, Size=120, Default__Crosshair_C Function /Game/BluePrints/Crosshair.Crosshair_C:ExecuteUbergraph_Crosshair
[2018.11.20-19.18.50:485][264]LogUObjectGlobals: Created PersistentFrame Addr=0x000001df37b31150, Size=48, Default__FPSCharacter_C Function /Game/BluePrints/FPSCharacter.FPSCharacter_C:ExecuteUbergraph_FPSCharacter
[2018.11.20-19.18.50:543][264]LogUObjectGlobals: Created PersistentFrame Addr=0x000001df37b9d300, Size=632, Default__FPSPlayerController_C Function /Game/BluePrints/FPSPlayerController.FPSPlayerController_C:ExecuteUbergraph_FPSPlayerController
[2018.11.20-19.18.50:557][264]LogUObjectGlobals: Destroyed PersistentFrame Addr=0x000001df37b9d300, Size=632
[2018.11.20-19.18.50:557][264]LogUObjectGlobals: Created PersistentFrame Addr=0x000001df37b9d300, Size=632, Default__FPSPlayerController_C Function /Engine/Transient.REINST_FPSPlayerController_C_27:ExecuteUbergraph_FPSPlayerController
[2018.11.20-19.18.50:573][264]LogUObjectGlobals: Created PersistentFrame Addr=0x000001df37cb0400, Size=632, Default__FPSPlayerController_C Function /Game/BluePrints/FPSPlayerController.FPSPlayerController_C:ExecuteUbergraph_FPSPlayerController
[2018.11.20-19.18.50:590][264]LogUObjectGlobals: Created PersistentFrame Addr=0x000001df37bbb080, Size=64, Default__target_C Function /Game/BluePrints/target.target_C:ExecuteUbergraph_target
[2018.11.20-19.18.50:594][264]LogUObjectGlobals: Destroyed PersistentFrame Addr=0x000001df37bbb080, Size=64
[2018.11.20-19.18.50:594][264]LogUObjectGlobals: Created PersistentFrame Addr=0x000001df527ed300, Size=64, Default__target_C Function /Engine/Transient.REINST_target_C_31:ExecuteUbergraph_target
[2018.11.20-19.18.50:597][264]LogUObjectGlobals: Created PersistentFrame Addr=0x000001df527ec300, Size=64, Default__target_C Function /Game/BluePrints/target.target_C:ExecuteUbergraph_target
[2018.11.20-19.18.51:009][264]LogSkeletalMesh: Skeletal Mesh found in DDC [10.298885ms] /Game/Portal/Portal_Gun.Portal_Gun
[2018.11.20-19.18.51:089][264]LogSkeletalMesh: Skeletal Mesh found in DDC [20.259611ms] /Game/WeaponPack/Weapons/MP7A1/SK_MP7A1.SK_MP7A1
[2018.11.20-19.18.51:340][264]LogSkeletalMesh: Skeletal Mesh found in DDC [21.226486ms] /Game/WeaponPack/Weapons/Beretta/SK_Berretta_M9.SK_Berretta_M9
[2018.11.20-19.18.51:386][264]LogSkeletalMesh: Skeletal Mesh found in DDC [13.877595ms] /Game/WeaponPack/Weapons/XM8/SK_XM8.SK_XM8
[2018.11.20-19.18.51:401][264]LogSkeletalMesh: Skeletal Mesh found in DDC [14.734455ms] /Game/WeaponPack/Arms/SK_FPSArms.SK_FPSArms
[2018.11.20-19.18.51:495][264]LogAIModule: Creating AISystem for world Gameplay
[2018.11.20-19.18.51:544][264]LogUObjectGlobals: Destroyed PersistentFrame Addr=0x000001df37043b18, Size=4
[2018.11.20-19.18.51:544][264]LogUObjectGlobals: Destroyed PersistentFrame Addr=0x000001df37043af0, Size=4
[2018.11.20-19.18.51:544][264]LogUObjectGlobals: Destroyed PersistentFrame Addr=0x000001df6d331bb0, Size=56
[2018.11.20-19.18.51:544][264]LogUObjectGlobals: Destroyed PersistentFrame Addr=0x000001df36fd98a0, Size=160
[2018.11.20-19.18.51:544][264]LogUObjectGlobals: Destroyed PersistentFrame Addr=0x000001df37130100, Size=448
[2018.11.20-19.18.51:544][264]LogUObjectGlobals: Destroyed PersistentFrame Addr=0x000001df52d47ca0, Size=48
[2018.11.20-19.18.51:544][264]LogUObjectGlobals: Destroyed PersistentFrame Addr=0x000001df37096d00, Size=120
[2018.11.20-19.18.51:544][264]LogUObjectGlobals: Destroyed PersistentFrame Addr=0x000001df37165d20, Size=96
[2018.11.20-19.18.51:544][264]LogUObjectGlobals: Destroyed PersistentFrame Addr=0x000001df37165cc0, Size=96
[2018.11.20-19.18.51:544][264]LogUObjectGlobals: Destroyed PersistentFrame Addr=0x000001df37165de0, Size=96
[2018.11.20-19.18.51:544][264]LogUObjectGlobals: Destroyed PersistentFrame Addr=0x000001df370e5a80, Size=608
[2018.11.20-19.18.51:545][264]LogUObjectGlobals: Destroyed PersistentFrame Addr=0x000001df37167a00, Size=96
[2018.11.20-19.18.51:545][264]LogUObjectGlobals: Destroyed PersistentFrame Addr=0x000001df370e5580, Size=608
[2018.11.20-19.18.51:545][264]LogUObjectGlobals: Destroyed PersistentFrame Addr=0x000001df37b9d300, Size=632
[2018.11.20-19.18.51:545][264]LogUObjectGlobals: Destroyed PersistentFrame Addr=0x000001df527ed300, Size=64
[2018.11.20-19.18.51:549][264]Cmd: MAP LOAD FILE="../../../../../../Users/David Parra/Desktop/usb/computer/shooter/Content/Maps/Gameplay.umap" TEMPLATE=0 SHOWPROGRESS=1 FEATURELEVEL=3
[2018.11.20-19.18.51:549][264]LightingResults: New page: Lighting Build
[2018.11.20-19.18.51:550][264]LoadErrors: New page: Loading map: Gameplay.umap
[2018.11.20-19.18.51:551][264]MapCheck: New page: Map Check
[2018.11.20-19.18.51:551][264]LightingResults: New page: Lighting Build
[2018.11.20-19.18.51:686][264]LogEditorServer: Finished looking for orphan Actors (0.000 secs)
[2018.11.20-19.18.51:732][264]Cmd: MAP CHECKDEP NOCLEARLOG
[2018.11.20-19.18.51:806][264]MapCheck: Map check complete: 0 Error(s), 0 Warning(s), took 73.587ms to complete.
[2018.11.20-19.18.51:806][264]LogFileHelpers: Loading map 'Gameplay' took 0.258
[2018.11.20-19.19.09:720][325]LogTemp: Repeating last play command: New Editor Window (PIE)
[2018.11.20-19.19.09:741][325]LogPlayLevel: PlayLevel: No blueprints needed recompiling
[2018.11.20-19.19.09:741][325]PIE: New page: PIE session: Gameplay (Nov 20, 2018, 3:19:09 AM)
[2018.11.20-19.19.09:741][325]LogPlayLevel: Creating play world package: /Game/Maps/UEDPIE_0_Gameplay
[2018.11.20-19.19.09:745][325]LogPlayLevel: PIE: StaticDuplicateObject took: (0.003558s)
[2018.11.20-19.19.09:745][325]LogAIModule: Creating AISystem for world Gameplay
[2018.11.20-19.19.09:746][325]LogPlayLevel: PIE: World Init took: (0.000547s)
[2018.11.20-19.19.09:746][325]LogPlayLevel: PIE: Created PIE world by copying editor world from /Game/Maps/Gameplay.Gameplay to /Game/Maps/UEDPIE_0_Gameplay.Gameplay (0.004267s)
[2018.11.20-19.19.09:766][325]LogInit: XAudio2 using 'Speakers (Realtek High Definition Audio)' : 2 channels at 48 kHz using 32 bits per sample (channel mask 0x3)
[2018.11.20-19.19.09:781][325]LogInit: FAudioDevice initialized.
[2018.11.20-19.19.09:902][325]LogLoad: Game class is 'FPSGameMode_C'
[2018.11.20-19.19.09:908][325]LogWorld: Bringing World /Game/Maps/UEDPIE_0_Gameplay.Gameplay up for play (max tick rate 0) at 2018.11.20-11.19.09
[2018.11.20-19.19.09:909][325]LogWorld: Bringing up level for play took: 0.002209
[2018.11.20-19.19.09:925][325]LogContentBrowser: Native class hierarchy updated for 'MovieSceneCapture' in 0.0007 seconds. Added 11 classes and 0 folders.
[2018.11.20-19.19.09:928][325]LogSkeletalMesh: USkeletalMeshComponent::InitArticulated : Could not find root physics body: '/Game/Maps/UEDPIE_0_Gameplay.Gameplay:PersistentLevel.FPSCharacter_C_0.CharacterMesh0'
[2018.11.20-19.19.09:956][325]PIE: Play in editor start time for /Game/Maps/UEDPIE_0_Gameplay 0.1
[2018.11.20-19.19.11:664][373]LogRenderer: Reallocating scene render targets to support 2196x1172 Format 10 NumSamples 1 (Frame:50).
[2018.11.20-19.19.29:231][900]LogScriptCore: Warning: Script Msg: Attempted to access index 0 from array 'CallFunc_GetAllActorsOfClass_OutActors1' of length 0 in '/Game/BluePrints/Blure_Projectile.Blure_Projectile_C:ExecuteUbergraph_Blure_Projectile'!
[2018.11.20-19.19.29:232][900]LogScript: Warning: Accessed None trying to read property CallFunc_Array_Get_Item1
	Blure_Projectile_C /Game/Maps/UEDPIE_0_Gameplay.Gameplay:PersistentLevel.Blure_Projectile_C_0
	Function /Game/BluePrints/Blure_Projectile.Blure_Projectile_C:ExecuteUbergraph_Blure_Projectile:0A17
[2018.11.20-19.19.29:232][900]PIE: Error: Blueprint Runtime Error: Accessed None trying to read property CallFunc_Array_Get_Item1 from function: 'ExecuteUbergraph_Blure_Projectile' from node: DestroyActor in graph: EventGraph in object: Blure_Projectile with description: Accessed None trying to read property CallFunc_Array_Get_Item1
[2018.11.20-19.19.29:232][900]LogScriptCore: Warning: Script Msg: Attempted to access index 0 from array 'CallFunc_GetAllActorsOfClass_OutActors' of length 0 in '/Game/BluePrints/Blure_Projectile.Blure_Projectile_C:ExecuteUbergraph_Blure_Projectile'!
[2018.11.20-19.19.29:232][900]LogScript: Warning: Accessed None trying to read property CallFunc_Array_Get_Item
	Blure_Projectile_C /Game/Maps/UEDPIE_0_Gameplay.Gameplay:PersistentLevel.Blure_Projectile_C_0
	Function /Game/BluePrints/Blure_Projectile.Blure_Projectile_C:ExecuteUbergraph_Blure_Projectile:06F0
[2018.11.20-19.19.29:232][900]PIE: Error: Blueprint Runtime Error: Accessed None trying to read property CallFunc_Array_Get_Item from function: 'ExecuteUbergraph_Blure_Projectile' from node: DestroyActor in graph: EventGraph in object: Blure_Projectile with description: Accessed None trying to read property CallFunc_Array_Get_Item
[2018.11.20-19.19.37:494][148]LogScriptCore: Warning: Script Msg: Attempted to access index 0 from array 'CallFunc_GetAllActorsOfClass_OutActors1' of length 0 in '/Game/BluePrints/Red_Projectile.Red_Projectile_C:ExecuteUbergraph_Red_Projectile'!
[2018.11.20-19.19.37:494][148]LogScript: Warning: Accessed None trying to read property CallFunc_Array_Get_Item1
	Red_Projectile_C /Game/Maps/UEDPIE_0_Gameplay.Gameplay:PersistentLevel.Red_Projectile_C_0
	Function /Game/BluePrints/Red_Projectile.Red_Projectile_C:ExecuteUbergraph_Red_Projectile:0A17
[2018.11.20-19.19.37:494][148]PIE: Error: Blueprint Runtime Error: Accessed None trying to read property CallFunc_Array_Get_Item1 from function: 'ExecuteUbergraph_Red_Projectile' from node: DestroyActor in graph: EventGraph in object: Red_Projectile with description: Accessed None trying to read property CallFunc_Array_Get_Item1
[2018.11.20-19.19.37:494][148]LogScriptCore: Warning: Script Msg: Attempted to access index 0 from array 'CallFunc_GetAllActorsOfClass_OutActors' of length 0 in '/Game/BluePrints/Red_Projectile.Red_Projectile_C:ExecuteUbergraph_Red_Projectile'!
[2018.11.20-19.19.37:494][148]LogScript: Warning: Accessed None trying to read property CallFunc_Array_Get_Item
	Red_Projectile_C /Game/Maps/UEDPIE_0_Gameplay.Gameplay:PersistentLevel.Red_Projectile_C_0
	Function /Game/BluePrints/Red_Projectile.Red_Projectile_C:ExecuteUbergraph_Red_Projectile:06F0
[2018.11.20-19.19.37:494][148]PIE: Error: Blueprint Runtime Error: Accessed None trying to read property CallFunc_Array_Get_Item from function: 'ExecuteUbergraph_Red_Projectile' from node: DestroyActor in graph: EventGraph in object: Red_Projectile with description: Accessed None trying to read property CallFunc_Array_Get_Item
[2018.11.20-19.19.37:696][154]LogScriptCore: Warning: Script Msg: Attempted to access index 0 from array 'CallFunc_GetAllActorsOfClass_OutActors1' of length 0 in '/Game/BluePrints/Blure_Projectile.Blure_Projectile_C:ExecuteUbergraph_Blure_Projectile'!
[2018.11.20-19.19.37:696][154]LogScript: Warning: Accessed None trying to read property CallFunc_Array_Get_Item1
	Blure_Projectile_C /Game/Maps/UEDPIE_0_Gameplay.Gameplay:PersistentLevel.Blure_Projectile_C_1
	Function /Game/BluePrints/Blure_Projectile.Blure_Projectile_C:ExecuteUbergraph_Blure_Projectile:0A17
[2018.11.20-19.19.37:696][154]PIE: Error: Blueprint Runtime Error: Accessed None trying to read property CallFunc_Array_Get_Item1 from function: 'ExecuteUbergraph_Blure_Projectile' from node: DestroyActor in graph: EventGraph in object: Blure_Projectile with description: Accessed None trying to read property CallFunc_Array_Get_Item1
[2018.11.20-19.19.40:827][248]LogScriptCore: Warning: Script Msg: Attempted to access index 0 from array 'CallFunc_GetAllActorsOfClass_OutActors1' of length 0 in '/Game/BluePrints/Red_Projectile.Red_Projectile_C:ExecuteUbergraph_Red_Projectile'!
[2018.11.20-19.19.40:827][248]LogScript: Warning: Accessed None trying to read property CallFunc_Array_Get_Item1
	Red_Projectile_C /Game/Maps/UEDPIE_0_Gameplay.Gameplay:PersistentLevel.Red_Projectile_C_1
	Function /Game/BluePrints/Red_Projectile.Red_Projectile_C:ExecuteUbergraph_Red_Projectile:0A17
[2018.11.20-19.19.40:827][248]PIE: Error: Blueprint Runtime Error: Accessed None trying to read property CallFunc_Array_Get_Item1 from function: 'ExecuteUbergraph_Red_Projectile' from node: DestroyActor in graph: EventGraph in object: Red_Projectile with description: Accessed None trying to read property CallFunc_Array_Get_Item1
[2018.11.20-19.19.44:827][368]LogScriptCore: Warning: Script Msg: Attempted to access index 0 from array 'CallFunc_GetAllActorsOfClass_OutActors' of length 0 in '/Game/BluePrints/Red_Projectile.Red_Projectile_C:ExecuteUbergraph_Red_Projectile'!
[2018.11.20-19.19.44:827][368]LogScript: Warning: Accessed None trying to read property CallFunc_Array_Get_Item
	Red_Projectile_C /Game/Maps/UEDPIE_0_Gameplay.Gameplay:PersistentLevel.Red_Projectile_C_2
	Function /Game/BluePrints/Red_Projectile.Red_Projectile_C:ExecuteUbergraph_Red_Projectile:06F0
[2018.11.20-19.19.44:827][368]PIE: Error: Blueprint Runtime Error: Accessed None trying to read property CallFunc_Array_Get_Item from function: 'ExecuteUbergraph_Red_Projectile' from node: DestroyActor in graph: EventGraph in object: Red_Projectile with description: Accessed None trying to read property CallFunc_Array_Get_Item
[2018.11.20-19.19.46:193][409]LogScriptCore: Warning: Script Msg: Attempted to access index 0 from array 'CallFunc_GetAllActorsOfClass_OutActors1' of length 0 in '/Game/BluePrints/Red_Projectile.Red_Projectile_C:ExecuteUbergraph_Red_Projectile'!
[2018.11.20-19.19.46:194][409]LogScript: Warning: Accessed None trying to read property CallFunc_Array_Get_Item1
	Red_Projectile_C /Game/Maps/UEDPIE_0_Gameplay.Gameplay:PersistentLevel.Red_Projectile_C_3
	Function /Game/BluePrints/Red_Projectile.Red_Projectile_C:ExecuteUbergraph_Red_Projectile:0A17
[2018.11.20-19.19.46:194][409]PIE: Error: Blueprint Runtime Error: Accessed None trying to read property CallFunc_Array_Get_Item1 from function: 'ExecuteUbergraph_Red_Projectile' from node: DestroyActor in graph: EventGraph in object: Red_Projectile with description: Accessed None trying to read property CallFunc_Array_Get_Item1
[2018.11.20-19.19.54:648][662]LogSlate: Window 'shooter Game Preview Standalone (64-bit/PCD3D_SM5)' being destroyed
[2018.11.20-19.24.45:134][598]LogSlate: Window 'shooter - Unreal Editor' being destroyed
[2018.11.20-19.24.45:478][599]Cmd: QUIT_EDITOR
[2018.11.20-19.24.45:809][599]LogWindowsTextInputMethodSystem: Display: IME system now deactivated.
[2018.11.20-19.24.45:809][599]LogWindowsTextInputMethodSystem: Display: IME system now deactivated.
[2018.11.20-19.24.45:848][599]LogSlate: Slate User Destroyed.  User Index 0, Is Virtual User: 0
[2018.11.20-19.24.45:848][599]LogExit: Preparing to exit.
[2018.11.20-19.24.46:587][599]LogDirectoryWatcher: A directory notification for 'C:/Users/David Parra/Desktop/usb/computer/shooter/Content/' was aborted.
[2018.11.20-19.24.46:629][599]LogExit: Editor shut down
[2018.11.20-19.24.46:639][599]LogExit: Transaction tracking system shut down
[2018.11.20-19.24.46:642][599]LogUObjectGlobals: Destroyed PersistentFrame Addr=0x000001df37c775b8, Size=56
[2018.11.20-19.24.46:642][599]LogUObjectGlobals: Destroyed PersistentFrame Addr=0x000001df37cbd840, Size=96
[2018.11.20-19.24.46:642][599]LogUObjectGlobals: Destroyed PersistentFrame Addr=0x000001df37cbd360, Size=96
[2018.11.20-19.24.46:642][599]LogUObjectGlobals: Destroyed PersistentFrame Addr=0x000001df37c5da80, Size=608
[2018.11.20-19.24.46:642][599]LogUObjectGlobals: Destroyed PersistentFrame Addr=0x000001df37c2dec0, Size=448
[2018.11.20-19.24.46:642][599]LogUObjectGlobals: Destroyed PersistentFrame Addr=0x000001df37042a28, Size=4
[2018.11.20-19.24.46:642][599]LogUObjectGlobals: Destroyed PersistentFrame Addr=0x000001df37c5c680, Size=608
[2018.11.20-19.24.46:642][599]LogUObjectGlobals: Destroyed PersistentFrame Addr=0x000001df37bd2d40, Size=96
[2018.11.20-19.24.46:642][599]LogUObjectGlobals: Destroyed PersistentFrame Addr=0x000001df37bd2860, Size=96
[2018.11.20-19.24.46:642][599]LogUObjectGlobals: Destroyed PersistentFrame Addr=0x000001df37b79800, Size=160
[2018.11.20-19.24.46:642][599]LogUObjectGlobals: Destroyed PersistentFrame Addr=0x000001df37042808, Size=4
[2018.11.20-19.24.46:642][599]LogUObjectGlobals: Destroyed PersistentFrame Addr=0x000001df37bcdd00, Size=120
[2018.11.20-19.24.46:643][599]LogUObjectGlobals: Destroyed PersistentFrame Addr=0x000001df37b31150, Size=48
[2018.11.20-19.24.46:643][599]LogUObjectGlobals: Destroyed PersistentFrame Addr=0x000001df37cb0400, Size=632
[2018.11.20-19.24.46:643][599]LogUObjectGlobals: Destroyed PersistentFrame Addr=0x000001df527ec300, Size=64
[2018.11.20-19.24.46:752][599]LogDirectoryWatcher: A directory notification for '../../../Engine/Content/' was aborted.
[2018.11.20-19.24.46:752][599]LogDirectoryWatcher: A directory notification for '../../../../../../Users/David Parra/Desktop/usb/computer/shooter/Content/' was aborted.
[2018.11.20-19.24.46:752][599]LogDirectoryWatcher: A directory notification for '../../Plugins/2D/Paper2D/Content/' was aborted.
[2018.11.20-19.24.46:752][599]LogDirectoryWatcher: A directory notification for '../../Plugins/Enterprise/DatasmithContent/Content/' was aborted.
[2018.11.20-19.24.46:752][599]LogDirectoryWatcher: A directory notification for '../../Plugins/Media/MediaCompositing/Content/' was aborted.
[2018.11.20-19.24.46:752][599]LogDirectoryWatcher: A directory notification for '../../Plugins/Runtime/AppleARKit/Content/' was aborted.
[2018.11.20-19.24.46:753][599]LogDirectoryWatcher: A directory notification for '../../Plugins/Runtime/Oculus/OculusVR/Content/' was aborted.
[2018.11.20-19.24.46:753][599]LogDirectoryWatcher: A directory notification for '../../Plugins/Runtime/Steam/SteamVR/Content/' was aborted.
[2018.11.20-19.24.46:888][599]LogExit: Object subsystem successfully closed.
[2018.11.20-19.24.46:918][599]LogShaderCompilers: Display: Shaders left to compile 0
[2018.11.20-19.24.46:925][599]LogD3D11RHI: Shutdown
[2018.11.20-19.24.46:925][599]LogD3D11RHI: CleanupD3DDevice
[2018.11.20-19.24.46:929][599]LogD3D11RHI: ~FD3D11DynamicRHI
[2018.11.20-19.24.46:994][599]LogModuleManager: Shutting down and abandoning module MovieSceneCapture (578)
[2018.11.20-19.24.46:994][599]LogModuleManager: Shutting down and abandoning module HierarchicalLODOutliner (576)
[2018.11.20-19.24.46:994][599]LogModuleManager: Shutting down and abandoning module SceneOutliner (574)
[2018.11.20-19.24.46:994][599]LogModuleManager: Shutting down and abandoning module AddContentDialog (572)
[2018.11.20-19.24.46:995][599]LogDirectoryWatcher: A directory notification for 'C:/Program Files/Epic Games/UE_4.19/FeaturePacks/' was aborted.
[2018.11.20-19.24.46:997][599]LogModuleManager: Shutting down and abandoning module WidgetCarousel (571)
[2018.11.20-19.24.46:997][599]LogModuleManager: Shutting down and abandoning module EditorWidgets (568)
[2018.11.20-19.24.46:997][599]LogModuleManager: Shutting down and abandoning module CollectionManager (566)
[2018.11.20-19.24.46:997][599]LogDirectoryWatcher: A directory notification for 'C:/Users/David Parra/Desktop/usb/computer/shooter/Content/Collections/' was aborted.
[2018.11.20-19.24.46:997][599]LogDirectoryWatcher: A directory notification for 'C:/Users/David Parra/Desktop/usb/computer/shooter/Content/Developers/DavidParra/Collections/' was aborted.
[2018.11.20-19.24.46:997][599]LogDirectoryWatcher: A directory notification for 'C:/Users/David Parra/Desktop/usb/computer/shooter/Saved/Collections/' was aborted.
[2018.11.20-19.24.46:997][599]LogModuleManager: Shutting down and abandoning module HierarchicalLODUtilities (564)
[2018.11.20-19.24.46:998][599]LogModuleManager: Shutting down and abandoning module StatsViewer (562)
[2018.11.20-19.24.46:998][599]LogModuleManager: Shutting down and abandoning module FoliageEdit (560)
[2018.11.20-19.24.46:998][599]LogModuleManager: Shutting down and abandoning module LandscapeEditor (558)
[2018.11.20-19.24.46:998][599]LogModuleManager: Shutting down and abandoning module MeshPaintMode (556)
[2018.11.20-19.24.46:998][599]LogModuleManager: Shutting down and abandoning module SceneDepthPickerMode (554)
[2018.11.20-19.24.46:998][599]LogModuleManager: Shutting down and abandoning module ActorPickerMode (552)
[2018.11.20-19.24.46:998][599]LogModuleManager: Shutting down and abandoning module GeometryMode (550)
[2018.11.20-19.24.46:998][599]LogModuleManager: Shutting down and abandoning module TextureAlignMode (548)
[2018.11.20-19.24.46:998][599]LogModuleManager: Shutting down and abandoning module BspMode (546)
[2018.11.20-19.24.46:998][599]LogModuleManager: Shutting down and abandoning module PIEPreviewDeviceProfileSelector (544)
[2018.11.20-19.24.46:999][599]LogModuleManager: Shutting down and abandoning module HardwareSurvey (542)
[2018.11.20-19.24.46:999][599]LogModuleManager: Shutting down and abandoning module SequenceRecorderSections (540)
[2018.11.20-19.24.46:999][599]LogModuleManager: Shutting down and abandoning module AutomationWorker (538)
[2018.11.20-19.24.46:999][599]LogModuleManager: Shutting down and abandoning module AudioCaptureEditor (536)
[2018.11.20-19.24.46:999][599]LogModuleManager: Shutting down and abandoning module SequenceRecorder (535)
[2018.11.20-19.24.46:999][599]LogModuleManager: Shutting down and abandoning module MatineeToLevelSequence (532)
[2018.11.20-19.24.46:999][599]LogModuleManager: Shutting down and abandoning module LevelSequenceEditor (530)
[2018.11.20-19.24.47:000][599]LogModuleManager: Shutting down and abandoning module PlacementMode (529)
[2018.11.20-19.24.47:000][599]LogModuleManager: Shutting down and abandoning module MaterialEditor (528)
[2018.11.20-19.24.47:002][599]LogModuleManager: Shutting down and abandoning module WmfMediaFactory (524)
[2018.11.20-19.24.47:002][599]LogModuleManager: Shutting down and abandoning module WmfMediaEditor (522)
[2018.11.20-19.24.47:002][599]LogModuleManager: Shutting down and abandoning module MediaPlayerEditor (520)
[2018.11.20-19.24.47:003][599]LogModuleManager: Shutting down and abandoning module OpenExrWrapper (518)
[2018.11.20-19.24.47:003][599]LogModuleManager: Shutting down and abandoning module ImgMediaFactory (516)
[2018.11.20-19.24.47:003][599]LogModuleManager: Shutting down and abandoning module ImgMediaEditor (514)
[2018.11.20-19.24.47:003][599]LogModuleManager: Shutting down and abandoning module AvfMediaFactory (512)
[2018.11.20-19.24.47:003][599]LogModuleManager: Shutting down and abandoning module AvfMediaEditor (510)
[2018.11.20-19.24.47:003][599]LogModuleManager: Shutting down and abandoning module AndroidMediaFactory (508)
[2018.11.20-19.24.47:003][599]LogModuleManager: Shutting down and abandoning module AndroidMediaEditor (506)
[2018.11.20-19.24.47:003][599]LogModuleManager: Shutting down and abandoning module CharacterAI (504)
[2018.11.20-19.24.47:003][599]LogModuleManager: Shutting down and abandoning module SmartSnapping (502)
[2018.11.20-19.24.47:003][599]LogModuleManager: Shutting down and abandoning module SessionServices (500)
[2018.11.20-19.24.47:003][599]LogModuleManager: Shutting down and abandoning module ViewportSnapping (498)
[2018.11.20-19.24.47:003][599]LogModuleManager: Shutting down and abandoning module ViewportInteraction (496)
[2018.11.20-19.24.47:003][599]LogModuleManager: Shutting down and abandoning module ClothPainter (494)
[2018.11.20-19.24.47:003][599]LogModuleManager: Shutting down and abandoning module SkeletalMeshEditor (493)
[2018.11.20-19.24.47:004][599]LogModuleManager: Shutting down and abandoning module LogVisualizer (490)
[2018.11.20-19.24.47:005][599]LogModuleManager: Shutting down and abandoning module IntroTutorials (488)
[2018.11.20-19.24.47:005][599]LogModuleManager: Shutting down and abandoning module GameProjectGeneration (487)
[2018.11.20-19.24.47:005][599]LogModuleManager: Shutting down and abandoning module IOSPlatformEditor (484)
[2018.11.20-19.24.47:006][599]LogModuleManager: Shutting down and abandoning module HTML5PlatformEditor (482)
[2018.11.20-19.24.47:006][599]LogModuleManager: Shutting down and abandoning module AndroidPlatformEditor (480)
[2018.11.20-19.24.47:006][599]LogModuleManager: Shutting down and abandoning module AndroidDeviceDetection (479)
[2018.11.20-19.24.47:375][599]LogModuleManager: Shutting down and abandoning module WindowsPlatformEditor (476)
[2018.11.20-19.24.47:375][599]LogModuleManager: Shutting down and abandoning module IOSRuntimeSettings (474)
[2018.11.20-19.24.47:375][599]LogModuleManager: Shutting down and abandoning module AndroidRuntimeSettings (472)
[2018.11.20-19.24.47:375][599]LogModuleManager: Shutting down and abandoning module InputBindingEditor (470)
[2018.11.20-19.24.47:375][599]LogModuleManager: Shutting down and abandoning module MergeActors (468)
[2018.11.20-19.24.47:376][599]LogModuleManager: Shutting down and abandoning module LocalizationDashboard (466)
[2018.11.20-19.24.47:377][599]LogModuleManager: Shutting down and abandoning module LocalizationService (465)
[2018.11.20-19.24.47:377][599]LogModuleManager: Shutting down and abandoning module HardwareTargeting (462)
[2018.11.20-19.24.47:377][599]LogModuleManager: Shutting down and abandoning module DeviceProfileEditor (460)
[2018.11.20-19.24.47:377][599]LogModuleManager: Shutting down and abandoning module UndoHistory (458)
[2018.11.20-19.24.47:377][599]LogModuleManager: Shutting down and abandoning module XmlParser (456)
[2018.11.20-19.24.47:378][599]LogModuleManager: Shutting down and abandoning module Blutility (454)
[2018.11.20-19.24.47:378][599]LogModuleManager: Shutting down and abandoning module ProjectSettingsViewer (452)
[2018.11.20-19.24.47:378][599]LogModuleManager: Shutting down and abandoning module ProjectTargetPlatformEditor (451)
[2018.11.20-19.24.47:378][599]LogModuleManager: Shutting down and abandoning module EditorSettingsViewer (448)
[2018.11.20-19.24.47:378][599]LogModuleManager: Shutting down and abandoning module SettingsEditor (446)
[2018.11.20-19.24.47:379][599]LogModuleManager: Shutting down and abandoning module ProjectLauncher (444)
[2018.11.20-19.24.47:380][599]LogModuleManager: Shutting down and abandoning module SessionFrontend (442)
[2018.11.20-19.24.47:380][599]LogModuleManager: Shutting down and abandoning module ProfilerClient (440)
[2018.11.20-19.24.47:380][599]LogModuleManager: Shutting down and abandoning module DeviceManager (438)
[2018.11.20-19.24.47:380][599]LogModuleManager: Shutting down and abandoning module TargetDeviceServices (437)
[2018.11.20-19.24.47:435][599]LogModuleManager: Shutting down and abandoning module AutomationController (434)
[2018.11.20-19.24.47:435][599]LogModuleManager: Shutting down and abandoning module AutomationWindow (432)
[2018.11.20-19.24.47:436][599]LogModuleManager: Shutting down and abandoning module Layers (430)
[2018.11.20-19.24.47:438][599]LogModuleManager: Shutting down and abandoning module ComponentVisualizers (428)
[2018.11.20-19.24.47:438][599]LogModuleManager: Shutting down and abandoning module DetailCustomizations (426)
[2018.11.20-19.24.47:438][599]LogModuleManager: Shutting down and abandoning module PackagesDialog (424)
[2018.11.20-19.24.47:439][599]LogModuleManager: Shutting down and abandoning module Persona (422)
[2018.11.20-19.24.47:439][599]LogModuleManager: Shutting down and abandoning module AdvancedPreviewScene (421)
[2018.11.20-19.24.47:440][599]LogModuleManager: Shutting down and abandoning module AnimGraph (419)
[2018.11.20-19.24.47:440][599]LogModuleManager: Shutting down and abandoning module Kismet (416)
[2018.11.20-19.24.47:441][599]LogModuleManager: Shutting down and abandoning module GraphEditor (414)
[2018.11.20-19.24.47:443][599]LogModuleManager: Shutting down and abandoning module ClassViewer (412)
[2018.11.20-19.24.47:443][599]LogModuleManager: Shutting down and abandoning module Toolbox (410)
[2018.11.20-19.24.47:443][599]LogModuleManager: Shutting down and abandoning module ModuleUI (408)
[2018.11.20-19.24.47:444][599]LogModuleManager: Shutting down and abandoning module MovieSceneTools (406)
[2018.11.20-19.24.47:444][599]LogModuleManager: Shutting down and abandoning module OutputLog (404)
[2018.11.20-19.24.47:445][599]LogModuleManager: Shutting down and abandoning module GammaUI (402)
[2018.11.20-19.24.47:445][599]LogModuleManager: Shutting down and abandoning module Documentation (400)
[2018.11.20-19.24.47:445][599]LogModuleManager: Shutting down and abandoning module MovieSceneTracks (398)
[2018.11.20-19.24.47:446][599]LogModuleManager: Shutting down and abandoning module MovieScene (396)
[2018.11.20-19.24.47:446][599]LogModuleManager: Shutting down and abandoning module StreamingPauseRendering (394)
[2018.11.20-19.24.47:446][599]LogModuleManager: Shutting down and abandoning module LauncherPlatform (392)
[2018.11.20-19.24.47:446][599]LogModuleManager: Shutting down and abandoning module AnalyticsET (390)
[2018.11.20-19.24.47:446][599]LogModuleManager: Shutting down and abandoning module PortalServices (388)
[2018.11.20-19.24.47:446][599]LogModuleManager: Shutting down and abandoning module PortalRpc (386)
[2018.11.20-19.24.47:446][599]LogModuleManager: Shutting down and abandoning module MessagingRpc (384)
[2018.11.20-19.24.47:446][599]LogModuleManager: Shutting down and abandoning module AIModule (382)
[2018.11.20-19.24.47:446][599]LogModuleManager: Shutting down and abandoning module GameplayDebugger (381)
[2018.11.20-19.24.47:446][599]LogModuleManager: Shutting down and abandoning module AITestSuite (379)
[2018.11.20-19.24.47:446][599]LogModuleManager: Shutting down and abandoning module DesktopPlatform (376)
[2018.11.20-19.24.47:446][599]LogModuleManager: Shutting down and abandoning module ProfilerService (374)
[2018.11.20-19.24.47:495][599]LogModuleManager: Shutting down and abandoning module TaskGraph (372)
[2018.11.20-19.24.47:495][599]LogModuleManager: Shutting down and abandoning module SteamVRController (370)
[2018.11.20-19.24.47:495][599]LogModuleManager: Shutting down and abandoning module ProceduralMeshComponentEditor (368)
[2018.11.20-19.24.47:495][599]LogModuleManager: Shutting down and abandoning module ProceduralMeshComponent (366)
[2018.11.20-19.24.47:495][599]LogModuleManager: Shutting down and abandoning module OculusInput (364)
[2018.11.20-19.24.47:495][599]LogModuleManager: Shutting down and abandoning module MobilePatchingUtils (362)
[2018.11.20-19.24.47:495][599]LogModuleManager: Shutting down and abandoning module CustomMeshComponent (360)
[2018.11.20-19.24.47:495][599]LogModuleManager: Shutting down and abandoning module CableComponent (358)
[2018.11.20-19.24.47:495][599]LogModuleManager: Shutting down and abandoning module AudioCapture (356)
[2018.11.20-19.24.47:495][599]LogModuleManager: Shutting down and abandoning module ArchVisCharacter (354)
[2018.11.20-19.24.47:496][599]LogModuleManager: Shutting down and abandoning module AndroidPermission (352)
[2018.11.20-19.24.47:496][599]LogModuleManager: Shutting down and abandoning module NUTUnrealEngine4 (348)
[2018.11.20-19.24.47:496][599]LogModuleManager: Shutting down and abandoning module NetcodeUnitTest (346)
[2018.11.20-19.24.47:497][599]LogModuleManager: Shutting down and abandoning module MediaCompositingEditor (344)
[2018.11.20-19.24.47:497][599]LogModuleManager: Shutting down and abandoning module MediaCompositing (342)
[2018.11.20-19.24.47:497][599]LogModuleManager: Shutting down and abandoning module LinearTimecode (340)
[2018.11.20-19.24.47:497][599]LogModuleManager: Shutting down and abandoning module ImgMedia (338)
[2018.11.20-19.24.47:505][599]LogModuleManager: Shutting down and abandoning module HTML5Networking (336)
[2018.11.20-19.24.47:505][599]LogModuleManager: Shutting down and abandoning module AlembicImporter (334)
[2018.11.20-19.24.47:505][599]LogModuleManager: Shutting down and abandoning module AlembicLibrary (333)
[2018.11.20-19.24.47:505][599]LogModuleManager: Shutting down and abandoning module GeometryCache (332)
[2018.11.20-19.24.47:506][599]LogModuleManager: Shutting down and abandoning module GeometryCacheEd (331)
[2018.11.20-19.24.47:506][599]LogModuleManager: Shutting down and abandoning module DatasmithContent (326)
[2018.11.20-19.24.47:506][599]LogModuleManager: Shutting down and abandoning module SpeedTreeImporter (324)
[2018.11.20-19.24.47:506][599]LogModuleManager: Shutting down and abandoning module PluginBrowser (322)
[2018.11.20-19.24.47:506][599]LogModuleManager: Shutting down and abandoning module MobileLauncherProfileWizard (320)
[2018.11.20-19.24.47:507][599]LogModuleManager: Shutting down and abandoning module CryptoKeysOpenSSL (318)
[2018.11.20-19.24.47:507][599]LogModuleManager: Shutting down and abandoning module CryptoKeys (316)
[2018.11.20-19.24.47:507][599]LogModuleManager: Shutting down and abandoning module VisualStudioSourceCodeAccess (314)
[2018.11.20-19.24.47:507][599]LogModuleManager: Shutting down and abandoning module VisualStudioCodeSourceCodeAccess (312)
[2018.11.20-19.24.47:507][599]LogModuleManager: Shutting down and abandoning module UObjectPlugin (310)
[2018.11.20-19.24.47:507][599]LogModuleManager: Shutting down and abandoning module SubversionSourceControl (308)
[2018.11.20-19.24.47:507][599]LogModuleManager: Shutting down and abandoning module PerforceSourceControl (306)
[2018.11.20-19.24.47:507][599]LogModuleManager: Shutting down and abandoning module GitSourceControl (304)
[2018.11.20-19.24.47:508][599]LogModuleManager: Shutting down and abandoning module SourceControl (303)
[2018.11.20-19.24.47:508][599]LogModuleManager: Shutting down and abandoning module CLionSourceCodeAccess (300)
[2018.11.20-19.24.47:508][599]LogModuleManager: Shutting down and abandoning module LightPropagationVolumeEditor (298)
[2018.11.20-19.24.47:508][599]LogModuleManager: Shutting down and abandoning module PaperTiledImporter (296)
[2018.11.20-19.24.47:508][599]LogModuleManager: Shutting down and abandoning module PaperSpriteSheetImporter (294)
[2018.11.20-19.24.47:508][599]LogModuleManager: Shutting down and abandoning module Paper2DEditor (292)
[2018.11.20-19.24.47:509][599]LogModuleManager: Shutting down and abandoning module MeshPaint (291)
[2018.11.20-19.24.47:509][599]LogModuleManager: Shutting down and abandoning module RuntimePhysXCooking (288)
[2018.11.20-19.24.47:509][599]LogModuleManager: Shutting down and abandoning module PhysXVehiclesEditor (286)
[2018.11.20-19.24.47:509][599]LogModuleManager: Shutting down and abandoning module PhysXVehicles (284)
[2018.11.20-19.24.47:509][599]LogModuleManager: Shutting down and abandoning module OculusEditor (282)
[2018.11.20-19.24.47:509][599]LogModuleManager: Shutting down and abandoning module LocationServicesBPLibrary (280)
[2018.11.20-19.24.47:509][599]LogModuleManager: Shutting down and abandoning module ImmediatePhysicsEditor (278)
[2018.11.20-19.24.47:509][599]LogModuleManager: Shutting down and abandoning module ImmediatePhysics (276)
[2018.11.20-19.24.47:509][599]LogModuleManager: Shutting down and abandoning module ActorSequence (274)
[2018.11.20-19.24.47:509][599]LogModuleManager: Shutting down and abandoning module UdpMessaging (272)
[2018.11.20-19.24.47:610][599]LogModuleManager: Shutting down and abandoning module TcpMessaging (270)
[2018.11.20-19.24.47:710][599]LogModuleManager: Shutting down and abandoning module GameplayTagsEditor (268)
[2018.11.20-19.24.47:711][599]LogModuleManager: Shutting down and abandoning module FacialAnimationEditor (266)
[2018.11.20-19.24.47:712][599]LogModuleManager: Shutting down and abandoning module FacialAnimation (264)
[2018.11.20-19.24.47:712][599]LogModuleManager: Shutting down and abandoning module DataValidation (262)
[2018.11.20-19.24.47:712][599]LogModuleManager: Shutting down and abandoning module AssetManagerEditor (260)
[2018.11.20-19.24.47:712][599]LogModuleManager: Shutting down and abandoning module LevelEditor (259)
[2018.11.20-19.24.47:713][599]LogModuleManager: Shutting down and abandoning module PixelInspectorModule (258)
[2018.11.20-19.24.47:713][599]LogModuleManager: Shutting down and abandoning module CommonMenuExtensions (256)
[2018.11.20-19.24.47:714][599]LogModuleManager: Shutting down and abandoning module MainFrame (254)
[2018.11.20-19.24.47:714][599]LogModuleManager: Shutting down and abandoning module HotReload (253)
[2018.11.20-19.24.47:714][599]LogModuleManager: Shutting down and abandoning module ContentBrowser (249)
[2018.11.20-19.24.47:716][599]LogModuleManager: Shutting down and abandoning module TreeMap (247)
[2018.11.20-19.24.47:716][599]LogModuleManager: Shutting down and abandoning module LightPropagationVolumeRuntime (244)
[2018.11.20-19.24.47:716][599]LogModuleManager: Shutting down and abandoning module LiveLinkEditor (242)
[2018.11.20-19.24.47:716][599]LogModuleManager: Shutting down and abandoning module LiveLink (240)
[2018.11.20-19.24.47:958][599]LogModuleManager: Shutting down and abandoning module Paper2D (238)
[2018.11.20-19.24.47:958][599]LogModuleManager: Shutting down and abandoning module WindowsMoviePlayer (236)
[2018.11.20-19.24.47:958][599]LogModuleManager: Shutting down and abandoning module WmfMedia (234)
[2018.11.20-19.24.47:963][599]LogModuleManager: Shutting down and abandoning module Media (233)
[2018.11.20-19.24.47:970][599]LogModuleManager: Shutting down and abandoning module PacketHandler (230)
[2018.11.20-19.24.47:970][599]LogModuleManager: Shutting down and abandoning module ClothingSystemEditor (228)
[2018.11.20-19.24.47:970][599]LogModuleManager: Shutting down and abandoning module ClothingSystemRuntime (226)
[2018.11.20-19.24.47:970][599]LogModuleManager: Shutting down and abandoning module MediaAssets (224)
[2018.11.20-19.24.47:970][599]LogModuleManager: Shutting down and abandoning module Overlay (222)
[2018.11.20-19.24.47:971][599]LogModuleManager: Shutting down and abandoning module OverlayEditor (221)
[2018.11.20-19.24.47:971][599]LogModuleManager: Shutting down and abandoning module VREditor (218)
[2018.11.20-19.24.47:971][599]LogModuleManager: Shutting down and abandoning module StringTableEditor (216)
[2018.11.20-19.24.47:971][599]LogModuleManager: Shutting down and abandoning module GameplayTasksEditor (214)
[2018.11.20-19.24.47:971][599]LogModuleManager: Shutting down and abandoning module BehaviorTreeEditor (212)
[2018.11.20-19.24.47:972][599]LogModuleManager: Shutting down and abandoning module FunctionalTesting (210)
[2018.11.20-19.24.47:972][599]LogModuleManager: Shutting down and abandoning module CollisionAnalyzer (208)
[2018.11.20-19.24.47:972][599]LogModuleManager: Shutting down and abandoning module WorkspaceMenuStructure (207)
[2018.11.20-19.24.47:972][599]LogModuleManager: Shutting down and abandoning module UMG (204)
[2018.11.20-19.24.47:972][599]LogModuleManager: Shutting down and abandoning module UMGEditor (203)
[2018.11.20-19.24.47:973][599]LogModuleManager: Shutting down and abandoning module Sequencer (202)
[2018.11.20-19.24.47:974][599]LogModuleManager: Shutting down and abandoning module MessageLog (199)
[2018.11.20-19.24.47:974][599]LogModuleManager: Shutting down and abandoning module SlateReflector (194)
[2018.11.20-19.24.47:975][599]LogModuleManager: Shutting down and abandoning module Slate (192)
[2018.11.20-19.24.47:975][599]LogModuleManager: Shutting down and abandoning module EditorStyle (190)
[2018.11.20-19.24.47:979][599]LogModuleManager: Shutting down and abandoning module MRMesh (188)
[2018.11.20-19.24.47:980][599]LogModuleManager: Shutting down and abandoning module SourceCodeAccess (186)
[2018.11.20-19.24.47:980][599]LogModuleManager: Shutting down and abandoning module HeadMountedDisplay (184)
[2018.11.20-19.24.47:980][599]LogModuleManager: Shutting down and abandoning module XAudio2 (182)
[2018.11.20-19.24.47:980][599]LogModuleManager: Shutting down and abandoning module Networking (180)
[2018.11.20-19.24.47:980][599]LogModuleManager: Shutting down and abandoning module Core (178)
[2018.11.20-19.24.47:980][599]LogModuleManager: Shutting down and abandoning module LevelSequence (176)
[2018.11.20-19.24.47:980][599]LogModuleManager: Shutting down and abandoning module KismetCompiler (174)
[2018.11.20-19.24.47:980][599]LogModuleManager: Shutting down and abandoning module MeshUtilities (172)
[2018.11.20-19.24.47:981][599]LogModuleManager: Shutting down and abandoning module MeshMergeUtilities (171)
[2018.11.20-19.24.47:981][599]LogModuleManager: Shutting down and abandoning module MeshReductionInterface (170)
[2018.11.20-19.24.47:981][599]LogModuleManager: Shutting down and abandoning module SimplygonSwarm (169)
[2018.11.20-19.24.47:981][599]LogModuleManager: Shutting down and abandoning module SimplygonMeshReduction (167)
[2018.11.20-19.24.47:981][599]LogModuleManager: Shutting down and abandoning module QuadricMeshReduction (165)
[2018.11.20-19.24.47:981][599]LogModuleManager: Shutting down and abandoning module MaterialBaking (161)
[2018.11.20-19.24.47:981][599]LogModuleManager: Shutting down and abandoning module DirectoryWatcher (157)
[2018.11.20-19.24.47:984][599]LogModuleManager: Shutting down and abandoning module DerivedDataCache (154)
[2018.11.20-19.24.48:069][599]LogDerivedDataCache: Shutdown
[2018.11.20-19.24.48:069][599]LogModuleManager: Shutting down and abandoning module XGEController (152)
[2018.11.20-19.24.48:069][599]LogXGEController: Cleaning working directory: C:/Users/David Parra/AppData/Local/Temp/UnrealXGEWorkingDir/
[2018.11.20-19.24.48:069][599]LogModuleManager: Shutting down and abandoning module TargetPlatform (150)
[2018.11.20-19.24.48:069][599]LogModuleManager: Shutting down and abandoning module VulkanShaderFormat (149)
[2018.11.20-19.24.48:069][599]LogModuleManager: Shutting down and abandoning module ShaderFormatVectorVM (147)
[2018.11.20-19.24.48:071][599]LogModuleManager: Shutting down and abandoning module ShaderFormatOpenGL (145)
[2018.11.20-19.24.48:072][599]LogModuleManager: Shutting down and abandoning module ShaderFormatD3D (143)
[2018.11.20-19.24.48:072][599]LogModuleManager: Shutting down and abandoning module MetalShaderFormat (141)
[2018.11.20-19.24.48:072][599]LogModuleManager: Shutting down and abandoning module TextureFormatUncompressed (139)
[2018.11.20-19.24.48:072][599]LogModuleManager: Shutting down and abandoning module TextureFormatPVR (137)
[2018.11.20-19.24.48:072][599]LogModuleManager: Shutting down and abandoning module TextureFormatDXT (135)
[2018.11.20-19.24.48:072][599]LogModuleManager: Shutting down and abandoning module TextureFormatIntelISPCTexComp (133)
[2018.11.20-19.24.48:073][599]LogModuleManager: Shutting down and abandoning module TextureFormatASTC (131)
[2018.11.20-19.24.48:073][599]LogModuleManager: Shutting down and abandoning module ImageWrapper (130)
[2018.11.20-19.24.48:073][599]LogModuleManager: Shutting down and abandoning module TextureFormatAndroid (127)
[2018.11.20-19.24.48:073][599]LogModuleManager: Shutting down and abandoning module AudioFormatOpus (125)
[2018.11.20-19.24.48:073][599]LogModuleManager: Shutting down and abandoning module AudioFormatOgg (123)
[2018.11.20-19.24.48:073][599]LogModuleManager: Shutting down and abandoning module AudioFormatADPCM (121)
[2018.11.20-19.24.48:073][599]LogModuleManager: Shutting down and abandoning module LinuxTargetPlatform (119)
[2018.11.20-19.24.48:073][599]LogModuleManager: Shutting down and abandoning module LinuxServerTargetPlatform (117)
[2018.11.20-19.24.48:073][599]LogModuleManager: Shutting down and abandoning module LinuxNoEditorTargetPlatform (115)
[2018.11.20-19.24.48:073][599]LogModuleManager: Shutting down and abandoning module LinuxClientTargetPlatform (113)
[2018.11.20-19.24.48:073][599]LogModuleManager: Shutting down and abandoning module TVOSTargetPlatform (111)
[2018.11.20-19.24.48:073][599]LogModuleManager: Shutting down and abandoning module Messaging (109)
[2018.11.20-19.24.48:073][599]LogModuleManager: Shutting down and abandoning module IOSTargetPlatform (107)
[2018.11.20-19.24.48:073][599]LogModuleManager: Shutting down and abandoning module HTML5TargetPlatform (105)
[2018.11.20-19.24.48:073][599]LogModuleManager: Shutting down and abandoning module AndroidTargetPlatform (103)
[2018.11.20-19.24.48:073][599]LogModuleManager: Shutting down and abandoning module Android_PVRTCTargetPlatform (101)
[2018.11.20-19.24.48:073][599]LogModuleManager: Shutting down and abandoning module Android_MultiTargetPlatform (99)
[2018.11.20-19.24.48:073][599]LogModuleManager: Shutting down and abandoning module Android_ETC2TargetPlatform (97)
[2018.11.20-19.24.48:074][599]LogModuleManager: Shutting down and abandoning module Android_ETC1TargetPlatform (95)
[2018.11.20-19.24.48:074][599]LogModuleManager: Shutting down and abandoning module Android_ETC1aTargetPlatform (93)
[2018.11.20-19.24.48:074][599]LogModuleManager: Shutting down and abandoning module Android_DXTTargetPlatform (91)
[2018.11.20-19.24.48:074][599]LogModuleManager: Shutting down and abandoning module Android_ATCTargetPlatform (89)
[2018.11.20-19.24.48:074][599]LogModuleManager: Shutting down and abandoning module Android_ASTCTargetPlatform (87)
[2018.11.20-19.24.48:074][599]LogModuleManager: Shutting down and abandoning module WindowsTargetPlatform (85)
[2018.11.20-19.24.48:074][599]LogModuleManager: Shutting down and abandoning module WindowsServerTargetPlatform (83)
[2018.11.20-19.24.48:074][599]LogModuleManager: Shutting down and abandoning module WindowsNoEditorTargetPlatform (81)
[2018.11.20-19.24.48:074][599]LogModuleManager: Shutting down and abandoning module WindowsClientTargetPlatform (79)
[2018.11.20-19.24.48:074][599]LogModuleManager: Shutting down and abandoning module MacTargetPlatform (77)
[2018.11.20-19.24.48:074][599]LogModuleManager: Shutting down and abandoning module MacServerTargetPlatform (75)
[2018.11.20-19.24.48:074][599]LogModuleManager: Shutting down and abandoning module MacNoEditorTargetPlatform (73)
[2018.11.20-19.24.48:074][599]LogModuleManager: Shutting down and abandoning module MacClientTargetPlatform (71)
[2018.11.20-19.24.48:074][599]LogModuleManager: Shutting down and abandoning module AllDesktopTargetPlatform (69)
[2018.11.20-19.24.48:074][599]LogModuleManager: Shutting down and abandoning module InputCore (66)
[2018.11.20-19.24.48:075][599]LogModuleManager: Shutting down and abandoning module Settings (64)
[2018.11.20-19.24.48:075][599]LogModuleManager: Shutting down and abandoning module PhysXCooking (62)
[2018.11.20-19.24.48:075][599]LogModuleManager: Shutting down and abandoning module SteamVR (60)
[2018.11.20-19.24.48:075][599]LogModuleManager: Shutting down and abandoning module OculusHMD (58)
[2018.11.20-19.24.48:075][599]LogModuleManager: Shutting down and abandoning module ExampleDeviceProfileSelector (56)
[2018.11.20-19.24.48:075][599]LogModuleManager: Shutting down and abandoning module AppleARKit (54)
[2018.11.20-19.24.48:075][599]LogModuleManager: Shutting down and abandoning module AugmentedReality (51)
[2018.11.20-19.24.48:075][599]LogModuleManager: Shutting down and abandoning module OnlineBlueprintSupport (48)
[2018.11.20-19.24.48:075][599]LogModuleManager: Shutting down and abandoning module OnlineSubsystem (44)
[2018.11.20-19.24.48:075][599]LogModuleManager: Shutting down and abandoning module XMPP (43)
[2018.11.20-19.24.48:076][599]LogModuleManager: Shutting down and abandoning module HTTP (41)
[2018.11.20-19.24.48:076][599]LogHttp: Display: Http module shutting down, but needs to wait on 1 outstanding Http requests:
[2018.11.20-19.24.48:076][599]LogHttp: Display: 	verb=[POST] url=[https://datarouter.ol.epicgames.com/datarouter/api/v1/public/data?SessionID=%7B33807DB4-4758-6834-4A7F-9E831695B5AC%7D&AppID=UEEditor.Rocket.Release&AppVersion=4.19.2-4033788%2B%2B%2BUE4%2BRelease-4.19&UserID=6e57ee20428b6ea82d57b8bf0ddceb52%7C92c1e07cf3f040b195970cdbb717bdf7%7Ca39fad2a-be8d-41c3-8585-50050af5b4b4&AppEnvironment=datacollector-binary&UploadType=eteventstream] status=Processing
[2018.11.20-19.24.48:105][599]LogModuleManager: Shutting down and abandoning module SSL (40)
[2018.11.20-19.24.48:107][599]LogModuleManager: Shutting down and abandoning module AnimationModifiers (36)
[2018.11.20-19.24.48:107][599]LogModuleManager: Shutting down and abandoning module PropertyEditor (35)
[2018.11.20-19.24.48:108][599]LogModuleManager: Shutting down and abandoning module AudioEditor (32)
[2018.11.20-19.24.48:108][599]LogModuleManager: Shutting down and abandoning module TextureCompressor (30)
[2018.11.20-19.24.48:109][599]LogModuleManager: Shutting down and abandoning module ShaderCore (28)
[2018.11.20-19.24.48:109][599]LogModuleManager: Shutting down and abandoning module Landscape (26)
[2018.11.20-19.24.48:109][599]LogModuleManager: Shutting down and abandoning module SlateRHIRenderer (24)
[2018.11.20-19.24.48:111][599]LogModuleManager: Shutting down and abandoning module OpenGLDrv (22)
[2018.11.20-19.24.48:111][599]LogModuleManager: Shutting down and abandoning module D3D11RHI (20)
[2018.11.20-19.24.48:112][599]LogModuleManager: Shutting down and abandoning module AnimGraphRuntime (18)
[2018.11.20-19.24.48:112][599]LogModuleManager: Shutting down and abandoning module Renderer (16)
[2018.11.20-19.24.48:112][599]LogModuleManager: Shutting down and abandoning module Engine (14)
[2018.11.20-19.24.48:112][599]LogModuleManager: Shutting down and abandoning module CoreUObject (12)
[2018.11.20-19.24.48:112][599]LogModuleManager: Shutting down and abandoning module NetworkFile (10)
[2018.11.20-19.24.48:112][599]LogModuleManager: Shutting down and abandoning module CookedIterativeFile (8)
[2018.11.20-19.24.48:112][599]LogModuleManager: Shutting down and abandoning module StreamingFile (6)
[2018.11.20-19.24.48:112][599]LogModuleManager: Shutting down and abandoning module SandboxFile (4)
[2018.11.20-19.24.48:112][599]LogModuleManager: Shutting down and abandoning module PakFile (2)
[2018.11.20-19.24.48:130][599]LogExit: Exiting.
[2018.11.20-19.24.48:180][599]Log file closed, 11/20/18 11:24:48
