Log file open, 11/08/18 12:02:24
LogWindows: Failed to load 'aqProf.dll' (GetLastError=126)
LogWindows: File 'aqProf.dll' does not exist
LogWindows: Failed to load 'VtuneApi.dll' (GetLastError=126)
LogWindows: File 'VtuneApi.dll' does not exist
LogWindows: Failed to load 'VtuneApi32e.dll' (GetLastError=126)
LogWindows: File 'VtuneApi32e.dll' does not exist
LogInit: Display: Running engine for game: shooter
LogPlatformFile: Not using cached read wrapper
LogInit: Display: RandInit(-347803974) SRandInit(-347803974).
LogInit: Read version file with build ID '3944462'
LogInit: Overriding engine version to CL 4033788, compatible CL 3944462
LogInit: Registered custom module enumerator with build ID '3944462'
LogTaskGraph: Started task graph with 5 named threads and 23 total threads with 3 sets of task threads.
LogStats: Stats thread started at 0.312707
LogD3D11RHI: Aftermath initialized
LogICUInternationalization: Display: ICU TimeZone Detection - Raw Offset: -8:00, Platform Override: ''
LogModuleManager: Display: Found up-to-date module file ../../../Engine/Plugins/2D/Paper2D/Binaries/Win64/UE4Editor-Paper2D.dll (API version 3944462).
LogModuleManager: Display: Found up-to-date module file ../../../Engine/Plugins/2D/Paper2D/Binaries/Win64/UE4Editor-Paper2DEditor.dll (API version 3944462).
LogModuleManager: Display: Found up-to-date module file ../../../Engine/Plugins/2D/Paper2D/Binaries/Win64/UE4Editor-PaperSpriteSheetImporter.dll (API version 3944462).
LogModuleManager: Display: Found up-to-date module file ../../../Engine/Plugins/2D/Paper2D/Binaries/Win64/UE4Editor-PaperTiledImporter.dll (API version 3944462).
LogModuleManager: Display: Found up-to-date module file ../../../Engine/Plugins/2D/Paper2D/Binaries/Win64/UE4Editor-SmartSnapping.dll (API version 3944462).
LogModuleManager: Display: Found up-to-date module file ../../../Engine/Plugins/Blendables/LightPropagationVolume/Binaries/Win64/UE4Editor-LightPropagationVolumeRuntime.dll (API version 3944462).
LogModuleManager: Display: Found up-to-date module file ../../../Engine/Plugins/Blendables/LightPropagationVolume/Binaries/Win64/UE4Editor-LightPropagationVolumeEditor.dll (API version 3944462).
LogModuleManager: Display: Found up-to-date module file ../../../Engine/Plugins/Developer/CLionSourceCodeAccess/Binaries/Win64/UE4Editor-CLionSourceCodeAccess.dll (API version 3944462).
LogModuleManager: Display: Found up-to-date module file ../../../Engine/Plugins/Developer/GitSourceControl/Binaries/Win64/UE4Editor-GitSourceControl.dll (API version 3944462).
LogModuleManager: Display: Found up-to-date module file ../../../Engine/Plugins/Developer/PerforceSourceControl/Binaries/Win64/UE4Editor-PerforceSourceControl.dll (API version 3944462).
LogModuleManager: Display: Found up-to-date module file ../../../Engine/Plugins/Developer/SubversionSourceControl/Binaries/Win64/UE4Editor-SubversionSourceControl.dll (API version 3944462).
LogModuleManager: Display: Found up-to-date module file ../../../Engine/Plugins/Developer/UObjectPlugin/Binaries/Win64/UE4Editor-UObjectPlugin.dll (API version 3944462).
LogModuleManager: Display: Found up-to-date module file ../../../Engine/Plugins/Developer/VisualStudioCodeSourceCodeAccess/Binaries/Win64/UE4Editor-VisualStudioCodeSourceCodeAccess.dll (API version 3944462).
LogModuleManager: Display: Found up-to-date module file ../../../Engine/Plugins/Developer/VisualStudioSourceCodeAccess/Binaries/Win64/UE4Editor-VisualStudioSourceCodeAccess.dll (API version 3944462).
LogModuleManager: Display: Found up-to-date module file ../../../Engine/Plugins/Editor/AssetManagerEditor/Binaries/Win64/UE4Editor-AssetManagerEditor.dll (API version 3944462).
LogModuleManager: Display: Found up-to-date module file ../../../Engine/Plugins/Editor/CryptoKeys/Binaries/Win64/UE4Editor-CryptoKeys.dll (API version 3944462).
LogModuleManager: Display: Found up-to-date module file ../../../Engine/Plugins/Editor/CryptoKeys/Binaries/Win64/UE4Editor-CryptoKeysOpenSSL.dll (API version 3944462).
LogModuleManager: Display: Found up-to-date module file ../../../Engine/Plugins/Editor/DataValidation/Binaries/Win64/UE4Editor-DataValidation.dll (API version 3944462).
LogModuleManager: Display: Found up-to-date module file ../../../Engine/Plugins/Editor/FacialAnimation/Binaries/Win64/UE4Editor-FacialAnimation.dll (API version 3944462).
LogModuleManager: Display: Found up-to-date module file ../../../Engine/Plugins/Editor/FacialAnimation/Binaries/Win64/UE4Editor-FacialAnimationEditor.dll (API version 3944462).
LogModuleManager: Display: Found up-to-date module file ../../../Engine/Plugins/Editor/GameplayTagsEditor/Binaries/Win64/UE4Editor-GameplayTagsEditor.dll (API version 3944462).
LogModuleManager: Display: Found up-to-date module file ../../../Engine/Plugins/Editor/MobileLauncherProfileWizard/Binaries/Win64/UE4Editor-MobileLauncherProfileWizard.dll (API version 3944462).
LogModuleManager: Display: Found up-to-date module file ../../../Engine/Plugins/Editor/PluginBrowser/Binaries/Win64/UE4Editor-PluginBrowser.dll (API version 3944462).
LogModuleManager: Display: Found up-to-date module file ../../../Engine/Plugins/Editor/SpeedTreeImporter/Binaries/Win64/UE4Editor-SpeedTreeImporter.dll (API version 3944462).
LogModuleManager: Display: Found up-to-date module file ../../../Engine/Plugins/Enterprise/DatasmithContent/Binaries/Win64/UE4Editor-DatasmithContent.dll (API version 3944462).
LogModuleManager: Display: Found up-to-date module file ../../../Engine/Plugins/Experimental/AlembicImporter/Binaries/Win64/UE4Editor-AlembicImporter.dll (API version 3944462).
LogModuleManager: Display: Found up-to-date module file ../../../Engine/Plugins/Experimental/AlembicImporter/Binaries/Win64/UE4Editor-AlembicLibrary.dll (API version 3944462).
LogModuleManager: Display: Found up-to-date module file ../../../Engine/Plugins/Experimental/CharacterAI/Binaries/Win64/UE4Editor-CharacterAI.dll (API version 3944462).
LogModuleManager: Display: Found up-to-date module file ../../../Engine/Plugins/Experimental/HTML5Networking/Binaries/Win64/UE4Editor-HTML5Networking.dll (API version 3944462).
LogModuleManager: Display: Found up-to-date module file ../../../Engine/Plugins/Media/AndroidMedia/Binaries/Win64/UE4Editor-AndroidMediaEditor.dll (API version 3944462).
LogModuleManager: Display: Found up-to-date module file ../../../Engine/Plugins/Media/AndroidMedia/Binaries/Win64/UE4Editor-AndroidMediaFactory.dll (API version 3944462).
LogModuleManager: Display: Found up-to-date module file ../../../Engine/Plugins/Media/AvfMedia/Binaries/Win64/UE4Editor-AvfMediaEditor.dll (API version 3944462).
LogModuleManager: Display: Found up-to-date module file ../../../Engine/Plugins/Media/AvfMedia/Binaries/Win64/UE4Editor-AvfMediaFactory.dll (API version 3944462).
LogModuleManager: Display: Found up-to-date module file ../../../Engine/Plugins/Media/AvfMedia/Binaries/Win64/UE4Editor-AvfMediaFactory.dll (API version 3944462).
LogModuleManager: Display: Found up-to-date module file ../../../Engine/Plugins/Media/ImgMedia/Binaries/Win64/UE4Editor-ImgMedia.dll (API version 3944462).
LogModuleManager: Display: Found up-to-date module file ../../../Engine/Plugins/Media/ImgMedia/Binaries/Win64/UE4Editor-ImgMediaEditor.dll (API version 3944462).
LogModuleManager: Display: Found up-to-date module file ../../../Engine/Plugins/Media/ImgMedia/Binaries/Win64/UE4Editor-ImgMediaFactory.dll (API version 3944462).
LogModuleManager: Display: Found up-to-date module file ../../../Engine/Plugins/Media/ImgMedia/Binaries/Win64/UE4Editor-ImgMediaFactory.dll (API version 3944462).
LogModuleManager: Display: Found up-to-date module file ../../../Engine/Plugins/Media/ImgMedia/Binaries/Win64/UE4Editor-OpenExrWrapper.dll (API version 3944462).
LogModuleManager: Display: Found up-to-date module file ../../../Engine/Plugins/Media/LinearTimecode/Binaries/Win64/UE4Editor-LinearTimecode.dll (API version 3944462).
LogModuleManager: Display: Found up-to-date module file ../../../Engine/Plugins/Media/MediaCompositing/Binaries/Win64/UE4Editor-MediaCompositing.dll (API version 3944462).
LogModuleManager: Display: Found up-to-date module file ../../../Engine/Plugins/Media/MediaCompositing/Binaries/Win64/UE4Editor-MediaCompositingEditor.dll (API version 3944462).
LogModuleManager: Display: Found up-to-date module file ../../../Engine/Plugins/Media/MediaPlayerEditor/Binaries/Win64/UE4Editor-MediaPlayerEditor.dll (API version 3944462).
LogModuleManager: Display: Found up-to-date module file ../../../Engine/Plugins/Media/WmfMedia/Binaries/Win64/UE4Editor-WmfMedia.dll (API version 3944462).
LogModuleManager: Display: Found up-to-date module file ../../../Engine/Plugins/Media/WmfMedia/Binaries/Win64/UE4Editor-WmfMediaEditor.dll (API version 3944462).
LogModuleManager: Display: Found up-to-date module file ../../../Engine/Plugins/Media/WmfMedia/Binaries/Win64/UE4Editor-WmfMediaFactory.dll (API version 3944462).
LogModuleManager: Display: Found up-to-date module file ../../../Engine/Plugins/Media/WmfMedia/Binaries/Win64/UE4Editor-WmfMediaFactory.dll (API version 3944462).
LogModuleManager: Display: Found up-to-date module file ../../../Engine/Plugins/Messaging/TcpMessaging/Binaries/Win64/UE4Editor-TcpMessaging.dll (API version 3944462).
LogModuleManager: Display: Found up-to-date module file ../../../Engine/Plugins/Messaging/UdpMessaging/Binaries/Win64/UE4Editor-UdpMessaging.dll (API version 3944462).
LogModuleManager: Display: Found up-to-date module file ../../../Engine/Plugins/MovieScene/ActorSequence/Binaries/Win64/UE4Editor-ActorSequence.dll (API version 3944462).
LogModuleManager: Display: Found up-to-date module file ../../../Engine/Plugins/MovieScene/LevelSequenceEditor/Binaries/Win64/UE4Editor-LevelSequenceEditor.dll (API version 3944462).
LogModuleManager: Display: Found up-to-date module file ../../../Engine/Plugins/MovieScene/MatineeToLevelSequence/Binaries/Win64/UE4Editor-MatineeToLevelSequence.dll (API version 3944462).
LogModuleManager: Display: Found up-to-date module file ../../../Engine/Plugins/NetcodeUnitTest/NetcodeUnitTest/Binaries/Win64/UE4Editor-NetcodeUnitTest.dll (API version 3944462).
LogModuleManager: Display: Found up-to-date module file ../../../Engine/Plugins/NetcodeUnitTest/NUTUnrealEngine4/Binaries/Win64/UE4Editor-NUTUnrealEngine4.dll (API version 3944462).
LogModuleManager: Display: Found up-to-date module file ../../../Engine/Plugins/Online/OnlineSubsystem/Binaries/Win64/UE4Editor-OnlineSubsystem.dll (API version 3944462).
LogModuleManager: Display: Found up-to-date module file ../../../Engine/Plugins/Runtime/AndroidPermission/Binaries/Win64/UE4Editor-AndroidPermission.dll (API version 3944462).
LogModuleManager: Display: Found up-to-date module file ../../../Engine/Plugins/Online/OnlineSubsystemNull/Binaries/Win64/UE4Editor-OnlineSubsystemNull.dll (API version 3944462).
LogModuleManager: Display: Found up-to-date module file ../../../Engine/Plugins/Online/OnlineSubsystemUtils/Binaries/Win64/UE4Editor-OnlineSubsystemUtils.dll (API version 3944462).
LogModuleManager: Display: Found up-to-date module file ../../../Engine/Plugins/Online/OnlineSubsystemUtils/Binaries/Win64/UE4Editor-OnlineBlueprintSupport.dll (API version 3944462).
LogModuleManager: Display: Found up-to-date module file ../../../Engine/Plugins/Runtime/AndroidDeviceProfileSelector/Binaries/Win64/UE4Editor-AndroidDeviceProfileSelector.dll (API version 3944462).
LogModuleManager: Display: Found up-to-date module file ../../../Engine/Plugins/Runtime/AppleARKit/Binaries/Win64/UE4Editor-AppleARKit.dll (API version 3944462).
LogModuleManager: Display: Found up-to-date module file ../../../Engine/Plugins/Runtime/ProceduralMeshComponent/Binaries/Win64/UE4Editor-ProceduralMeshComponent.dll (API version 3944462).
LogModuleManager: Display: Found up-to-date module file ../../../Engine/Plugins/Runtime/ProceduralMeshComponent/Binaries/Win64/UE4Editor-ProceduralMeshComponentEditor.dll (API version 3944462).
LogModuleManager: Display: Found up-to-date module file ../../../Engine/Plugins/Animation/LiveLink/Binaries/Win64/UE4Editor-LiveLink.dll (API version 3944462).
LogModuleManager: Display: Found up-to-date module file ../../../Engine/Plugins/Animation/LiveLink/Binaries/Win64/UE4Editor-LiveLinkEditor.dll (API version 3944462).
LogModuleManager: Display: Found up-to-date module file ../../../Engine/Plugins/Runtime/ArchVisCharacter/Binaries/Win64/UE4Editor-ArchVisCharacter.dll (API version 3944462).
LogModuleManager: Display: Found up-to-date module file ../../../Engine/Plugins/Runtime/AudioCapture/Binaries/Win64/UE4Editor-AudioCapture.dll (API version 3944462).
LogModuleManager: Display: Found up-to-date module file ../../../Engine/Plugins/Runtime/AudioCapture/Binaries/Win64/UE4Editor-AudioCaptureEditor.dll (API version 3944462).
LogModuleManager: Display: Found up-to-date module file ../../../Engine/Plugins/Runtime/CableComponent/Binaries/Win64/UE4Editor-CableComponent.dll (API version 3944462).
LogModuleManager: Display: Found up-to-date module file ../../../Engine/Plugins/Runtime/CustomMeshComponent/Binaries/Win64/UE4Editor-CustomMeshComponent.dll (API version 3944462).
LogModuleManager: Display: Found up-to-date module file ../../../Engine/Plugins/Runtime/ExampleDeviceProfileSelector/Binaries/Win64/UE4Editor-ExampleDeviceProfileSelector.dll (API version 3944462).
LogModuleManager: Display: Found up-to-date module file ../../../Engine/Plugins/Runtime/ImmediatePhysics/Binaries/Win64/UE4Editor-ImmediatePhysics.dll (API version 3944462).
LogModuleManager: Display: Found up-to-date module file ../../../Engine/Plugins/Runtime/ImmediatePhysics/Binaries/Win64/UE4Editor-ImmediatePhysicsEditor.dll (API version 3944462).
LogModuleManager: Display: Found up-to-date module file ../../../Engine/Plugins/Runtime/LocationServicesBPLibrary/Binaries/Win64/UE4Editor-LocationServicesBPLibrary.dll (API version 3944462).
LogModuleManager: Display: Found up-to-date module file ../../../Engine/Plugins/Runtime/MobilePatchingUtils/Binaries/Win64/UE4Editor-MobilePatchingUtils.dll (API version 3944462).
LogModuleManager: Display: Found up-to-date module file ../../../Engine/Plugins/Runtime/Oculus/OculusVR/Binaries/Win64/UE4Editor-OculusHMD.dll (API version 3944462).
LogModuleManager: Display: Found up-to-date module file ../../../Engine/Plugins/Runtime/Oculus/OculusVR/Binaries/Win64/UE4Editor-OculusInput.dll (API version 3944462).
LogModuleManager: Display: Found up-to-date module file ../../../Engine/Plugins/Runtime/Oculus/OculusVR/Binaries/Win64/UE4Editor-OculusEditor.dll (API version 3944462).
LogModuleManager: Display: Found up-to-date module file ../../../Engine/Plugins/Runtime/PhysXVehicles/Binaries/Win64/UE4Editor-PhysXVehicles.dll (API version 3944462).
LogModuleManager: Display: Found up-to-date module file ../../../Engine/Plugins/Runtime/PhysXVehicles/Binaries/Win64/UE4Editor-PhysXVehiclesEditor.dll (API version 3944462).
LogModuleManager: Display: Found up-to-date module file ../../../Engine/Plugins/Runtime/RuntimePhysXCooking/Binaries/Win64/UE4Editor-RuntimePhysXCooking.dll (API version 3944462).
LogModuleManager: Display: Found up-to-date module file ../../../Engine/Plugins/Runtime/Steam/SteamVR/Binaries/Win64/UE4Editor-SteamVR.dll (API version 3944462).
LogModuleManager: Display: Found up-to-date module file ../../../Engine/Plugins/Runtime/Steam/SteamVR/Binaries/Win64/UE4Editor-SteamVRController.dll (API version 3944462).
LogModuleManager: Display: Found up-to-date module file ../../../Engine/Plugins/Runtime/WindowsMoviePlayer/Binaries/Win64/UE4Editor-WindowsMoviePlayer.dll (API version 3944462).
LogPluginManager: Mounting plugin Paper2D
LogPluginManager: Mounting plugin LiveLink
LogPluginManager: Mounting plugin LightPropagationVolume
LogPluginManager: Mounting plugin CLionSourceCodeAccess
LogPluginManager: Mounting plugin CodeLiteSourceCodeAccess
LogPluginManager: Mounting plugin GitSourceControl
LogPluginManager: Mounting plugin KDevelopSourceCodeAccess
LogPluginManager: Mounting plugin NullSourceCodeAccess
LogPluginManager: Mounting plugin PerforceSourceControl
LogPluginManager: Mounting plugin SubversionSourceControl
LogPluginManager: Mounting plugin UObjectPlugin
LogPluginManager: Mounting plugin VisualStudioCodeSourceCodeAccess
LogPluginManager: Mounting plugin VisualStudioSourceCodeAccess
LogPluginManager: Mounting plugin XCodeSourceCodeAccess
LogPluginManager: Mounting plugin AssetManagerEditor
LogPluginManager: Mounting plugin CryptoKeys
LogPluginManager: Mounting plugin DataValidation
LogPluginManager: Mounting plugin FacialAnimation
LogPluginManager: Mounting plugin GameplayTagsEditor
LogPluginManager: Mounting plugin MobileLauncherProfileWizard
LogPluginManager: Mounting plugin PluginBrowser
LogPluginManager: Mounting plugin SpeedTreeImporter
LogPluginManager: Mounting plugin DatasmithContent
LogPluginManager: Mounting plugin AlembicImporter
LogPluginManager: Mounting plugin CharacterAI
LogPluginManager: Mounting plugin HTML5Networking
LogPluginManager: Mounting plugin AndroidMedia
LogPluginManager: Mounting plugin AvfMedia
LogPluginManager: Mounting plugin ImgMedia
LogPluginManager: Mounting plugin LinearTimecode
LogPluginManager: Mounting plugin MediaCompositing
LogPluginManager: Mounting plugin MediaPlayerEditor
LogPluginManager: Mounting plugin WmfMedia
LogPluginManager: Mounting plugin TcpMessaging
LogPluginManager: Mounting plugin UdpMessaging
LogPluginManager: Mounting plugin ActorSequence
LogPluginManager: Mounting plugin LevelSequenceEditor
LogPluginManager: Mounting plugin MatineeToLevelSequence
LogPluginManager: Mounting plugin NetcodeUnitTest
LogPluginManager: Mounting plugin NUTUnrealEngine4
LogPluginManager: Mounting plugin OnlineSubsystemGooglePlay
LogPluginManager: Mounting plugin OnlineSubsystemIOS
LogPluginManager: Mounting plugin OnlineSubsystem
LogPluginManager: Mounting plugin OnlineSubsystemNull
LogPluginManager: Mounting plugin OnlineSubsystemUtils
LogPluginManager: Mounting plugin AndroidDeviceProfileSelector
LogPluginManager: Mounting plugin AndroidMoviePlayer
LogPluginManager: Mounting plugin AndroidPermission
LogPluginManager: Mounting plugin AppleARKit
LogPluginManager: Mounting plugin AppleMoviePlayer
LogPluginManager: Mounting plugin ArchVisCharacter
LogPluginManager: Mounting plugin AudioCapture
LogPluginManager: Mounting plugin CableComponent
LogPluginManager: Mounting plugin CustomMeshComponent
LogPluginManager: Mounting plugin ExampleDeviceProfileSelector
LogPluginManager: Mounting plugin GoogleCloudMessaging
LogPluginManager: Mounting plugin ImmediatePhysics
LogPluginManager: Mounting plugin IOSDeviceProfileSelector
LogPluginManager: Mounting plugin LinuxDeviceProfileSelector
LogPluginManager: Mounting plugin LocationServicesBPLibrary
LogPluginManager: Mounting plugin MobilePatchingUtils
LogPluginManager: Mounting plugin OculusVR
LogPluginManager: Plugin shader directory ../../../Engine/Plugins/Runtime/Oculus/OculusVR/Shaders found
LogPluginManager: Mapping shader source directory ../../../Engine/Plugins/Runtime/Oculus/OculusVR/Shaders to virtual directory /Plugin/OculusVR
LogPluginManager: Mounting plugin PhysXVehicles
LogPluginManager: Mounting plugin ProceduralMeshComponent
LogPluginManager: Mounting plugin RuntimePhysXCooking
LogPluginManager: Mounting plugin SteamVR
LogPluginManager: Mounting plugin WindowsMoviePlayer
LogStreaming: Display: Took  2.580s to configure plugins.
LogInit: Using libcurl 7.47.1
LogInit:  - built for x86_64-pc-win32
LogInit:  - supports SSL with OpenSSL/1.0.2g
LogInit:  - supports HTTP deflate (compression) using libz 1.2.8
LogInit:  - other features:
LogInit:      CURL_VERSION_SSL
LogInit:      CURL_VERSION_LIBZ
LogInit:      CURL_VERSION_IPV6
LogInit:      CURL_VERSION_ASYNCHDNS
LogInit:      CURL_VERSION_LARGEFILE
LogInit:      CURL_VERSION_IDN
LogInit:  CurlRequestOptions (configurable via config and command line):
LogInit:  - bVerifyPeer = false  - Libcurl will NOT verify peer certificate
LogInit:  - bUseHttpProxy = false  - Libcurl will NOT use HTTP proxy
LogInit:  - bDontReuseConnections = false  - Libcurl will reuse connections
LogInit:  - CertBundlePath = nullptr  - Libcurl will use whatever was configured at build time.
LogInit:  - MaxHostConnections = 16  - Libcurl will limit the number of connections to a host
LogInit:  - LocalHostAddr = Default
LogInit: WinSock: version 1.1 (2.2), MaxSocks=32767, MaxUdp=65467
LogInit: WinSock: I am SCT101-07 (10.128.172.62:0)
LogHMD: Failed initializing OVRPlugin 1.21.0
LogInit: Build: ++UE4+Release-4.19-CL-4033788
LogInit: Engine Version: 4.19.2-4033788+++UE4+Release-4.19
LogInit: Compatible Engine Version: 4.19.0-3944462+++UE4+Release-4.19
LogInit: Net CL: 3944462
LogDevObjectVersion: Number of dev versions registered: 18
LogDevObjectVersion:   Dev-Blueprints (B0D832E4-1F89-4F0D-ACCF-7EB736FD4AA2): 10
LogDevObjectVersion:   Dev-Build (E1C64328-A22C-4D53-A36C-8E866417BD8C): 0
LogDevObjectVersion:   Dev-Core (375EC13C-06E4-48FB-B500-84F0262A717E): 2
LogDevObjectVersion:   Dev-Editor (E4B068ED-F494-42E9-A231-DA0B2E46BB41): 23
LogDevObjectVersion:   Dev-Framework (CFFC743F-43B0-4480-9391-14DF171D2073): 33
LogDevObjectVersion:   Dev-Mobile (B02B49B5-BB20-44E9-A304-32B752E40360): 2
LogDevObjectVersion:   Dev-Networking (A4E4105C-59A1-49B5-A7C5-40C4547EDFEE): 0
LogDevObjectVersion:   Dev-Online (39C831C9-5AE6-47DC-9A44-9C173E1C8E7C): 0
LogDevObjectVersion:   Dev-Physics (78F01B33-EBEA-4F98-B9B4-84EACCB95AA2): 0
LogDevObjectVersion:   Dev-Platform (6631380F-2D4D-43E0-8009-CF276956A95A): 0
LogDevObjectVersion:   Dev-Rendering (12F88B9F-8875-4AFC-A67C-D90C383ABD29): 25
LogDevObjectVersion:   Dev-Sequencer (7B5AE74C-D270-4C10-A958-57980B212A5A): 6
LogDevObjectVersion:   Dev-VR (D7296918-1DD6-4BDD-9DE2-64A83CC13884): 1
LogDevObjectVersion:   Dev-LoadTimes (C2A15278-BFE7-4AFE-6C17-90FF531DF755): 1
LogDevObjectVersion:   Private-Geometry (6EACA3D4-40EC-4CC1-B786-8BED09428FC5): 2
LogDevObjectVersion:   Dev-AnimPhys (29E575DD-E0A3-4627-9D10-D276232CDCEA): 16
LogDevObjectVersion:   Dev-ReflectionCapture (6B266CEC-1EC7-4B8F-A30B-E4D90942FC07): 1
LogDevObjectVersion:   Dev-Automation (0DF73D61-A23F-47EA-B727-89E90C41499A): 1
LogInit: Compiled (64-bit): Apr 27 2018 02:06:57
LogInit: Compiled with Visual C++: 19.00.24215.01
LogInit: Build Configuration: Development
LogInit: Branch Name: ++UE4+Release-4.19
LogInit: Command Line:  
LogInit: Base Directory: C:/Program Files/Epic Games/UE_4.19/Engine/Binaries/Win64/
LogInit: Installed Engine Build: 1
LogStreaming: Display: Took  0.001s to delete old logs.
LogInit: Presizing for max 8388607 objects, including 0 objects not considered by GC, pre-allocating 0 bytes for permanent pool.
LogInit: Object subsystem initialized
[2018.11.08-20.02.27:922][  0]LogInit: Selected Device Profile: [Windows]
[2018.11.08-20.02.27:922][  0]LogInit: Applying CVar settings loaded from the selected device profile: [Windows]
[2018.11.08-20.02.27:940][  0]LogInit: Computer: SCT101-07
[2018.11.08-20.02.27:940][  0]LogInit: User: pg14david
[2018.11.08-20.02.27:940][  0]LogInit: CPU Page size=4096, Cores=4
[2018.11.08-20.02.27:940][  0]LogInit: High frequency timer resolution =3.410078 MHz
[2018.11.08-20.02.27:940][  0]LogMemory: Memory total: Physical=31.9GB (32GB approx)
[2018.11.08-20.02.27:940][  0]LogMemory: Platform Memory Stats for Windows
[2018.11.08-20.02.27:940][  0]LogMemory: Process Physical Memory: 278.98 MB used, 278.98 MB peak
[2018.11.08-20.02.27:940][  0]LogMemory: Process Virtual Memory: 269.43 MB used, 269.43 MB peak
[2018.11.08-20.02.27:940][  0]LogMemory: Physical Memory: 6312.18 MB used,  26372.03 MB free, 32684.20 MB total
[2018.11.08-20.02.27:940][  0]LogMemory: Virtual Memory: 718.41 MB used,  26372.03 MB free, 134217728.00 MB total
[2018.11.08-20.02.27:974][  0]LogInit: Using OS detected language (en-US).
[2018.11.08-20.02.27:974][  0]LogInit: Using OS detected locale (en-US).
[2018.11.08-20.02.27:988][  0]LogTextLocalizationManager: No specific localization for 'en-US' exists, so the 'en' localization will be used.
[2018.11.08-20.02.28:462][  0]LogStreaming: Display: Took  0.488s to EndInitTextLocalization.
[2018.11.08-20.02.28:462][  0]LogInit: Setting process to per monitor DPI aware
[2018.11.08-20.02.28:492][  0]LogSlate: New Slate User Created.  User Index 0, Is Virtual User: 0
[2018.11.08-20.02.28:492][  0]LogSlate: Slate User Registered.  User Index 0, Is Virtual User: 0
[2018.11.08-20.02.29:401][  0]LogD3D11RHI: D3D11 adapters:
[2018.11.08-20.02.29:477][  0]LogD3D11RHI:    0. 'NVIDIA Quadro P4000' (Feature Level 11_0)
[2018.11.08-20.02.29:477][  0]LogD3D11RHI:       8092/0/16342 MB DedicatedVideo/DedicatedSystem/SharedSystem, Outputs:1, VendorId:0x10de
[2018.11.08-20.02.29:480][  0]LogD3D11RHI:    1. 'Microsoft Basic Render Driver' (Feature Level 11_0)
[2018.11.08-20.02.29:480][  0]LogD3D11RHI:       0/0/16342 MB DedicatedVideo/DedicatedSystem/SharedSystem, Outputs:0, VendorId:0x1414
[2018.11.08-20.02.29:480][  0]LogD3D11RHI: Chosen D3D11 Adapter: 0
[2018.11.08-20.02.29:488][  0]LogD3D11RHI: Creating new Direct3DDevice
[2018.11.08-20.02.29:488][  0]LogD3D11RHI:     GPU DeviceId: 0x1bb1 (for the marketing name, search the web for "GPU Device Id")
[2018.11.08-20.02.29:488][  0]LogWindows: EnumDisplayDevices:
[2018.11.08-20.02.29:489][  0]LogWindows:    0. 'NVIDIA Quadro P4000' (P:1 D:1)
[2018.11.08-20.02.29:489][  0]LogWindows:    1. 'NVIDIA Quadro P4000' (P:0 D:0)
[2018.11.08-20.02.29:489][  0]LogWindows:    2. 'NVIDIA Quadro P4000' (P:0 D:0)
[2018.11.08-20.02.29:490][  0]LogWindows:    3. 'NVIDIA Quadro P4000' (P:0 D:0)
[2018.11.08-20.02.29:490][  0]LogWindows:    4. 'DameWare Development Mirror Driver 64-bit' (P:0 D:0)
[2018.11.08-20.02.29:490][  0]LogWindows: DebugString: GetVideoDriverDetailsInvalid PrimaryIsNotTheChoosenAdapter FoundDriverCount:4 
[2018.11.08-20.02.29:490][  0]LogD3D11RHI:     Adapter Name: NVIDIA Quadro P4000
[2018.11.08-20.02.29:490][  0]LogD3D11RHI:   Driver Version: 391.33 (internal:23.21.13.9133, unified:391.33)
[2018.11.08-20.02.29:490][  0]LogD3D11RHI:      Driver Date: 3-22-2018
[2018.11.08-20.02.29:490][  0]LogRHI: Texture pool is 5665 MB (70% of 8092 MB)
[2018.11.08-20.02.29:545][  0]LogD3D11RHI: [Aftermath] Aftermath enabled and primed
[2018.11.08-20.02.29:545][  0]LogD3D11RHI: [Aftermath] Aftermath enabled and primed
[2018.11.08-20.02.29:545][  0]LogD3D11RHI: Async texture creation enabled
[2018.11.08-20.02.29:565][  0]LogD3D11RHI: GPU Timing Frequency: 1000.000000 (Debug: 2 2)
[2018.11.08-20.02.29:615][  0]LogShaderCompilers: Guid format shader working directory is -17 characters bigger than the processId version (../../../../../../Users/pg14david/Documents/Unreal Projects/shooter/Intermediate/Shaders/WorkingDirectory/8752/).
[2018.11.08-20.02.29:615][  0]LogShaderCompilers: Cleaned the shader compiler working directory 'C:/Users/pg14david/AppData/Local/Temp/UnrealShaderWorkingDir/0895035745D8FA899ADBCE9C8B9AF35A/'.
[2018.11.08-20.02.29:950][  0]LogTemp: Display: Loaded TP AllDesktopTargetPlatform
[2018.11.08-20.02.29:967][  0]LogTemp: Display: Loaded TP MacClientTargetPlatform
[2018.11.08-20.02.29:983][  0]LogTemp: Display: Loaded TP MacNoEditorTargetPlatform
[2018.11.08-20.02.29:999][  0]LogTemp: Display: Loaded TP MacServerTargetPlatform
[2018.11.08-20.02.30:016][  0]LogTemp: Display: Loaded TP MacTargetPlatform
[2018.11.08-20.02.30:032][  0]LogTemp: Display: Loaded TP WindowsClientTargetPlatform
[2018.11.08-20.02.30:048][  0]LogTemp: Display: Loaded TP WindowsNoEditorTargetPlatform
[2018.11.08-20.02.30:065][  0]LogTemp: Display: Loaded TP WindowsServerTargetPlatform
[2018.11.08-20.02.30:073][  0]LogTemp: Display: Loaded TP WindowsTargetPlatform
[2018.11.08-20.02.30:087][  0]LogTemp: Display: Loaded TP Android_ASTCTargetPlatform
[2018.11.08-20.02.30:102][  0]LogTemp: Display: Loaded TP Android_ATCTargetPlatform
[2018.11.08-20.02.30:116][  0]LogTemp: Display: Loaded TP Android_DXTTargetPlatform
[2018.11.08-20.02.30:130][  0]LogTemp: Display: Loaded TP Android_ETC1aTargetPlatform
[2018.11.08-20.02.30:145][  0]LogTemp: Display: Loaded TP Android_ETC1TargetPlatform
[2018.11.08-20.02.30:158][  0]LogTemp: Display: Loaded TP Android_ETC2TargetPlatform
[2018.11.08-20.02.30:186][  0]LogTemp: Display: Loaded TP Android_MultiTargetPlatform
[2018.11.08-20.02.30:186][  0]LogTemp: Display: Loaded TP Android_PVRTCTargetPlatform
[2018.11.08-20.02.30:209][  0]LogTemp: Display: Loaded TP AndroidTargetPlatform
[2018.11.08-20.02.30:211][  0]LogTemp: Display: Loaded TP HTML5TargetPlatform
[2018.11.08-20.02.30:254][  0]LogTemp: Display: Loaded TP IOSTargetPlatform
[2018.11.08-20.02.30:267][  0]LogTemp: Display: Loaded TP TVOSTargetPlatform
[2018.11.08-20.02.30:280][  0]LogTemp: Display: Loaded TP LinuxClientTargetPlatform
[2018.11.08-20.02.30:294][  0]LogTemp: Display: Loaded TP LinuxNoEditorTargetPlatform
[2018.11.08-20.02.30:308][  0]LogTemp: Display: Loaded TP LinuxServerTargetPlatform
[2018.11.08-20.02.30:322][  0]LogTemp: Display: Loaded TP LinuxTargetPlatform
[2018.11.08-20.02.30:322][  0]LogTargetPlatformManager: Display: Building Assets For Windows
[2018.11.08-20.02.30:562][  0]LogXGEController: Cannot use XGE Controller as Incredibuild is not installed on this machine.
[2018.11.08-20.02.30:562][  0]LogShaderCompilers: Cannot use XGE Shader Compiler as Incredibuild is not installed on this machine.
[2018.11.08-20.02.30:562][  0]LogShaderCompilers: Display: Using Local Shader Compiler.
[2018.11.08-20.02.31:457][  0]LogDerivedDataCache: Display: Max Cache Size: 512 MB
[2018.11.08-20.02.31:588][  0]LogDerivedDataCache: Loaded boot cache 0.13s 74MB C:/Users/pg14david/AppData/Local/UnrealEngine/4.19/DerivedDataCache/Boot.ddc.
[2018.11.08-20.02.31:589][  0]LogDerivedDataCache: Display: Loaded Boot cache: C:/Users/pg14david/AppData/Local/UnrealEngine/4.19/DerivedDataCache/Boot.ddc
[2018.11.08-20.02.31:589][  0]LogDerivedDataCache: FDerivedDataBackendGraph:  Pak pak cache file ../../../../../../Users/pg14david/Documents/Unreal Projects/shooter/DerivedDataCache/DDC.ddp not found, will not use a pak cache.
[2018.11.08-20.02.31:589][  0]LogDerivedDataCache: Unable to find inner node Pak for hierarchical cache Hierarchy.
[2018.11.08-20.02.31:589][  0]LogDerivedDataCache: FDerivedDataBackendGraph:  CompressedPak pak cache file ../../../../../../Users/pg14david/Documents/Unreal Projects/shooter/DerivedDataCache/Compressed.ddp not found, will not use a pak cache.
[2018.11.08-20.02.31:589][  0]LogDerivedDataCache: Unable to find inner node CompressedPak for hierarchical cache Hierarchy.
[2018.11.08-20.02.31:607][  0]LogDerivedDataCache: Display: Pak cache opened for reading ../../../Engine/DerivedDataCache/Compressed.ddp.
[2018.11.08-20.02.31:623][  0]LogDerivedDataCache: Using Local data cache path C:/Users/pg14david/AppData/Local/UnrealEngine/Common/DerivedDataCache: Writable
[2018.11.08-20.02.31:623][  0]LogDerivedDataCache: Shared data cache path not found in *engine.ini, will not use an Shared cache.
[2018.11.08-20.02.31:623][  0]LogDerivedDataCache: Unable to find inner node Shared for hierarchical cache Hierarchy.
[2018.11.08-20.02.31:636][  0]LogMaterial: Verifying Global Shaders for PCD3D_SM5
[2018.11.08-20.02.31:637][  0]LogSlate: Using Freetype 2.6.0
[2018.11.08-20.02.31:640][  0]LogSlate: SlateFontCache - WITH_FREETYPE: 1, WITH_HARFBUZZ: 1
[2018.11.08-20.02.31:640][  0]LogSlate: SlateFontCache - WITH_FREETYPE: 1, WITH_HARFBUZZ: 1
[2018.11.08-20.02.31:930][  0]LogAssetRegistry: FAssetRegistry took 0.0270 seconds to start up
[2018.11.08-20.02.32:282][  0]LogInit: Selected Device Profile: [Windows]
[2018.11.08-20.02.32:478][  0]LogSimplygon: Simplygon DLL not present - disabling.
[2018.11.08-20.02.32:483][  0]LogMeshReduction: Using SimplygonSwarm for distributed automatic mesh merging
[2018.11.08-20.02.32:483][  0]LogMeshReduction: Using QuadricMeshReduction for automatic static mesh reduction
[2018.11.08-20.02.32:483][  0]LogMeshReduction: No automatic skeletal mesh reduction module available
[2018.11.08-20.02.32:483][  0]LogMeshReduction: No automatic mesh merging module available
[2018.11.08-20.02.32:483][  0]LogMeshMerging: No automatic mesh merging module available
[2018.11.08-20.02.32:549][  0]LogNetVersion: shooter , NetCL: 3944462, EngineNetVer: 2, GameNetVer: 0 (Checksum: 979305562)
[2018.11.08-20.02.33:221][  0]LogPackageLocalizationCache: Processed 9 localized package path(s) for 2 prioritized culture(s) in 0.206656 seconds
[2018.11.08-20.02.33:228][  0]LogUObjectArray: 36728 objects as part of root set at end of initial load.
[2018.11.08-20.02.33:228][  0]LogUObjectAllocator: 7314304 out of 0 bytes used by permanent object pool.
[2018.11.08-20.02.33:228][  0]LogUObjectArray: CloseDisregardForGC: 0/0 objects in disregard for GC pool
[2018.11.08-20.02.36:018][  0]LogTcpMessaging: Initializing TcpMessaging bridge
[2018.11.08-20.02.36:079][  0]LogUdpMessaging: Initializing bridge on interface 0.0.0.0:0 to multicast group 230.0.0.1:6666.
[2018.11.08-20.02.36:914][  0]SourceControl: Source control is disabled
[2018.11.08-20.02.36:914][  0]SourceControl: Source control is disabled
[2018.11.08-20.02.36:965][  0]SourceControl: Source control is disabled
[2018.11.08-20.02.37:016][  0]SourceControl: Source control is disabled
[2018.11.08-20.02.38:194][  0]LogAndroidPermission: UAndroidPermissionCallbackProxy::GetInstance
[2018.11.08-20.02.38:554][  0]LogOcInput: OculusInput pre-init called
[2018.11.08-20.02.38:769][  0]LogEngine: Initializing Engine...
[2018.11.08-20.02.38:772][  0]LogHMD: Failed to initialize OpenVR with code 110
[2018.11.08-20.02.38:773][  0]LogStats: UGameplayTagsManager::ConstructGameplayTagTree: Construct from data asset -  0.000 s
[2018.11.08-20.02.38:773][  0]LogStats: UGameplayTagsManager::ConstructGameplayTagTree: GameplayTagTreeChangedEvent.Broadcast -  0.000 s
[2018.11.08-20.02.39:063][  0]LogAIModule: Creating AISystem for world Untitled
[2018.11.08-20.02.39:098][  0]LogInit: XAudio2 using 'Speakers (Realtek High Definition Audio)' : 2 channels at 48 kHz using 32 bits per sample (channel mask 0x3)
[2018.11.08-20.02.39:116][  0]LogInit: FAudioDevice initialized.
[2018.11.08-20.02.39:230][  0]LogDerivedDataCache: Saved boot cache 0.11s 74MB C:/Users/pg14david/AppData/Local/UnrealEngine/4.19/DerivedDataCache/Boot.ddc.
[2018.11.08-20.02.39:250][  0]LogInit: Texture streaming: Enabled
[2018.11.08-20.02.39:295][  0]LogEngineSessionManager: EngineSessionManager initialized
[2018.11.08-20.02.39:333][  0]LogInit: Transaction tracking system initialized
[2018.11.08-20.02.39:387][  0]BlueprintLog: New page: Editor Load
[2018.11.08-20.02.39:531][  0]LocalizationService: Localization service is disabled
[2018.11.08-20.02.39:741][  0]LogConsoleResponse: Display: 
[2018.11.08-20.02.39:912][  0]LogCook: Display: Max memory allowance for cook 16384mb min free memory 0mb
[2018.11.08-20.02.39:912][  0]LogCook: Display: Mobile HDR setting 1
[2018.11.08-20.02.39:912][  0]LogGameplayTags: Display: UGameplayTagsManager::DoneAddingNativeTags. DelegateIsBound: 0
[2018.11.08-20.02.39:912][  0]LogStats: UGameplayTagsManager::ConstructGameplayTagTree: Construct from data asset -  0.000 s
[2018.11.08-20.02.39:912][  0]LogStats: UGameplayTagsManager::ConstructGameplayTagTree: GameplayTagTreeChangedEvent.Broadcast -  0.000 s
[2018.11.08-20.02.40:834][  0]LogFileCache: Scanning file cache for directory 'C:/Users/pg14david/Documents/Unreal Projects/shooter/Content/' took 0.02s
[2018.11.08-20.02.40:834][  0]SourceControl: Source control is disabled
[2018.11.08-20.02.40:834][  0]Cmd: MAP LOAD FILE="../../../Engine/Content/Maps/Templates/Template_Default.umap" TEMPLATE=1 SHOWPROGRESS=1 FEATURELEVEL=3
[2018.11.08-20.02.40:835][  0]LightingResults: New page: Lighting Build
[2018.11.08-20.02.40:839][  0]MapCheck: New page: Map Check
[2018.11.08-20.02.40:839][  0]LightingResults: New page: Lighting Build
[2018.11.08-20.02.41:063][  0]LogAIModule: Creating AISystem for world Untitled_1
[2018.11.08-20.02.41:072][  0]LogEditorServer: Finished looking for orphan Actors (0.000 secs)
[2018.11.08-20.02.41:084][  0]Cmd: MAP CHECKDEP NOCLEARLOG
[2018.11.08-20.02.41:248][  0]MapCheck: Map check complete: 0 Error(s), 0 Warning(s), took 163.722ms to complete.
[2018.11.08-20.02.41:248][  0]LogFileHelpers: Loading map 'Template_Default' took 0.414
[2018.11.08-20.02.41:322][  0]LogWindowsTextInputMethodSystem: Display: IME system now deactivated.
[2018.11.08-20.02.41:420][  0]LogCollectionManager: Loaded 0 collections in 0.002474 seconds
[2018.11.08-20.02.41:472][  0]LogFileCache: Scanning file cache for directory 'C:/Users/pg14david/Documents/Unreal Projects/shooter/Saved/Collections/' took 0.01s
[2018.11.08-20.02.41:472][  0]LogFileCache: Scanning file cache for directory 'C:/Users/pg14david/Documents/Unreal Projects/shooter/Content/Developers/pg14david/Collections/' took 0.01s
[2018.11.08-20.02.41:472][  0]LogFileCache: Scanning file cache for directory 'C:/Users/pg14david/Documents/Unreal Projects/shooter/Content/Collections/' took 0.01s
[2018.11.08-20.02.41:472][  0]LogCollectionManager: Rebuilt the GUID cache for 0 collections in 0.000000 seconds
[2018.11.08-20.02.41:482][  0]LogContentBrowser: Native class hierarchy populated in 0.0094 seconds. Added 2452 classes and 558 folders.
[2018.11.08-20.02.41:492][  0]LogContentBrowser: Native class hierarchy updated for 'WidgetCarousel' in 0.0003 seconds. Added 0 classes and 0 folders.
[2018.11.08-20.02.41:604][  0]LogContentBrowser: Native class hierarchy updated for 'AddContentDialog' in 0.0002 seconds. Added 0 classes and 0 folders.
[2018.11.08-20.02.41:610][  0]LogContentBrowser: Native class hierarchy updated for 'SceneOutliner' in 0.0003 seconds. Added 1 classes and 2 folders.
[2018.11.08-20.02.41:683][  0]LogSlate: Took 0.001154 seconds to synchronously load lazily loaded font '../../../Engine/Content/Slate/Fonts/Roboto-Regular.ttf' (155K)
[2018.11.08-20.02.41:689][  0]LogSlate: Took 0.001282 seconds to synchronously load lazily loaded font '../../../Engine/Content/Slate/Fonts/Roboto-Bold.ttf' (160K)
[2018.11.08-20.02.41:707][  0]LogSlate: Took 0.003855 seconds to synchronously load lazily loaded font '../../../Engine/Content/Editor/Slate/Fonts/FontAwesome.ttf' (139K)
[2018.11.08-20.02.41:811][  0]LogRenderer: Reallocating scene render targets to support 1208x576 Format 10 NumSamples 1 (Frame:1).
[2018.11.08-20.02.41:994][  0]LogContentBrowser: Native class hierarchy updated for 'HierarchicalLODOutliner' in 0.0003 seconds. Added 0 classes and 0 folders.
[2018.11.08-20.02.41:994][  0]LogLoad: (Engine Initialization) Total time: 19.63 seconds
[2018.11.08-20.02.41:994][  0]LogLoad: (Engine Initialization) Total Blueprint compile time: 0.00 seconds
[2018.11.08-20.02.42:036][  0]LogContentStreaming: Texture pool size now 1000 MB
[2018.11.08-20.02.42:081][  0]LogSlate: Took 0.000760 seconds to synchronously load lazily loaded font '../../../Engine/Content/Slate/Fonts/Roboto-Light.ttf' (167K)
[2018.11.08-20.02.42:086][  1]LogFileCache: Retrieving MD5 hashes for directory 'C:/Users/pg14david/Documents/Unreal Projects/shooter/Content/' took 0.07s
[2018.11.08-20.02.42:103][  1]LogAssetRegistry: Asset discovery search completed in 10.1955 seconds
[2018.11.08-20.02.42:105][  1]LogCollectionManager: Rebuilt the object cache for 0 collections in 0.000000 seconds (found 0 objects)
[2018.11.08-20.02.42:105][  1]LogCollectionManager: Fixed up redirectors for 0 collections in 0.000064 seconds (updated 0 objects)
[2018.11.08-20.02.45:015][339]LogSlate: Took 0.000798 seconds to synchronously load lazily loaded font '../../../Engine/Content/Slate/Fonts/Roboto-Light.ttf' (167K)
[2018.11.08-20.02.49:095][825]LogSlate: FSceneViewport::OnFocusLost() reason 0
[2018.11.08-20.02.49:192][834]AssetReimport: New page: Outstanding source content changes 4:02:49 AM
[2018.11.08-20.02.49:200][834]LogFactory: FactoryCreateFile: StaticMesh with FbxFactory (0 0 C:/Users/pg14david/Documents/Unreal Projects/shooter/Content/Portal/PortalGun.FBX)
[2018.11.08-20.02.49:227][834]LogFbx: ItemName: Model, ItemCount : 1
[2018.11.08-20.02.49:227][834]LogFbx: ItemName: Material, ItemCount : 2
[2018.11.08-20.02.49:227][834]LogFbx: ItemName: Texture, ItemCount : 2
[2018.11.08-20.02.49:227][834]LogFbx: ItemName: Video, ItemCount : 1
[2018.11.08-20.02.49:227][834]LogFbx: ItemName: SceneInfo, ItemCount : 1
[2018.11.08-20.02.49:227][834]LogFbx: ItemName: GlobalSettings, ItemCount : 1
[2018.11.08-20.02.49:236][834]LogFbx: Loading FBX Scene from C:/Users/pg14david/Documents/Unreal Projects/shooter/Content/Portal/PortalGun.FBX
[2018.11.08-20.02.49:269][834]LogFbx: FBX Scene Loaded Succesfully
[2018.11.08-20.03.00:362][834]LogSlate: Window 'FBX Import Options' being destroyed
[2018.11.08-20.03.00:485][834]LogFbx: Loading FBX Scene from C:/Users/pg14david/Documents/Unreal Projects/shooter/Content/Portal/PortalGun.FBX
[2018.11.08-20.03.00:513][834]LogFbx: FBX Scene Loaded Succesfully
[2018.11.08-20.03.00:526][834]LogLinker: Can't find file '/Game/Portal/7adaca6b'
[2018.11.08-20.03.00:526][834]LogLinker: Can't find file '/Game/Portal/7adaca6b'
[2018.11.08-20.03.00:529][834]LogMaterial: Missing cached shader map for material 7adaca6b_dds, compiling. 
[2018.11.08-20.03.00:592][834]LogStaticMesh: Building static mesh PortalGun...
[2018.11.08-20.03.00:704][834]LogStaticMesh: Built static mesh [0.11s] /Game/Portal/PortalGun.PortalGun
[2018.11.08-20.03.00:775][835]LogSlate: FSceneViewport::OnFocusLost() reason 2
[2018.11.08-20.03.00:880][835]Cmd: OBJ SAVEPACKAGE PACKAGE="/Game/Portal/PortalGun" FILE="../../../../../../Users/pg14david/Documents/Unreal Projects/shooter/Content/Portal/PortalGun.uasset" SILENT=true
[2018.11.08-20.03.00:918][835]LogSavePackage: Save=30.40ms
[2018.11.08-20.03.00:918][835]LogSavePackage: Moving '../../../../../../Users/pg14david/Documents/Unreal Projects/shooter/Saved/PortalGun97CE12A24E205C8D2CF85784B2770E0C.tmp' to '../../../../../../Users/pg14david/Documents/Unreal Projects/shooter/Content/Portal/PortalGun.uasset'
[2018.11.08-20.03.00:934][835]LogSavePackage: Display: Finished SavePackage ../../../../../../Users/pg14david/Documents/Unreal Projects/shooter/Content/Portal/PortalGun.uasset
[2018.11.08-20.03.03:945][175]AssetReimport: Importing new asset /Game/Portal/PortalGun.
[2018.11.08-20.03.04:121][195]LogSlate: FSceneViewport::OnFocusLost() reason 0
[2018.11.08-20.03.09:338][802]AssetReimport: New page: Outstanding source content changes 4:03:09 AM
[2018.11.08-20.03.09:340][802]LogFactory: FactoryCreateFile: Texture with ReimportTextureFactory (0 0 C:/Users/pg14david/Documents/Unreal Projects/shooter/Content/Portal/PortalGun.fbm/7adaca6b.dds)
[2018.11.08-20.03.12:373][160]AssetReimport: Importing new asset /Game/Portal/PortalGun_fbm/7adaca6b.
[2018.11.08-20.03.12:373][160]AssetReimport: Failed to import file C:/Users/pg14david/Documents/Unreal Projects/shooter/Content/Portal/PortalGun.fbm/7adaca6b.dds.
[2018.11.08-20.03.17:531][691]LogRenderer: Reallocating scene render targets to support 1340x864 Format 10 NumSamples 1 (Frame:1).
[2018.11.08-20.03.26:447][644]LogSlate: FSceneViewport::OnFocusLost() reason 0
[2018.11.08-20.03.26:607][658]LogRenderer: Reallocating scene render targets to support 1340x868 Format 10 NumSamples 1 (Frame:969).
[2018.11.08-20.03.26:677][660]LogRenderer: Reallocating scene render targets to support 1432x924 Format 10 NumSamples 1 (Frame:971).
[2018.11.08-20.03.27:036][701]LogSlate: Window 'PortalGun' being destroyed
[2018.11.08-20.03.56:602][238]LogSlate: FSceneViewport::OnFocusLost() reason 2
[2018.11.08-20.03.56:648][238]LogFileHelpers: Editor autosave (incl. sublevels) for '/Temp/Untitled_1' took 0.008
[2018.11.08-20.03.56:651][238]OBJ SavePackage: Generating thumbnails for [1] asset(s) in package [/Game/Portal/7adaca6b_dds] ([1] browsable assets)...
[2018.11.08-20.03.56:662][238]OBJ SavePackage:     Rendered thumbnail for [Material /Game/Portal/7adaca6b_dds.7adaca6b_dds]
[2018.11.08-20.03.56:662][238]OBJ SavePackage: Finished generating thumbnails for package [/Game/Portal/7adaca6b_dds]
[2018.11.08-20.03.56:682][238]LogSavePackage: Save=13.33ms
[2018.11.08-20.03.56:682][238]LogSavePackage: Moving '../../../../../../Users/pg14david/Documents/Unreal Projects/shooter/Saved/7adaca6b_dds_Auto13792004346F4D6C2A14FEE9C659B4E18.tmp' to '../../../../../../Users/pg14david/Documents/Unreal Projects/shooter/Saved/Autosaves/Game/Portal/7adaca6b_dds_Auto1.uasset'
[2018.11.08-20.03.56:685][238]LogSavePackage: Display: Finished SavePackage ../../../../../../Users/pg14david/Documents/Unreal Projects/shooter/Saved/Autosaves/Game/Portal/7adaca6b_dds_Auto1.uasset
[2018.11.08-20.03.56:685][238]LogFileHelpers: Auto-saving content packages took 0.036
[2018.11.08-20.06.41:628][ 81]LogSlate: FSceneViewport::OnFocusLost() reason 0
[2018.11.08-20.06.56:607][380]LogUObjectGlobals: Created PersistentFrame Addr=0x000002a1b8a2a200, Size=264, Default__BluePortal_C Function /Game/BluePrints/BluePortal.BluePortal_C:ExecuteUbergraph_BluePortal
[2018.11.08-20.06.56:608][380]LogUObjectGlobals: Created PersistentFrame Addr=0x000002a1b8a29f80, Size=264, Default__RedPortal_C Function /Game/BluePrints/RedPortal.RedPortal_C:ExecuteUbergraph_RedPortal
[2018.11.08-20.06.56:634][380]LogUObjectGlobals: Destroyed PersistentFrame Addr=0x000002a1b8a2a200, Size=264
[2018.11.08-20.06.56:634][380]LogUObjectGlobals: Created PersistentFrame Addr=0x000002a18c6a1940, Size=264, Default__BluePortal_C Function /Engine/Transient.REINST_BluePortal_C_5:ExecuteUbergraph_BluePortal
[2018.11.08-20.06.56:634][380]LogUObjectGlobals: Destroyed PersistentFrame Addr=0x000002a1b8a29f80, Size=264
[2018.11.08-20.06.56:634][380]LogUObjectGlobals: Created PersistentFrame Addr=0x000002a18c6a3880, Size=264, Default__RedPortal_C Function /Engine/Transient.REINST_RedPortal_C_6:ExecuteUbergraph_RedPortal
[2018.11.08-20.06.56:637][380]LogUObjectGlobals: Created PersistentFrame Addr=0x000002a18c6a0e00, Size=264, Default__BluePortal_C Function /Game/BluePrints/BluePortal.BluePortal_C:ExecuteUbergraph_BluePortal
[2018.11.08-20.06.56:638][380]LogUObjectGlobals: Created PersistentFrame Addr=0x000002a18c6a0f40, Size=264, Default__RedPortal_C Function /Game/BluePrints/RedPortal.RedPortal_C:ExecuteUbergraph_RedPortal
[2018.11.08-20.06.56:662][380]LogUObjectGlobals: Created PersistentFrame Addr=0x000002a1b8a80a60, Size=4, Default__MP7A1_Skeleton_AnimBlueprint_C Function /Game/WeaponPack/Weapons/MP7A1/MP7A1_Skeleton_AnimBlueprint.MP7A1_Skeleton_AnimBlueprint_C:ExecuteUbergraph_MP7A1_Skeleton_AnimBlueprint
[2018.11.08-20.06.56:664][380]LogUObjectGlobals: Destroyed PersistentFrame Addr=0x000002a1b8a80a60, Size=4
[2018.11.08-20.06.56:664][380]LogUObjectGlobals: Created PersistentFrame Addr=0x000002a1b8a80a60, Size=4, Default__MP7A1_Skeleton_AnimBlueprint_C Function /Engine/Transient.REINST_MP7A1_Skeleton_AnimBlueprint_C_0:ExecuteUbergraph_MP7A1_Skeleton_AnimBlueprint
[2018.11.08-20.06.56:665][380]LogUObjectGlobals: Created PersistentFrame Addr=0x000002a1b8a809b8, Size=4, Default__MP7A1_Skeleton_AnimBlueprint_C Function /Game/WeaponPack/Weapons/MP7A1/MP7A1_Skeleton_AnimBlueprint.MP7A1_Skeleton_AnimBlueprint_C:ExecuteUbergraph_MP7A1_Skeleton_AnimBlueprint
[2018.11.08-20.06.56:677][380]LogUObjectGlobals: Created PersistentFrame Addr=0x000002a1b8a80998, Size=4, Default__XM8_Skeleton_AnimBlueprint_C Function /Game/WeaponPack/Weapons/XM8/XM8_Skeleton_AnimBlueprint.XM8_Skeleton_AnimBlueprint_C:ExecuteUbergraph_XM8_Skeleton_AnimBlueprint
[2018.11.08-20.06.56:678][380]LogUObjectGlobals: Destroyed PersistentFrame Addr=0x000002a1b8a80998, Size=4
[2018.11.08-20.06.56:678][380]LogUObjectGlobals: Created PersistentFrame Addr=0x000002a1b8a80998, Size=4, Default__XM8_Skeleton_AnimBlueprint_C Function /Engine/Transient.REINST_XM8_Skeleton_AnimBlueprint_C_1:ExecuteUbergraph_XM8_Skeleton_AnimBlueprint
[2018.11.08-20.06.56:679][380]LogUObjectGlobals: Created PersistentFrame Addr=0x000002a1b8a80818, Size=4, Default__XM8_Skeleton_AnimBlueprint_C Function /Game/WeaponPack/Weapons/XM8/XM8_Skeleton_AnimBlueprint.XM8_Skeleton_AnimBlueprint_C:ExecuteUbergraph_XM8_Skeleton_AnimBlueprint
[2018.11.08-20.06.56:696][380]LogUObjectGlobals: Created PersistentFrame Addr=0x000002a18c422fc0, Size=72, Default__Bullet_C Function /Game/BluePrints/Bullet.Bullet_C:ExecuteUbergraph_Bullet
[2018.11.08-20.06.56:698][380]LogUObjectGlobals: Destroyed PersistentFrame Addr=0x000002a18c422fc0, Size=72
[2018.11.08-20.06.56:698][380]LogUObjectGlobals: Created PersistentFrame Addr=0x000002a188c57f60, Size=72, Default__Bullet_C Function /Engine/Transient.REINST_Bullet_C_11:ExecuteUbergraph_Bullet
[2018.11.08-20.06.56:700][380]LogUObjectGlobals: Created PersistentFrame Addr=0x000002a188c561b0, Size=72, Default__Bullet_C Function /Game/BluePrints/Bullet.Bullet_C:ExecuteUbergraph_Bullet
[2018.11.08-20.06.56:758][380]LogUObjectGlobals: Created PersistentFrame Addr=0x000002a18c48ca40, Size=160, Default__Weapon_C Function /Game/BluePrints/Weapon.Weapon_C:ExecuteUbergraph_Weapon
[2018.11.08-20.06.56:765][380]LogUObjectGlobals: Destroyed PersistentFrame Addr=0x000002a18c48ca40, Size=160
[2018.11.08-20.06.56:765][380]LogUObjectGlobals: Created PersistentFrame Addr=0x000002a1b8a43a60, Size=160, Default__Weapon_C Function /Engine/Transient.REINST_Weapon_C_13:ExecuteUbergraph_Weapon
[2018.11.08-20.06.56:771][380]LogUObjectGlobals: Created PersistentFrame Addr=0x000002a1fa694680, Size=160, Default__Weapon_C Function /Game/BluePrints/Weapon.Weapon_C:ExecuteUbergraph_Weapon
[2018.11.08-20.06.56:955][380]LogUObjectGlobals: Created PersistentFrame Addr=0x000002a18a662278, Size=40, Default__FPSCharacter_C Function /Game/BluePrints/FPSCharacter.FPSCharacter_C:ExecuteUbergraph_FPSCharacter
[2018.11.08-20.06.56:961][380]LogUObjectGlobals: Destroyed PersistentFrame Addr=0x000002a18a662278, Size=40
[2018.11.08-20.06.56:961][380]LogUObjectGlobals: Created PersistentFrame Addr=0x000002a18a662278, Size=40, Default__FPSCharacter_C Function /Engine/Transient.REINST_FPSCharacter_C_16:ExecuteUbergraph_FPSCharacter
[2018.11.08-20.06.56:967][380]LogUObjectGlobals: Created PersistentFrame Addr=0x000002a18a660c98, Size=40, Default__FPSCharacter_C Function /Game/BluePrints/FPSCharacter.FPSCharacter_C:ExecuteUbergraph_FPSCharacter
[2018.11.08-20.06.56:975][380]LogUObjectGlobals: Created PersistentFrame Addr=0x000002a1e7c8e0c0, Size=312, Default__FPSPlayerController_C Function /Game/BluePrints/FPSPlayerController.FPSPlayerController_C:ExecuteUbergraph_FPSPlayerController
[2018.11.08-20.06.56:979][380]LogUObjectGlobals: Destroyed PersistentFrame Addr=0x000002a1e7c8e0c0, Size=312
[2018.11.08-20.06.56:979][380]LogUObjectGlobals: Created PersistentFrame Addr=0x000002a1e7c8e0c0, Size=312, Default__FPSPlayerController_C Function /Engine/Transient.REINST_FPSPlayerController_C_18:ExecuteUbergraph_FPSPlayerController
[2018.11.08-20.06.56:990][380]LogUObjectGlobals: Created PersistentFrame Addr=0x000002a1f5a11440, Size=312, Default__FPSPlayerController_C Function /Game/BluePrints/FPSPlayerController.FPSPlayerController_C:ExecuteUbergraph_FPSPlayerController
[2018.11.08-20.06.57:007][380]LogUObjectGlobals: Created PersistentFrame Addr=0x000002a18c8ec700, Size=64, Default__target_C Function /Game/BluePrints/target.target_C:ExecuteUbergraph_target
[2018.11.08-20.06.57:009][380]LogUObjectGlobals: Destroyed PersistentFrame Addr=0x000002a18c8ec700, Size=64
[2018.11.08-20.06.57:009][380]LogUObjectGlobals: Created PersistentFrame Addr=0x000002a18c8ec4c0, Size=64, Default__target_C Function /Engine/Transient.REINST_target_C_22:ExecuteUbergraph_target
[2018.11.08-20.06.57:010][380]LogUObjectGlobals: Created PersistentFrame Addr=0x000002a18c8eeb80, Size=64, Default__target_C Function /Game/BluePrints/target.target_C:ExecuteUbergraph_target
[2018.11.08-20.06.57:175][380]LogSkeletalMesh: Skeletal Mesh found in DDC [2.925153ms] /Game/WeaponPack/Arms/SK_FPSArms.SK_FPSArms
[2018.11.08-20.06.57:186][380]LogSkeletalMesh: Skeletal Mesh found in DDC [3.804312ms] /Game/WeaponPack/Weapons/XM8/SK_XM8.SK_XM8
[2018.11.08-20.06.57:240][380]LogSkeletalMesh: Skeletal Mesh found in DDC [4.503123ms] /Game/WeaponPack/Weapons/Beretta/SK_Berretta_M9.SK_Berretta_M9
[2018.11.08-20.06.57:248][380]LogSkeletalMesh: Skeletal Mesh found in DDC [8.073129ms] /Game/WeaponPack/Weapons/MP7A1/SK_MP7A1.SK_MP7A1
[2018.11.08-20.06.57:301][380]LogAIModule: Creating AISystem for world Gameplay
[2018.11.08-20.06.57:318][380]LogUObjectGlobals: Destroyed PersistentFrame Addr=0x000002a188c57f60, Size=72
[2018.11.08-20.06.57:318][380]LogUObjectGlobals: Destroyed PersistentFrame Addr=0x000002a1b8a80998, Size=4
[2018.11.08-20.06.57:318][380]LogUObjectGlobals: Destroyed PersistentFrame Addr=0x000002a1b8a80a60, Size=4
[2018.11.08-20.06.57:318][380]LogUObjectGlobals: Destroyed PersistentFrame Addr=0x000002a18c6a3880, Size=264
[2018.11.08-20.06.57:318][380]LogUObjectGlobals: Destroyed PersistentFrame Addr=0x000002a18c6a1940, Size=264
[2018.11.08-20.06.57:319][380]LogUObjectGlobals: Destroyed PersistentFrame Addr=0x000002a1b8a43a60, Size=160
[2018.11.08-20.06.57:319][380]LogUObjectGlobals: Destroyed PersistentFrame Addr=0x000002a18a662278, Size=40
[2018.11.08-20.06.57:319][380]LogUObjectGlobals: Destroyed PersistentFrame Addr=0x000002a1e7c8e0c0, Size=312
[2018.11.08-20.06.57:319][380]LogUObjectGlobals: Destroyed PersistentFrame Addr=0x000002a18c8ec4c0, Size=64
[2018.11.08-20.07.00:512][380]LogSlate: Window 'Save Content' being destroyed
[2018.11.08-20.07.00:517][380]Cmd: MAP LOAD FILE="../../../../../../Users/pg14david/Documents/Unreal Projects/shooter/Content/Maps/Gameplay.umap" TEMPLATE=0 SHOWPROGRESS=1 FEATURELEVEL=3
[2018.11.08-20.07.00:518][380]LightingResults: New page: Lighting Build
[2018.11.08-20.07.00:519][380]LoadErrors: New page: Loading map: Gameplay.umap
[2018.11.08-20.07.00:519][380]MapCheck: New page: Map Check
[2018.11.08-20.07.00:519][380]LightingResults: New page: Lighting Build
[2018.11.08-20.07.00:619][380]LogEditorServer: Finished looking for orphan Actors (0.000 secs)
[2018.11.08-20.07.00:673][380]Cmd: MAP CHECKDEP NOCLEARLOG
[2018.11.08-20.07.00:956][380]MapCheck: Map check complete: 0 Error(s), 0 Warning(s), took 283.215ms to complete.
[2018.11.08-20.07.00:958][380]LogFileHelpers: Loading map 'Gameplay' took 0.444
[2018.11.08-20.07.02:254][523]LogEditorViewport: Clicking on Actor (LMB): StaticMeshActor (Floor)
[2018.11.08-20.07.03:366][648]LogSlate: FSceneViewport::OnFocusLost() reason 0
[2018.11.08-20.07.07:473][129]LogActorFactory: Actor Factory created PortalGun
[2018.11.08-20.07.08:823][282]LogActorFactory: Actor Factory created PortalGun
[2018.11.08-20.07.16:664][211]Cmd: DELETE
[2018.11.08-20.07.16:664][211]Cmd: ACTOR DELETE
[2018.11.08-20.07.16:667][211]LogEditorActor: Deleted Actor: StaticMeshActor
[2018.11.08-20.07.16:676][211]LogEditorActor: Deleted 1 Actors (0.012 secs)
[2018.11.08-20.07.19:487][546]LogSlate: FSceneViewport::OnFocusLost() reason 0
[2018.11.08-20.07.30:060][770]LogSlate: FSceneViewport::OnFocusLost() reason 2
[2018.11.08-20.07.59:613][288]LogSlate: FSceneViewport::OnFocusLost() reason 2
[2018.11.08-20.07.59:727][288]LogSavePackage: Save=37.88ms
[2018.11.08-20.07.59:727][288]LogSavePackage: Moving '../../../../../../Users/pg14david/Documents/Unreal Projects/shooter/Saved/Gameplay_Auto28068AD9B463D755A467451966B1D1A2F.tmp' to '../../../../../../Users/pg14david/Documents/Unreal Projects/shooter/Saved/Autosaves/Game/Maps/Gameplay_Auto2.umap'
[2018.11.08-20.07.59:732][288]LogSavePackage: Display: Finished SavePackage ../../../../../../Users/pg14david/Documents/Unreal Projects/shooter/Saved/Autosaves/Game/Maps/Gameplay_Auto2.umap
[2018.11.08-20.07.59:740][288]LogFileHelpers: Editor autosave (incl. sublevels) for '/Game/Maps/Gameplay' took 0.101
[2018.11.08-20.07.59:740][288]LogFileHelpers: Editor autosave (incl. sublevels) for all levels took 0.101
[2018.11.08-20.07.59:745][288]OBJ SavePackage: Generating thumbnails for [1] asset(s) in package [/Game/Portal/PortalGun] ([1] browsable assets)...
[2018.11.08-20.07.59:768][288]OBJ SavePackage:     Rendered thumbnail for [StaticMesh /Game/Portal/PortalGun.PortalGun]
[2018.11.08-20.07.59:768][288]OBJ SavePackage: Finished generating thumbnails for package [/Game/Portal/PortalGun]
[2018.11.08-20.07.59:823][288]LogSavePackage: Save=20.38ms
[2018.11.08-20.07.59:823][288]LogSavePackage: Moving '../../../../../../Users/pg14david/Documents/Unreal Projects/shooter/Saved/PortalGun_Auto2EC53C79B4D284809EAAFE5AC46564EF4.tmp' to '../../../../../../Users/pg14david/Documents/Unreal Projects/shooter/Saved/Autosaves/Game/Portal/PortalGun_Auto2.uasset'
[2018.11.08-20.07.59:828][288]LogSavePackage: Display: Finished SavePackage ../../../../../../Users/pg14david/Documents/Unreal Projects/shooter/Saved/Autosaves/Game/Portal/PortalGun_Auto2.uasset
[2018.11.08-20.07.59:828][288]LogFileHelpers: Auto-saving content packages took 0.088
[2018.11.08-20.08.34:772][453]LogSlate: FSceneViewport::OnFocusLost() reason 0
[2018.11.08-20.08.39:048][764]LogSlate: Window 'Save Content' being destroyed
[2018.11.08-20.08.39:303][764]LogSlate: Window 'shooter - Unreal Editor' being destroyed
[2018.11.08-20.08.39:529][765]Cmd: QUIT_EDITOR
[2018.11.08-20.08.39:570][765]LogWindowsTextInputMethodSystem: Display: IME system now deactivated.
[2018.11.08-20.08.39:588][765]LogSlate: Slate User Destroyed.  User Index 0, Is Virtual User: 0
[2018.11.08-20.08.39:588][765]LogExit: Preparing to exit.
[2018.11.08-20.08.40:260][765]LogDirectoryWatcher: A directory notification for 'C:/Users/pg14david/Documents/Unreal Projects/shooter/Content/' was aborted.
[2018.11.08-20.08.40:327][765]LogExit: Editor shut down
[2018.11.08-20.08.40:336][765]LogExit: Transaction tracking system shut down
[2018.11.08-20.08.40:337][765]LogUObjectGlobals: Destroyed PersistentFrame Addr=0x000002a188c561b0, Size=72
[2018.11.08-20.08.40:338][765]LogUObjectGlobals: Destroyed PersistentFrame Addr=0x000002a1b8a80818, Size=4
[2018.11.08-20.08.40:338][765]LogUObjectGlobals: Destroyed PersistentFrame Addr=0x000002a1b8a809b8, Size=4
[2018.11.08-20.08.40:338][765]LogUObjectGlobals: Destroyed PersistentFrame Addr=0x000002a18c6a0f40, Size=264
[2018.11.08-20.08.40:338][765]LogUObjectGlobals: Destroyed PersistentFrame Addr=0x000002a18c6a0e00, Size=264
[2018.11.08-20.08.40:373][765]LogUObjectGlobals: Destroyed PersistentFrame Addr=0x000002a1fa694680, Size=160
[2018.11.08-20.08.40:374][765]LogUObjectGlobals: Destroyed PersistentFrame Addr=0x000002a18a660c98, Size=40
[2018.11.08-20.08.40:374][765]LogUObjectGlobals: Destroyed PersistentFrame Addr=0x000002a1f5a11440, Size=312
[2018.11.08-20.08.40:374][765]LogUObjectGlobals: Destroyed PersistentFrame Addr=0x000002a18c8eeb80, Size=64
[2018.11.08-20.08.40:503][765]LogDirectoryWatcher: A directory notification for '../../../Engine/Content/' was aborted.
[2018.11.08-20.08.40:503][765]LogDirectoryWatcher: A directory notification for '../../../../../../Users/pg14david/Documents/Unreal Projects/shooter/Content/' was aborted.
[2018.11.08-20.08.40:503][765]LogDirectoryWatcher: A directory notification for '../../Plugins/2D/Paper2D/Content/' was aborted.
[2018.11.08-20.08.40:503][765]LogDirectoryWatcher: A directory notification for '../../Plugins/Enterprise/DatasmithContent/Content/' was aborted.
[2018.11.08-20.08.40:503][765]LogDirectoryWatcher: A directory notification for '../../Plugins/Media/MediaCompositing/Content/' was aborted.
[2018.11.08-20.08.40:503][765]LogDirectoryWatcher: A directory notification for '../../Plugins/Runtime/AppleARKit/Content/' was aborted.
[2018.11.08-20.08.40:503][765]LogDirectoryWatcher: A directory notification for '../../Plugins/Runtime/Oculus/OculusVR/Content/' was aborted.
[2018.11.08-20.08.40:503][765]LogDirectoryWatcher: A directory notification for '../../Plugins/Runtime/Steam/SteamVR/Content/' was aborted.
[2018.11.08-20.08.40:567][765]LogExit: Object subsystem successfully closed.
[2018.11.08-20.08.40:590][765]LogShaderCompilers: Display: Shaders left to compile 0
[2018.11.08-20.08.40:596][765]LogD3D11RHI: Shutdown
[2018.11.08-20.08.40:596][765]LogD3D11RHI: CleanupD3DDevice
[2018.11.08-20.08.40:602][765]LogD3D11RHI: ~FD3D11DynamicRHI
[2018.11.08-20.08.40:618][765]LogModuleManager: Shutting down and abandoning module StaticMeshEditor (578)
[2018.11.08-20.08.40:618][765]LogModuleManager: Shutting down and abandoning module HierarchicalLODOutliner (576)
[2018.11.08-20.08.40:618][765]LogModuleManager: Shutting down and abandoning module SceneOutliner (574)
[2018.11.08-20.08.40:618][765]LogModuleManager: Shutting down and abandoning module AddContentDialog (572)
[2018.11.08-20.08.40:618][765]LogDirectoryWatcher: A directory notification for 'C:/Program Files/Epic Games/UE_4.19/FeaturePacks/' was aborted.
[2018.11.08-20.08.40:622][765]LogModuleManager: Shutting down and abandoning module WidgetCarousel (571)
[2018.11.08-20.08.40:622][765]LogModuleManager: Shutting down and abandoning module EditorWidgets (568)
[2018.11.08-20.08.40:622][765]LogModuleManager: Shutting down and abandoning module CollectionManager (566)
[2018.11.08-20.08.40:622][765]LogDirectoryWatcher: A directory notification for 'C:/Users/pg14david/Documents/Unreal Projects/shooter/Content/Collections/' was aborted.
[2018.11.08-20.08.40:622][765]LogDirectoryWatcher: A directory notification for 'C:/Users/pg14david/Documents/Unreal Projects/shooter/Content/Developers/pg14david/Collections/' was aborted.
[2018.11.08-20.08.40:623][765]LogDirectoryWatcher: A directory notification for 'C:/Users/pg14david/Documents/Unreal Projects/shooter/Saved/Collections/' was aborted.
[2018.11.08-20.08.40:623][765]LogModuleManager: Shutting down and abandoning module HierarchicalLODUtilities (564)
[2018.11.08-20.08.40:623][765]LogModuleManager: Shutting down and abandoning module StatsViewer (562)
[2018.11.08-20.08.40:623][765]LogModuleManager: Shutting down and abandoning module FoliageEdit (560)
[2018.11.08-20.08.40:623][765]LogModuleManager: Shutting down and abandoning module LandscapeEditor (558)
[2018.11.08-20.08.40:623][765]LogModuleManager: Shutting down and abandoning module MeshPaintMode (556)
[2018.11.08-20.08.40:624][765]LogModuleManager: Shutting down and abandoning module SceneDepthPickerMode (554)
[2018.11.08-20.08.40:624][765]LogModuleManager: Shutting down and abandoning module ActorPickerMode (552)
[2018.11.08-20.08.40:624][765]LogModuleManager: Shutting down and abandoning module GeometryMode (550)
[2018.11.08-20.08.40:624][765]LogModuleManager: Shutting down and abandoning module TextureAlignMode (548)
[2018.11.08-20.08.40:624][765]LogModuleManager: Shutting down and abandoning module BspMode (546)
[2018.11.08-20.08.40:624][765]LogModuleManager: Shutting down and abandoning module PIEPreviewDeviceProfileSelector (544)
[2018.11.08-20.08.40:624][765]LogModuleManager: Shutting down and abandoning module HardwareSurvey (542)
[2018.11.08-20.08.40:624][765]LogModuleManager: Shutting down and abandoning module SequenceRecorderSections (540)
[2018.11.08-20.08.40:624][765]LogModuleManager: Shutting down and abandoning module AutomationWorker (538)
[2018.11.08-20.08.40:624][765]LogModuleManager: Shutting down and abandoning module AudioCaptureEditor (536)
[2018.11.08-20.08.40:624][765]LogModuleManager: Shutting down and abandoning module SequenceRecorder (535)
[2018.11.08-20.08.40:624][765]LogModuleManager: Shutting down and abandoning module MatineeToLevelSequence (532)
[2018.11.08-20.08.40:624][765]LogModuleManager: Shutting down and abandoning module LevelSequenceEditor (530)
[2018.11.08-20.08.40:624][765]LogModuleManager: Shutting down and abandoning module PlacementMode (529)
[2018.11.08-20.08.40:625][765]LogModuleManager: Shutting down and abandoning module MaterialEditor (528)
[2018.11.08-20.08.40:625][765]LogModuleManager: Shutting down and abandoning module WmfMediaFactory (524)
[2018.11.08-20.08.40:625][765]LogModuleManager: Shutting down and abandoning module WmfMediaEditor (522)
[2018.11.08-20.08.40:625][765]LogModuleManager: Shutting down and abandoning module MediaPlayerEditor (520)
[2018.11.08-20.08.40:625][765]LogModuleManager: Shutting down and abandoning module OpenExrWrapper (518)
[2018.11.08-20.08.40:625][765]LogModuleManager: Shutting down and abandoning module ImgMediaFactory (516)
[2018.11.08-20.08.40:625][765]LogModuleManager: Shutting down and abandoning module ImgMediaEditor (514)
[2018.11.08-20.08.40:625][765]LogModuleManager: Shutting down and abandoning module AvfMediaFactory (512)
[2018.11.08-20.08.40:625][765]LogModuleManager: Shutting down and abandoning module AvfMediaEditor (510)
[2018.11.08-20.08.40:625][765]LogModuleManager: Shutting down and abandoning module AndroidMediaFactory (508)
[2018.11.08-20.08.40:625][765]LogModuleManager: Shutting down and abandoning module AndroidMediaEditor (506)
[2018.11.08-20.08.40:625][765]LogModuleManager: Shutting down and abandoning module CharacterAI (504)
[2018.11.08-20.08.40:625][765]LogModuleManager: Shutting down and abandoning module SmartSnapping (502)
[2018.11.08-20.08.40:625][765]LogModuleManager: Shutting down and abandoning module SessionServices (500)
[2018.11.08-20.08.40:625][765]LogModuleManager: Shutting down and abandoning module ViewportSnapping (498)
[2018.11.08-20.08.40:625][765]LogModuleManager: Shutting down and abandoning module ViewportInteraction (496)
[2018.11.08-20.08.40:626][765]LogModuleManager: Shutting down and abandoning module ClothPainter (494)
[2018.11.08-20.08.40:626][765]LogModuleManager: Shutting down and abandoning module SkeletalMeshEditor (493)
[2018.11.08-20.08.40:626][765]LogModuleManager: Shutting down and abandoning module LogVisualizer (490)
[2018.11.08-20.08.40:626][765]LogModuleManager: Shutting down and abandoning module IntroTutorials (488)
[2018.11.08-20.08.40:626][765]LogModuleManager: Shutting down and abandoning module GameProjectGeneration (487)
[2018.11.08-20.08.40:626][765]LogModuleManager: Shutting down and abandoning module IOSPlatformEditor (484)
[2018.11.08-20.08.40:626][765]LogModuleManager: Shutting down and abandoning module HTML5PlatformEditor (482)
[2018.11.08-20.08.40:626][765]LogModuleManager: Shutting down and abandoning module AndroidPlatformEditor (480)
[2018.11.08-20.08.40:627][765]LogModuleManager: Shutting down and abandoning module AndroidDeviceDetection (479)
[2018.11.08-20.08.40:907][765]LogModuleManager: Shutting down and abandoning module WindowsPlatformEditor (476)
[2018.11.08-20.08.40:907][765]LogModuleManager: Shutting down and abandoning module IOSRuntimeSettings (474)
[2018.11.08-20.08.40:907][765]LogModuleManager: Shutting down and abandoning module AndroidRuntimeSettings (472)
[2018.11.08-20.08.40:907][765]LogModuleManager: Shutting down and abandoning module InputBindingEditor (470)
[2018.11.08-20.08.40:907][765]LogModuleManager: Shutting down and abandoning module MergeActors (468)
[2018.11.08-20.08.40:907][765]LogModuleManager: Shutting down and abandoning module LocalizationDashboard (466)
[2018.11.08-20.08.40:907][765]LogModuleManager: Shutting down and abandoning module LocalizationService (465)
[2018.11.08-20.08.40:907][765]LogModuleManager: Shutting down and abandoning module HardwareTargeting (462)
[2018.11.08-20.08.40:907][765]LogModuleManager: Shutting down and abandoning module DeviceProfileEditor (460)
[2018.11.08-20.08.40:908][765]LogModuleManager: Shutting down and abandoning module UndoHistory (458)
[2018.11.08-20.08.40:908][765]LogModuleManager: Shutting down and abandoning module XmlParser (456)
[2018.11.08-20.08.40:908][765]LogModuleManager: Shutting down and abandoning module Blutility (454)
[2018.11.08-20.08.40:908][765]LogModuleManager: Shutting down and abandoning module ProjectSettingsViewer (452)
[2018.11.08-20.08.40:908][765]LogModuleManager: Shutting down and abandoning module ProjectTargetPlatformEditor (451)
[2018.11.08-20.08.40:908][765]LogModuleManager: Shutting down and abandoning module EditorSettingsViewer (448)
[2018.11.08-20.08.40:908][765]LogModuleManager: Shutting down and abandoning module SettingsEditor (446)
[2018.11.08-20.08.40:908][765]LogModuleManager: Shutting down and abandoning module ProjectLauncher (444)
[2018.11.08-20.08.40:908][765]LogModuleManager: Shutting down and abandoning module SessionFrontend (442)
[2018.11.08-20.08.40:908][765]LogModuleManager: Shutting down and abandoning module ProfilerClient (440)
[2018.11.08-20.08.40:909][765]LogModuleManager: Shutting down and abandoning module DeviceManager (438)
[2018.11.08-20.08.40:909][765]LogModuleManager: Shutting down and abandoning module TargetDeviceServices (437)
[2018.11.08-20.08.40:975][765]LogModuleManager: Shutting down and abandoning module AutomationController (434)
[2018.11.08-20.08.40:975][765]LogModuleManager: Shutting down and abandoning module AutomationWindow (432)
[2018.11.08-20.08.40:975][765]LogModuleManager: Shutting down and abandoning module Layers (430)
[2018.11.08-20.08.40:975][765]LogModuleManager: Shutting down and abandoning module ComponentVisualizers (428)
[2018.11.08-20.08.40:975][765]LogModuleManager: Shutting down and abandoning module DetailCustomizations (426)
[2018.11.08-20.08.40:975][765]LogModuleManager: Shutting down and abandoning module PackagesDialog (424)
[2018.11.08-20.08.40:976][765]LogModuleManager: Shutting down and abandoning module Persona (422)
[2018.11.08-20.08.40:976][765]LogModuleManager: Shutting down and abandoning module AdvancedPreviewScene (421)
[2018.11.08-20.08.40:976][765]LogModuleManager: Shutting down and abandoning module AnimGraph (419)
[2018.11.08-20.08.40:976][765]LogModuleManager: Shutting down and abandoning module Kismet (416)
[2018.11.08-20.08.40:977][765]LogModuleManager: Shutting down and abandoning module GraphEditor (414)
[2018.11.08-20.08.40:978][765]LogModuleManager: Shutting down and abandoning module ClassViewer (412)
[2018.11.08-20.08.40:978][765]LogModuleManager: Shutting down and abandoning module Toolbox (410)
[2018.11.08-20.08.40:978][765]LogModuleManager: Shutting down and abandoning module ModuleUI (408)
[2018.11.08-20.08.40:978][765]LogModuleManager: Shutting down and abandoning module MovieSceneTools (406)
[2018.11.08-20.08.40:978][765]LogModuleManager: Shutting down and abandoning module OutputLog (404)
[2018.11.08-20.08.40:978][765]LogModuleManager: Shutting down and abandoning module GammaUI (402)
[2018.11.08-20.08.40:978][765]LogModuleManager: Shutting down and abandoning module Documentation (400)
[2018.11.08-20.08.40:978][765]LogModuleManager: Shutting down and abandoning module MovieSceneTracks (398)
[2018.11.08-20.08.40:978][765]LogModuleManager: Shutting down and abandoning module MovieScene (396)
[2018.11.08-20.08.40:978][765]LogModuleManager: Shutting down and abandoning module StreamingPauseRendering (394)
[2018.11.08-20.08.40:978][765]LogModuleManager: Shutting down and abandoning module LauncherPlatform (392)
[2018.11.08-20.08.40:978][765]LogModuleManager: Shutting down and abandoning module AnalyticsET (390)
[2018.11.08-20.08.40:979][765]LogModuleManager: Shutting down and abandoning module PortalServices (388)
[2018.11.08-20.08.40:979][765]LogModuleManager: Shutting down and abandoning module PortalRpc (386)
[2018.11.08-20.08.40:979][765]LogModuleManager: Shutting down and abandoning module MessagingRpc (384)
[2018.11.08-20.08.40:979][765]LogModuleManager: Shutting down and abandoning module AIModule (382)
[2018.11.08-20.08.40:979][765]LogModuleManager: Shutting down and abandoning module GameplayDebugger (381)
[2018.11.08-20.08.40:979][765]LogModuleManager: Shutting down and abandoning module AITestSuite (379)
[2018.11.08-20.08.40:979][765]LogModuleManager: Shutting down and abandoning module DesktopPlatform (376)
[2018.11.08-20.08.40:979][765]LogModuleManager: Shutting down and abandoning module ProfilerService (374)
[2018.11.08-20.08.41:173][765]LogModuleManager: Shutting down and abandoning module TaskGraph (372)
[2018.11.08-20.08.41:173][765]LogModuleManager: Shutting down and abandoning module SteamVRController (370)
[2018.11.08-20.08.41:173][765]LogModuleManager: Shutting down and abandoning module ProceduralMeshComponentEditor (368)
[2018.11.08-20.08.41:173][765]LogModuleManager: Shutting down and abandoning module ProceduralMeshComponent (366)
[2018.11.08-20.08.41:173][765]LogModuleManager: Shutting down and abandoning module OculusInput (364)
[2018.11.08-20.08.41:173][765]LogModuleManager: Shutting down and abandoning module MobilePatchingUtils (362)
[2018.11.08-20.08.41:173][765]LogModuleManager: Shutting down and abandoning module CustomMeshComponent (360)
[2018.11.08-20.08.41:173][765]LogModuleManager: Shutting down and abandoning module CableComponent (358)
[2018.11.08-20.08.41:173][765]LogModuleManager: Shutting down and abandoning module AudioCapture (356)
[2018.11.08-20.08.41:173][765]LogModuleManager: Shutting down and abandoning module ArchVisCharacter (354)
[2018.11.08-20.08.41:173][765]LogModuleManager: Shutting down and abandoning module AndroidPermission (352)
[2018.11.08-20.08.41:173][765]LogModuleManager: Shutting down and abandoning module NUTUnrealEngine4 (348)
[2018.11.08-20.08.41:173][765]LogModuleManager: Shutting down and abandoning module NetcodeUnitTest (346)
[2018.11.08-20.08.41:174][765]LogModuleManager: Shutting down and abandoning module MediaCompositingEditor (344)
[2018.11.08-20.08.41:174][765]LogModuleManager: Shutting down and abandoning module MediaCompositing (342)
[2018.11.08-20.08.41:174][765]LogModuleManager: Shutting down and abandoning module LinearTimecode (340)
[2018.11.08-20.08.41:174][765]LogModuleManager: Shutting down and abandoning module ImgMedia (338)
[2018.11.08-20.08.41:180][765]LogModuleManager: Shutting down and abandoning module HTML5Networking (336)
[2018.11.08-20.08.41:180][765]LogModuleManager: Shutting down and abandoning module AlembicImporter (334)
[2018.11.08-20.08.41:180][765]LogModuleManager: Shutting down and abandoning module AlembicLibrary (333)
[2018.11.08-20.08.41:181][765]LogModuleManager: Shutting down and abandoning module GeometryCache (332)
[2018.11.08-20.08.41:181][765]LogModuleManager: Shutting down and abandoning module GeometryCacheEd (331)
[2018.11.08-20.08.41:181][765]LogModuleManager: Shutting down and abandoning module DatasmithContent (326)
[2018.11.08-20.08.41:181][765]LogModuleManager: Shutting down and abandoning module SpeedTreeImporter (324)
[2018.11.08-20.08.41:181][765]LogModuleManager: Shutting down and abandoning module PluginBrowser (322)
[2018.11.08-20.08.41:181][765]LogModuleManager: Shutting down and abandoning module MobileLauncherProfileWizard (320)
[2018.11.08-20.08.41:181][765]LogModuleManager: Shutting down and abandoning module CryptoKeysOpenSSL (318)
[2018.11.08-20.08.41:181][765]LogModuleManager: Shutting down and abandoning module CryptoKeys (316)
[2018.11.08-20.08.41:181][765]LogModuleManager: Shutting down and abandoning module VisualStudioSourceCodeAccess (314)
[2018.11.08-20.08.41:181][765]LogModuleManager: Shutting down and abandoning module VisualStudioCodeSourceCodeAccess (312)
[2018.11.08-20.08.41:181][765]LogModuleManager: Shutting down and abandoning module UObjectPlugin (310)
[2018.11.08-20.08.41:181][765]LogModuleManager: Shutting down and abandoning module SubversionSourceControl (308)
[2018.11.08-20.08.41:181][765]LogModuleManager: Shutting down and abandoning module PerforceSourceControl (306)
[2018.11.08-20.08.41:182][765]LogModuleManager: Shutting down and abandoning module GitSourceControl (304)
[2018.11.08-20.08.41:182][765]LogModuleManager: Shutting down and abandoning module SourceControl (303)
[2018.11.08-20.08.41:182][765]LogModuleManager: Shutting down and abandoning module CLionSourceCodeAccess (300)
[2018.11.08-20.08.41:182][765]LogModuleManager: Shutting down and abandoning module LightPropagationVolumeEditor (298)
[2018.11.08-20.08.41:182][765]LogModuleManager: Shutting down and abandoning module PaperTiledImporter (296)
[2018.11.08-20.08.41:182][765]LogModuleManager: Shutting down and abandoning module PaperSpriteSheetImporter (294)
[2018.11.08-20.08.41:182][765]LogModuleManager: Shutting down and abandoning module Paper2DEditor (292)
[2018.11.08-20.08.41:182][765]LogModuleManager: Shutting down and abandoning module MeshPaint (291)
[2018.11.08-20.08.41:182][765]LogModuleManager: Shutting down and abandoning module RuntimePhysXCooking (288)
[2018.11.08-20.08.41:182][765]LogModuleManager: Shutting down and abandoning module PhysXVehiclesEditor (286)
[2018.11.08-20.08.41:182][765]LogModuleManager: Shutting down and abandoning module PhysXVehicles (284)
[2018.11.08-20.08.41:182][765]LogModuleManager: Shutting down and abandoning module OculusEditor (282)
[2018.11.08-20.08.41:183][765]LogModuleManager: Shutting down and abandoning module LocationServicesBPLibrary (280)
[2018.11.08-20.08.41:183][765]LogModuleManager: Shutting down and abandoning module ImmediatePhysicsEditor (278)
[2018.11.08-20.08.41:183][765]LogModuleManager: Shutting down and abandoning module ImmediatePhysics (276)
[2018.11.08-20.08.41:183][765]LogModuleManager: Shutting down and abandoning module ActorSequence (274)
[2018.11.08-20.08.41:183][765]LogModuleManager: Shutting down and abandoning module UdpMessaging (272)
[2018.11.08-20.08.41:284][765]LogModuleManager: Shutting down and abandoning module TcpMessaging (270)
[2018.11.08-20.08.41:385][765]LogModuleManager: Shutting down and abandoning module GameplayTagsEditor (268)
[2018.11.08-20.08.41:385][765]LogModuleManager: Shutting down and abandoning module FacialAnimationEditor (266)
[2018.11.08-20.08.41:385][765]LogModuleManager: Shutting down and abandoning module FacialAnimation (264)
[2018.11.08-20.08.41:385][765]LogModuleManager: Shutting down and abandoning module DataValidation (262)
[2018.11.08-20.08.41:385][765]LogModuleManager: Shutting down and abandoning module AssetManagerEditor (260)
[2018.11.08-20.08.41:385][765]LogModuleManager: Shutting down and abandoning module LevelEditor (259)
[2018.11.08-20.08.41:387][765]LogModuleManager: Shutting down and abandoning module PixelInspectorModule (258)
[2018.11.08-20.08.41:387][765]LogModuleManager: Shutting down and abandoning module CommonMenuExtensions (256)
[2018.11.08-20.08.41:388][765]LogModuleManager: Shutting down and abandoning module MainFrame (254)
[2018.11.08-20.08.41:388][765]LogModuleManager: Shutting down and abandoning module HotReload (253)
[2018.11.08-20.08.41:391][765]LogModuleManager: Shutting down and abandoning module ContentBrowser (249)
[2018.11.08-20.08.41:394][765]LogModuleManager: Shutting down and abandoning module TreeMap (247)
[2018.11.08-20.08.41:394][765]LogModuleManager: Shutting down and abandoning module LightPropagationVolumeRuntime (244)
[2018.11.08-20.08.41:394][765]LogModuleManager: Shutting down and abandoning module LiveLinkEditor (242)
[2018.11.08-20.08.41:394][765]LogModuleManager: Shutting down and abandoning module LiveLink (240)
[2018.11.08-20.08.41:526][765]LogModuleManager: Shutting down and abandoning module Paper2D (238)
[2018.11.08-20.08.41:526][765]LogModuleManager: Shutting down and abandoning module WindowsMoviePlayer (236)
[2018.11.08-20.08.41:526][765]LogModuleManager: Shutting down and abandoning module WmfMedia (234)
[2018.11.08-20.08.41:527][765]LogModuleManager: Shutting down and abandoning module Media (233)
[2018.11.08-20.08.41:534][765]LogModuleManager: Shutting down and abandoning module PacketHandler (230)
[2018.11.08-20.08.41:534][765]LogModuleManager: Shutting down and abandoning module ClothingSystemEditor (228)
[2018.11.08-20.08.41:534][765]LogModuleManager: Shutting down and abandoning module ClothingSystemRuntime (226)
[2018.11.08-20.08.41:534][765]LogModuleManager: Shutting down and abandoning module MediaAssets (224)
[2018.11.08-20.08.41:534][765]LogModuleManager: Shutting down and abandoning module Overlay (222)
[2018.11.08-20.08.41:534][765]LogModuleManager: Shutting down and abandoning module OverlayEditor (221)
[2018.11.08-20.08.41:534][765]LogModuleManager: Shutting down and abandoning module VREditor (218)
[2018.11.08-20.08.41:534][765]LogModuleManager: Shutting down and abandoning module StringTableEditor (216)
[2018.11.08-20.08.41:534][765]LogModuleManager: Shutting down and abandoning module GameplayTasksEditor (214)
[2018.11.08-20.08.41:534][765]LogModuleManager: Shutting down and abandoning module BehaviorTreeEditor (212)
[2018.11.08-20.08.41:534][765]LogModuleManager: Shutting down and abandoning module FunctionalTesting (210)
[2018.11.08-20.08.41:534][765]LogModuleManager: Shutting down and abandoning module CollisionAnalyzer (208)
[2018.11.08-20.08.41:535][765]LogModuleManager: Shutting down and abandoning module WorkspaceMenuStructure (207)
[2018.11.08-20.08.41:535][765]LogModuleManager: Shutting down and abandoning module UMG (204)
[2018.11.08-20.08.41:535][765]LogModuleManager: Shutting down and abandoning module UMGEditor (203)
[2018.11.08-20.08.41:535][765]LogModuleManager: Shutting down and abandoning module Sequencer (202)
[2018.11.08-20.08.41:535][765]LogModuleManager: Shutting down and abandoning module MessageLog (199)
[2018.11.08-20.08.41:535][765]LogModuleManager: Shutting down and abandoning module SlateReflector (194)
[2018.11.08-20.08.41:535][765]LogModuleManager: Shutting down and abandoning module Slate (192)
[2018.11.08-20.08.41:535][765]LogModuleManager: Shutting down and abandoning module EditorStyle (190)
[2018.11.08-20.08.41:539][765]LogModuleManager: Shutting down and abandoning module MRMesh (188)
[2018.11.08-20.08.41:539][765]LogModuleManager: Shutting down and abandoning module SourceCodeAccess (186)
[2018.11.08-20.08.41:539][765]LogModuleManager: Shutting down and abandoning module HeadMountedDisplay (184)
[2018.11.08-20.08.41:539][765]LogModuleManager: Shutting down and abandoning module XAudio2 (182)
[2018.11.08-20.08.41:539][765]LogModuleManager: Shutting down and abandoning module Networking (180)
[2018.11.08-20.08.41:539][765]LogModuleManager: Shutting down and abandoning module Core (178)
[2018.11.08-20.08.41:540][765]LogModuleManager: Shutting down and abandoning module LevelSequence (176)
[2018.11.08-20.08.41:540][765]LogModuleManager: Shutting down and abandoning module KismetCompiler (174)
[2018.11.08-20.08.41:540][765]LogModuleManager: Shutting down and abandoning module MeshUtilities (172)
[2018.11.08-20.08.41:540][765]LogModuleManager: Shutting down and abandoning module MeshMergeUtilities (171)
[2018.11.08-20.08.41:540][765]LogModuleManager: Shutting down and abandoning module MeshReductionInterface (170)
[2018.11.08-20.08.41:540][765]LogModuleManager: Shutting down and abandoning module SimplygonSwarm (169)
[2018.11.08-20.08.41:540][765]LogModuleManager: Shutting down and abandoning module SimplygonMeshReduction (167)
[2018.11.08-20.08.41:540][765]LogModuleManager: Shutting down and abandoning module QuadricMeshReduction (165)
[2018.11.08-20.08.41:540][765]LogModuleManager: Shutting down and abandoning module MaterialBaking (161)
[2018.11.08-20.08.41:540][765]LogModuleManager: Shutting down and abandoning module DirectoryWatcher (157)
[2018.11.08-20.08.41:544][765]LogModuleManager: Shutting down and abandoning module DerivedDataCache (154)
[2018.11.08-20.08.41:586][765]LogDerivedDataCache: Shutdown
[2018.11.08-20.08.41:586][765]LogModuleManager: Shutting down and abandoning module XGEController (152)
[2018.11.08-20.08.41:586][765]LogModuleManager: Shutting down and abandoning module TargetPlatform (150)
[2018.11.08-20.08.41:586][765]LogModuleManager: Shutting down and abandoning module VulkanShaderFormat (149)
[2018.11.08-20.08.41:587][765]LogModuleManager: Shutting down and abandoning module ShaderFormatVectorVM (147)
[2018.11.08-20.08.41:587][765]LogModuleManager: Shutting down and abandoning module ShaderFormatOpenGL (145)
[2018.11.08-20.08.41:587][765]LogModuleManager: Shutting down and abandoning module ShaderFormatD3D (143)
[2018.11.08-20.08.41:587][765]LogModuleManager: Shutting down and abandoning module MetalShaderFormat (141)
[2018.11.08-20.08.41:587][765]LogModuleManager: Shutting down and abandoning module TextureFormatUncompressed (139)
[2018.11.08-20.08.41:587][765]LogModuleManager: Shutting down and abandoning module TextureFormatPVR (137)
[2018.11.08-20.08.41:587][765]LogModuleManager: Shutting down and abandoning module TextureFormatDXT (135)
[2018.11.08-20.08.41:587][765]LogModuleManager: Shutting down and abandoning module TextureFormatIntelISPCTexComp (133)
[2018.11.08-20.08.41:588][765]LogModuleManager: Shutting down and abandoning module TextureFormatASTC (131)
[2018.11.08-20.08.41:588][765]LogModuleManager: Shutting down and abandoning module ImageWrapper (130)
[2018.11.08-20.08.41:588][765]LogModuleManager: Shutting down and abandoning module TextureFormatAndroid (127)
[2018.11.08-20.08.41:588][765]LogModuleManager: Shutting down and abandoning module AudioFormatOpus (125)
[2018.11.08-20.08.41:588][765]LogModuleManager: Shutting down and abandoning module AudioFormatOgg (123)
[2018.11.08-20.08.41:588][765]LogModuleManager: Shutting down and abandoning module AudioFormatADPCM (121)
[2018.11.08-20.08.41:588][765]LogModuleManager: Shutting down and abandoning module LinuxTargetPlatform (119)
[2018.11.08-20.08.41:588][765]LogModuleManager: Shutting down and abandoning module LinuxServerTargetPlatform (117)
[2018.11.08-20.08.41:588][765]LogModuleManager: Shutting down and abandoning module LinuxNoEditorTargetPlatform (115)
[2018.11.08-20.08.41:588][765]LogModuleManager: Shutting down and abandoning module LinuxClientTargetPlatform (113)
[2018.11.08-20.08.41:588][765]LogModuleManager: Shutting down and abandoning module TVOSTargetPlatform (111)
[2018.11.08-20.08.41:588][765]LogModuleManager: Shutting down and abandoning module Messaging (109)
[2018.11.08-20.08.41:588][765]LogModuleManager: Shutting down and abandoning module IOSTargetPlatform (107)
[2018.11.08-20.08.41:588][765]LogModuleManager: Shutting down and abandoning module HTML5TargetPlatform (105)
[2018.11.08-20.08.41:588][765]LogModuleManager: Shutting down and abandoning module AndroidTargetPlatform (103)
[2018.11.08-20.08.41:588][765]LogModuleManager: Shutting down and abandoning module Android_PVRTCTargetPlatform (101)
[2018.11.08-20.08.41:588][765]LogModuleManager: Shutting down and abandoning module Android_MultiTargetPlatform (99)
[2018.11.08-20.08.41:588][765]LogModuleManager: Shutting down and abandoning module Android_ETC2TargetPlatform (97)
[2018.11.08-20.08.41:588][765]LogModuleManager: Shutting down and abandoning module Android_ETC1TargetPlatform (95)
[2018.11.08-20.08.41:589][765]LogModuleManager: Shutting down and abandoning module Android_ETC1aTargetPlatform (93)
[2018.11.08-20.08.41:589][765]LogModuleManager: Shutting down and abandoning module Android_DXTTargetPlatform (91)
[2018.11.08-20.08.41:589][765]LogModuleManager: Shutting down and abandoning module Android_ATCTargetPlatform (89)
[2018.11.08-20.08.41:589][765]LogModuleManager: Shutting down and abandoning module Android_ASTCTargetPlatform (87)
[2018.11.08-20.08.41:589][765]LogModuleManager: Shutting down and abandoning module WindowsTargetPlatform (85)
[2018.11.08-20.08.41:589][765]LogModuleManager: Shutting down and abandoning module WindowsServerTargetPlatform (83)
[2018.11.08-20.08.41:589][765]LogModuleManager: Shutting down and abandoning module WindowsNoEditorTargetPlatform (81)
[2018.11.08-20.08.41:589][765]LogModuleManager: Shutting down and abandoning module WindowsClientTargetPlatform (79)
[2018.11.08-20.08.41:589][765]LogModuleManager: Shutting down and abandoning module MacTargetPlatform (77)
[2018.11.08-20.08.41:589][765]LogModuleManager: Shutting down and abandoning module MacServerTargetPlatform (75)
[2018.11.08-20.08.41:589][765]LogModuleManager: Shutting down and abandoning module MacNoEditorTargetPlatform (73)
[2018.11.08-20.08.41:589][765]LogModuleManager: Shutting down and abandoning module MacClientTargetPlatform (71)
[2018.11.08-20.08.41:589][765]LogModuleManager: Shutting down and abandoning module AllDesktopTargetPlatform (69)
[2018.11.08-20.08.41:589][765]LogModuleManager: Shutting down and abandoning module InputCore (66)
[2018.11.08-20.08.41:589][765]LogModuleManager: Shutting down and abandoning module Settings (64)
[2018.11.08-20.08.41:589][765]LogModuleManager: Shutting down and abandoning module PhysXCooking (62)
[2018.11.08-20.08.41:589][765]LogModuleManager: Shutting down and abandoning module SteamVR (60)
[2018.11.08-20.08.41:589][765]LogModuleManager: Shutting down and abandoning module OculusHMD (58)
[2018.11.08-20.08.41:589][765]LogModuleManager: Shutting down and abandoning module ExampleDeviceProfileSelector (56)
[2018.11.08-20.08.41:590][765]LogModuleManager: Shutting down and abandoning module AppleARKit (54)
[2018.11.08-20.08.41:590][765]LogModuleManager: Shutting down and abandoning module AugmentedReality (51)
[2018.11.08-20.08.41:590][765]LogModuleManager: Shutting down and abandoning module OnlineBlueprintSupport (48)
[2018.11.08-20.08.41:590][765]LogModuleManager: Shutting down and abandoning module OnlineSubsystem (44)
[2018.11.08-20.08.41:590][765]LogModuleManager: Shutting down and abandoning module XMPP (43)
[2018.11.08-20.08.41:590][765]LogModuleManager: Shutting down and abandoning module HTTP (41)
[2018.11.08-20.08.41:590][765]LogHttp: Display: Http module shutting down, but needs to wait on 1 outstanding Http requests:
[2018.11.08-20.08.41:590][765]LogHttp: Display: 	verb=[POST] url=[https://datarouter.ol.epicgames.com/datarouter/api/v1/public/data?SessionID=%7B588D37BA-4F2C-ED88-62B2-BF91520F4E8D%7D&AppID=UEEditor.Rocket.Release&AppVersion=4.19.2-4033788%2B%2B%2BUE4%2BRelease-4.19&UserID=5fed7918430e0d0be0900ebc92b0112c%7C92c1e07cf3f040b195970cdbb717bdf7%7C445797b2-d549-4168-9964-6461e7047ad1&AppEnvironment=datacollector-binary&UploadType=eteventstream] status=Processing
[2018.11.08-20.08.41:613][765]LogModuleManager: Shutting down and abandoning module SSL (40)
[2018.11.08-20.08.41:617][765]LogModuleManager: Shutting down and abandoning module AnimationModifiers (36)
[2018.11.08-20.08.41:617][765]LogModuleManager: Shutting down and abandoning module PropertyEditor (35)
[2018.11.08-20.08.41:617][765]LogModuleManager: Shutting down and abandoning module AudioEditor (32)
[2018.11.08-20.08.41:617][765]LogModuleManager: Shutting down and abandoning module TextureCompressor (30)
[2018.11.08-20.08.41:618][765]LogModuleManager: Shutting down and abandoning module ShaderCore (28)
[2018.11.08-20.08.41:618][765]LogModuleManager: Shutting down and abandoning module Landscape (26)
[2018.11.08-20.08.41:618][765]LogModuleManager: Shutting down and abandoning module SlateRHIRenderer (24)
[2018.11.08-20.08.41:620][765]LogModuleManager: Shutting down and abandoning module OpenGLDrv (22)
[2018.11.08-20.08.41:620][765]LogModuleManager: Shutting down and abandoning module D3D11RHI (20)
[2018.11.08-20.08.41:620][765]LogModuleManager: Shutting down and abandoning module AnimGraphRuntime (18)
[2018.11.08-20.08.41:620][765]LogModuleManager: Shutting down and abandoning module Renderer (16)
[2018.11.08-20.08.41:620][765]LogModuleManager: Shutting down and abandoning module Engine (14)
[2018.11.08-20.08.41:620][765]LogModuleManager: Shutting down and abandoning module CoreUObject (12)
[2018.11.08-20.08.41:621][765]LogModuleManager: Shutting down and abandoning module NetworkFile (10)
[2018.11.08-20.08.41:621][765]LogModuleManager: Shutting down and abandoning module CookedIterativeFile (8)
[2018.11.08-20.08.41:621][765]LogModuleManager: Shutting down and abandoning module StreamingFile (6)
[2018.11.08-20.08.41:621][765]LogModuleManager: Shutting down and abandoning module SandboxFile (4)
[2018.11.08-20.08.41:621][765]LogModuleManager: Shutting down and abandoning module PakFile (2)
[2018.11.08-20.08.41:635][765]LogExit: Exiting.
[2018.11.08-20.08.41:690][765]Log file closed, 11/08/18 12:08:41
